2019-08-20 14:39:15,761 - robustness - INFO - Model graph was created
2019-08-20 14:39:15,768 - robustness - INFO - Created model successfully. Now going to load weights
2019-08-20 14:39:15,980 - robustness - INFO - Model was evaluated on benign data
2019-08-20 14:39:15,982 - robustness - INFO - ----Regular test accuracy and loss ----
2019-08-20 14:39:15,983 - robustness - INFO - (0.17103767, 0.9531)
2019-08-20 14:39:16,005 - robustness - INFO - Model was evaluated on benign data
2019-08-20 14:39:16,008 - robustness - INFO - ----Regular test accuracy and loss ----
2019-08-20 14:39:16,011 - robustness - INFO - (0.17103767, 0.9531)
2019-08-20 14:39:16,195 - robustness - INFO - Model is being evaluated on FGSM data
2019-08-20 14:39:16,212 - robustness - INFO - ----FGSM test accuracy and loss ----
2019-08-20 14:39:16,213 - robustness - INFO - (6.3987045, 0.0485)
2019-08-20 14:39:55,783 - robustness - INFO - Model graph was created
2019-08-20 14:39:55,790 - robustness - INFO - Created model successfully. Now going to load weights
2019-08-20 14:39:55,929 - robustness - INFO - Model was evaluated on benign data
2019-08-20 14:39:55,930 - robustness - INFO - ----Regular test accuracy and loss ----
2019-08-20 14:39:55,931 - robustness - INFO - (0.17103767, 0.9531)
2019-08-20 14:39:55,956 - robustness - INFO - Model was evaluated on benign data
2019-08-20 14:39:55,958 - robustness - INFO - ----Regular test accuracy and loss ----
2019-08-20 14:39:55,961 - robustness - INFO - (0.17103767, 0.9531)
2019-08-20 14:39:56,149 - robustness - INFO - Model is being evaluated on FGSM data
2019-08-20 14:39:56,163 - robustness - INFO - ----FGSM test accuracy and loss ----
2019-08-20 14:39:56,164 - robustness - INFO - (6.3987045, 0.0485)
2019-08-20 14:41:14,111 - robustness - INFO - Model graph was created
2019-08-20 14:41:14,117 - robustness - INFO - Created model successfully. Now going to load weights
2019-08-20 14:41:14,310 - robustness - INFO - Model was evaluated on benign data
2019-08-20 14:41:14,312 - robustness - INFO - ----Regular test accuracy and loss ----
2019-08-20 14:41:14,313 - robustness - INFO - (0.17103767, 0.9531)
2019-08-20 14:41:14,337 - robustness - INFO - Model was evaluated on benign data
2019-08-20 14:41:14,339 - robustness - INFO - ----Regular test accuracy and loss ----
2019-08-20 14:41:14,344 - robustness - INFO - (0.17103767, 0.9531)
2019-08-20 14:41:14,557 - robustness - INFO - Model is being evaluated on FGSM data
2019-08-20 14:41:14,574 - robustness - INFO - ----FGSM test accuracy and loss ----
2019-08-20 14:41:14,576 - robustness - INFO - (6.3987045, 0.0485)
2019-08-20 14:41:25,037 - robustness - INFO - Model graph was created
2019-08-20 14:41:25,045 - robustness - INFO - Created model successfully. Now going to load weights
2019-08-20 14:41:25,245 - robustness - INFO - Model was evaluated on benign data
2019-08-20 14:41:25,246 - robustness - INFO - ----Regular test accuracy and loss ----
2019-08-20 14:41:25,247 - robustness - INFO - (0.3424165, 0.8982)
2019-08-20 14:41:25,272 - robustness - INFO - Model was evaluated on benign data
2019-08-20 14:41:25,274 - robustness - INFO - ----Regular test accuracy and loss ----
2019-08-20 14:41:25,278 - robustness - INFO - (0.3424165, 0.8982)
2019-08-20 14:41:25,475 - robustness - INFO - Model is being evaluated on FGSM data
2019-08-20 14:41:25,492 - robustness - INFO - ----FGSM test accuracy and loss ----
2019-08-20 14:41:25,493 - robustness - INFO - (3.3301492, 0.3424)
2019-08-20 14:49:14,896 - robustness - INFO - Adversarial Training
2019-08-20 14:49:15,086 - robustness - INFO - Model graph was created
2019-08-20 14:50:30,345 - robustness - INFO - Model was trained on adversarial data
2019-08-20 14:50:30,407 - robustness - INFO - Model was evaluated on benign data
2019-08-20 14:50:30,647 - robustness - INFO - Model is being evaluated on FGSM data
2019-08-20 14:53:04,768 - robustness - INFO - Model graph was created
2019-08-20 14:53:04,773 - robustness - INFO - Created model successfully. Now going to load weights
2019-08-20 14:53:37,364 - robustness - INFO - Adversarial Training
2019-08-20 14:53:37,494 - robustness - INFO - Model graph was created
2019-08-20 14:54:26,174 - robustness - INFO - Adversarial Training
2019-08-20 14:54:26,293 - robustness - INFO - Model graph was created
2019-08-20 14:56:52,661 - robustness - INFO - Model graph was created
2019-08-20 14:56:52,672 - robustness - INFO - Created model successfully. Now going to load weights
