2019-08-21 09:27:53,267 - robustness - DEBUG - Initialized instance variables of the robust model class
2019-08-21 09:27:53,269 - robustness - DEBUG - Created placeholders for x and y
2019-08-21 09:27:53,433 - robustness - DEBUG - Created layers and tensor for logits
2019-08-21 09:27:53,451 - robustness - DEBUG - Added loss computation to the graph
2019-08-21 09:27:53,455 - robustness - DEBUG - Added accuracy computation to the graph
2019-08-21 09:27:53,456 - robustness - INFO - Model graph was created
2019-08-21 09:27:53,458 - robustness - INFO - Created model successfully. Now going to train
2019-08-21 09:27:58,918 - robustness - DEBUG - Epoch: 0001    cost: 2.347543478 
2019-08-21 09:27:58,919 - robustness - DEBUG - Accuracy on batch: 0.092417
2019-08-21 09:28:00,298 - robustness - DEBUG - Epoch: 0002    cost: 2.313298225 
2019-08-21 09:28:00,299 - robustness - DEBUG - Accuracy on batch: 0.079850
2019-08-21 09:28:01,612 - robustness - DEBUG - Epoch: 0003    cost: 2.306659937 
2019-08-21 09:28:01,612 - robustness - DEBUG - Accuracy on batch: 0.070550
2019-08-21 09:28:02,901 - robustness - DEBUG - Epoch: 0004    cost: 2.303366661 
2019-08-21 09:28:02,901 - robustness - DEBUG - Accuracy on batch: 0.111417
2019-08-21 09:28:04,202 - robustness - DEBUG - Epoch: 0005    cost: 2.300893307 
2019-08-21 09:28:04,202 - robustness - DEBUG - Accuracy on batch: 0.146533
2019-08-21 09:28:05,493 - robustness - DEBUG - Epoch: 0006    cost: 2.298264503 
2019-08-21 09:28:05,493 - robustness - DEBUG - Accuracy on batch: 0.153750
2019-08-21 09:28:06,800 - robustness - DEBUG - Epoch: 0007    cost: 2.295394897 
2019-08-21 09:28:06,800 - robustness - DEBUG - Accuracy on batch: 0.165733
2019-08-21 09:28:08,076 - robustness - DEBUG - Epoch: 0008    cost: 2.292292118 
2019-08-21 09:28:08,076 - robustness - DEBUG - Accuracy on batch: 0.171483
2019-08-21 09:28:09,369 - robustness - DEBUG - Epoch: 0009    cost: 2.288603306 
2019-08-21 09:28:09,370 - robustness - DEBUG - Accuracy on batch: 0.167850
2019-08-21 09:28:10,646 - robustness - DEBUG - Epoch: 0010    cost: 2.283357382 
2019-08-21 09:28:10,646 - robustness - DEBUG - Accuracy on batch: 0.168050
2019-08-21 09:28:11,924 - robustness - DEBUG - Epoch: 0011    cost: 2.276602507 
2019-08-21 09:28:11,924 - robustness - DEBUG - Accuracy on batch: 0.167250
2019-08-21 09:28:13,211 - robustness - DEBUG - Epoch: 0012    cost: 2.269540787 
2019-08-21 09:28:13,213 - robustness - DEBUG - Accuracy on batch: 0.170717
2019-08-21 09:28:14,497 - robustness - DEBUG - Epoch: 0013    cost: 2.261120081 
2019-08-21 09:28:14,497 - robustness - DEBUG - Accuracy on batch: 0.180600
2019-08-21 09:28:15,780 - robustness - DEBUG - Epoch: 0014    cost: 2.250381947 
2019-08-21 09:28:15,780 - robustness - DEBUG - Accuracy on batch: 0.186583
2019-08-21 09:28:17,074 - robustness - DEBUG - Epoch: 0015    cost: 2.237509966 
2019-08-21 09:28:17,074 - robustness - DEBUG - Accuracy on batch: 0.187400
2019-08-21 09:28:18,371 - robustness - DEBUG - Epoch: 0016    cost: 2.222520590 
2019-08-21 09:28:18,371 - robustness - DEBUG - Accuracy on batch: 0.194750
2019-08-21 09:28:19,661 - robustness - DEBUG - Epoch: 0017    cost: 2.204308748 
2019-08-21 09:28:19,661 - robustness - DEBUG - Accuracy on batch: 0.198367
2019-08-21 09:28:20,936 - robustness - DEBUG - Epoch: 0018    cost: 2.183217764 
2019-08-21 09:28:20,936 - robustness - DEBUG - Accuracy on batch: 0.203067
2019-08-21 09:28:22,229 - robustness - DEBUG - Epoch: 0019    cost: 2.160033226 
2019-08-21 09:28:22,229 - robustness - DEBUG - Accuracy on batch: 0.212283
2019-08-21 09:28:23,501 - robustness - DEBUG - Epoch: 0020    cost: 2.133537292 
2019-08-21 09:28:23,501 - robustness - DEBUG - Accuracy on batch: 0.227517
2019-08-21 09:28:24,804 - robustness - DEBUG - Epoch: 0021    cost: 2.103980303 
2019-08-21 09:28:24,805 - robustness - DEBUG - Accuracy on batch: 0.243883
2019-08-21 09:28:26,084 - robustness - DEBUG - Epoch: 0022    cost: 2.074779987 
2019-08-21 09:28:26,084 - robustness - DEBUG - Accuracy on batch: 0.260267
2019-08-21 09:28:27,373 - robustness - DEBUG - Epoch: 0023    cost: 2.047524214 
2019-08-21 09:28:27,373 - robustness - DEBUG - Accuracy on batch: 0.279200
2019-08-21 09:28:28,664 - robustness - DEBUG - Epoch: 0024    cost: 2.027105093 
2019-08-21 09:28:28,664 - robustness - DEBUG - Accuracy on batch: 0.283800
2019-08-21 09:28:29,970 - robustness - DEBUG - Epoch: 0025    cost: 2.009568691 
2019-08-21 09:28:29,970 - robustness - DEBUG - Accuracy on batch: 0.290450
2019-08-21 09:28:31,252 - robustness - DEBUG - Epoch: 0026    cost: 1.994917750 
2019-08-21 09:28:31,252 - robustness - DEBUG - Accuracy on batch: 0.319083
2019-08-21 09:28:32,549 - robustness - DEBUG - Epoch: 0027    cost: 1.985697389 
2019-08-21 09:28:32,549 - robustness - DEBUG - Accuracy on batch: 0.318933
2019-08-21 09:28:33,834 - robustness - DEBUG - Epoch: 0028    cost: 1.977764010 
2019-08-21 09:28:33,834 - robustness - DEBUG - Accuracy on batch: 0.313383
2019-08-21 09:28:35,112 - robustness - DEBUG - Epoch: 0029    cost: 1.970108390 
2019-08-21 09:28:35,113 - robustness - DEBUG - Accuracy on batch: 0.297733
2019-08-21 09:28:36,394 - robustness - DEBUG - Epoch: 0030    cost: 1.957558632 
2019-08-21 09:28:36,394 - robustness - DEBUG - Accuracy on batch: 0.301800
2019-08-21 09:28:36,394 - robustness - DEBUG - Optimization Finished!
2019-08-21 09:28:36,593 - robustness - DEBUG - Final Train Loss 1.413793
2019-08-21 09:28:36,594 - robustness - DEBUG - Final Train Accuracy 0.526567:
2019-08-21 09:28:37,454 - robustness - INFO - Model was evaluated on benign data
2019-08-21 09:28:37,622 - robustness - INFO - Model is being evaluated on FGSM data
2019-08-21 09:28:37,633 - robustness - INFO - ----Regular test accuracy and loss ----
2019-08-21 09:28:37,633 - robustness - INFO - (1.394179, 0.5332)
2019-08-21 09:28:37,633 - robustness - INFO - ----FGSM test accuracy and loss ----
2019-08-21 09:28:37,633 - robustness - INFO - (2.230682, 0.2134)
2019-08-21 09:28:37,633 - robustness - INFO - Model is being evaluated on PGD points generated using 0.050000 learning rate and 100 iterations
