2019-09-18 23:38:55,248 - robustness - INFO - Model graph was created
2019-09-18 23:38:55,284 - robustness - INFO - Created model successfully. Now going to train
2019-09-18 23:42:14,086 - robustness - INFO - Model was trained on benign data
2019-09-18 23:42:14,256 - robustness - INFO - Saved model at weights/model_353.ckpt
2019-09-18 23:42:14,293 - robustness - INFO - Model was evaluated on benign data
2019-09-18 23:42:14,474 - robustness - INFO - Model is being evaluated on FGSM data
2019-09-18 23:42:14,486 - robustness - INFO - ----Regular test accuracy and loss ----
2019-09-18 23:42:14,486 - robustness - INFO - (0.12614693, 0.9647)
2019-09-18 23:42:14,486 - robustness - INFO - ----FGSM test accuracy and loss ----
2019-09-18 23:42:14,486 - robustness - INFO - (6.8584814, 0.1291)
2019-09-18 23:42:14,486 - robustness - INFO - Model is being evaluated on PGD points generated using 0.010000 learning rate and 50 iterations
2019-09-18 23:42:19,628 - robustness - INFO - ----PGD test accuracy and loss ----
2019-09-18 23:42:19,628 - robustness - INFO - (11.801198, 0.0189)
2019-09-18 23:42:19,771 - robustness - INFO - [9.72191, 3.5845523, 3.115291, 2.8329852, 2.7452235, 2.6821659, 2.723758, 2.6171021]
2019-09-18 23:42:19,771 - robustness - INFO - Getting activation distances between regular and FGSM data
2019-09-18 23:42:36,788 - robustness - INFO - ---Distances----
2019-09-18 23:42:36,788 - robustness - INFO - [0.6469947  0.73037505 0.9719021  1.3849623  2.158197   3.6967816
 6.6338224 ]
2019-09-18 23:42:36,789 - robustness - INFO - ------Std devs on Distances----
2019-09-18 23:42:36,789 - robustness - INFO - [0.0728977  0.14657022 0.25987566 0.39086783 0.5225269  0.93855894
 2.002686  ]
