2019-09-06 10:35:09,883 - robustness - INFO - Model graph was created
2019-09-06 10:35:10,086 - robustness - INFO - Created model successfully. Now going to load weights
2019-09-06 10:35:10,138 - robustness - INFO - Successfully restored weights from non rob model.
2019-09-06 10:35:10,173 - robustness - INFO - Successfully restored weights from rob model.
2019-09-06 10:35:11,355 - robustness - INFO - Model was trained on benign data
2019-09-06 10:35:11,356 - robustness - INFO - Trained one epoch to attempt to make weights from different models compatible
2019-09-06 10:35:11,396 - robustness - INFO - Model was evaluated on benign data
2019-09-06 10:35:11,397 - robustness - INFO - ----Regular test accuracy and loss ----
2019-09-06 10:35:11,398 - robustness - INFO - (0.6153446, 0.8071)
2019-09-06 10:35:11,400 - robustness - INFO - Evaluating on FGSM points now.
2019-09-06 10:35:11,601 - robustness - INFO - Model is being evaluated on FGSM data
2019-09-06 10:35:11,619 - robustness - INFO - ----FGSM test accuracy and loss ----
2019-09-06 10:35:11,620 - robustness - INFO - (2.5958247, 0.362)
2019-09-06 10:35:11,806 - robustness - INFO - Evaluating on PGD points now.
2019-09-06 10:35:11,807 - robustness - INFO - Model is being evaluated on PGD points generated using 0.010000 learning rate and 40 iterations
2019-09-06 10:35:16,493 - robustness - INFO - ----PGD test accuracy and loss ----
2019-09-06 10:35:16,494 - robustness - INFO - (4.1357303, 0.2107)
2019-09-06 10:35:23,544 - robustness - INFO - Model graph was created
2019-09-06 10:35:23,547 - robustness - INFO - Created model successfully. Now going to load weights
2019-09-06 10:35:42,964 - robustness - INFO - Model graph was created
2019-09-06 10:35:42,969 - robustness - INFO - Created model successfully. Now going to load weights
2019-09-06 10:35:44,361 - robustness - INFO - Model was evaluated on benign data
2019-09-06 10:35:44,362 - robustness - INFO - ----Regular test accuracy and loss ----
2019-09-06 10:35:44,363 - robustness - INFO - (0.17380296, 0.9559)
2019-09-06 10:35:44,392 - robustness - INFO - Model was evaluated on benign data
2019-09-06 10:35:44,392 - robustness - INFO - ----Regular test accuracy and loss ----
2019-09-06 10:35:44,393 - robustness - INFO - (0.17380296, 0.9559)
2019-09-06 10:35:44,568 - robustness - INFO - Model is being evaluated on FGSM data
2019-09-06 10:35:44,590 - robustness - INFO - ----FGSM test accuracy and loss ----
2019-09-06 10:35:44,591 - robustness - INFO - (6.665347, 0.0579)
2019-09-06 10:37:10,748 - robustness - INFO - Model graph was created
2019-09-06 10:37:10,752 - robustness - INFO - Created model successfully. Now going to load weights
2019-09-06 10:37:13,037 - robustness - INFO - Model was evaluated on benign data
2019-09-06 10:37:13,038 - robustness - INFO - ----Regular test accuracy and loss ----
2019-09-06 10:37:13,038 - robustness - INFO - (0.3424165, 0.8982)
2019-09-06 10:37:13,070 - robustness - INFO - Model was evaluated on benign data
2019-09-06 10:37:13,071 - robustness - INFO - ----Regular test accuracy and loss ----
2019-09-06 10:37:13,071 - robustness - INFO - (0.3424165, 0.8982)
2019-09-06 10:37:13,270 - robustness - INFO - Model is being evaluated on FGSM data
2019-09-06 10:37:13,290 - robustness - INFO - ----FGSM test accuracy and loss ----
2019-09-06 10:37:13,291 - robustness - INFO - (3.3301492, 0.3424)
2019-09-06 10:37:38,036 - robustness - INFO - Model graph was created
2019-09-06 10:37:38,048 - robustness - INFO - Created model successfully. Now going to load weights
2019-09-06 10:37:39,460 - robustness - INFO - Model was evaluated on benign data
2019-09-06 10:37:39,461 - robustness - INFO - ----Regular test accuracy and loss ----
2019-09-06 10:37:39,462 - robustness - INFO - (0.4752624, 0.8653)
2019-09-06 10:37:39,488 - robustness - INFO - Model was evaluated on benign data
2019-09-06 10:37:39,489 - robustness - INFO - ----Regular test accuracy and loss ----
2019-09-06 10:37:39,490 - robustness - INFO - (0.4752624, 0.8653)
2019-09-06 10:37:39,695 - robustness - INFO - Model is being evaluated on FGSM data
2019-09-06 10:37:39,714 - robustness - INFO - ----FGSM test accuracy and loss ----
2019-09-06 10:37:39,715 - robustness - INFO - (3.4028628, 0.1185)
