2019-09-06 12:38:30,993 - robustness - INFO - Model graph was created
2019-09-06 12:38:31,180 - robustness - INFO - Created model successfully. Now going to load weights
2019-09-06 12:38:31,237 - robustness - INFO - Successfully restored weights from non rob model.
2019-09-06 12:38:31,279 - robustness - INFO - Successfully restored weights from rob model.
2019-09-06 12:38:32,630 - robustness - INFO - Model was trained on benign data
2019-09-06 12:38:32,631 - robustness - INFO - Trained one epoch to attempt to make weights from different models compatible
2019-09-06 12:38:32,661 - robustness - INFO - Model was evaluated on benign data
2019-09-06 12:38:32,662 - robustness - INFO - ----Regular test accuracy and loss ----
2019-09-06 12:38:32,662 - robustness - INFO - (0.6153446, 0.8071)
2019-09-06 12:38:32,663 - robustness - INFO - Evaluating on FGSM points now.
2019-09-06 12:38:32,858 - robustness - INFO - Model is being evaluated on FGSM data
2019-09-06 12:38:32,882 - robustness - INFO - ----FGSM test accuracy and loss ----
2019-09-06 12:38:32,883 - robustness - INFO - (2.5958247, 0.362)
2019-09-06 12:38:33,074 - robustness - INFO - Evaluating on PGD points now.
2019-09-06 12:38:33,075 - robustness - INFO - Model is being evaluated on PGD points generated using 0.010000 learning rate and 40 iterations
2019-09-06 12:38:37,998 - robustness - INFO - ----PGD test accuracy and loss ----
2019-09-06 12:38:37,998 - robustness - INFO - (4.1437283, 0.2097)
2019-09-06 12:38:38,933 - robustness - INFO - Model graph was created
2019-09-06 12:38:38,937 - robustness - INFO - Created model successfully. Now going to load weights
2019-09-06 12:38:39,198 - robustness - INFO - Model was evaluated on benign data
2019-09-06 12:38:39,199 - robustness - INFO - ----Regular test accuracy and loss ----
2019-09-06 12:38:39,199 - robustness - INFO - (0.17380296, 0.9559)
2019-09-06 12:38:39,227 - robustness - INFO - Model was evaluated on benign data
2019-09-06 12:38:39,228 - robustness - INFO - ----Regular test accuracy and loss ----
2019-09-06 12:38:39,229 - robustness - INFO - (0.17380296, 0.9559)
2019-09-06 12:38:39,443 - robustness - INFO - Model is being evaluated on FGSM data
2019-09-06 12:38:39,464 - robustness - INFO - ----FGSM test accuracy and loss ----
2019-09-06 12:38:39,464 - robustness - INFO - (6.665347, 0.0579)
2019-09-06 12:38:42,052 - robustness - INFO - Model graph was created
2019-09-06 12:38:42,057 - robustness - INFO - Created model successfully. Now going to load weights
2019-09-06 12:38:42,389 - robustness - INFO - Model was evaluated on benign data
2019-09-06 12:38:42,390 - robustness - INFO - ----Regular test accuracy and loss ----
2019-09-06 12:38:42,390 - robustness - INFO - (0.3424165, 0.8982)
2019-09-06 12:38:42,417 - robustness - INFO - Model was evaluated on benign data
2019-09-06 12:38:42,417 - robustness - INFO - ----Regular test accuracy and loss ----
2019-09-06 12:38:42,418 - robustness - INFO - (0.3424165, 0.8982)
2019-09-06 12:38:42,648 - robustness - INFO - Model is being evaluated on FGSM data
2019-09-06 12:38:42,668 - robustness - INFO - ----FGSM test accuracy and loss ----
2019-09-06 12:38:42,669 - robustness - INFO - (3.3301492, 0.3424)
2019-09-06 12:38:44,538 - robustness - INFO - Model graph was created
2019-09-06 12:38:44,545 - robustness - INFO - Created model successfully. Now going to load weights
2019-09-06 12:38:44,892 - robustness - INFO - Model was evaluated on benign data
2019-09-06 12:38:44,893 - robustness - INFO - ----Regular test accuracy and loss ----
2019-09-06 12:38:44,893 - robustness - INFO - (0.4752624, 0.8653)
2019-09-06 12:38:44,919 - robustness - INFO - Model was evaluated on benign data
2019-09-06 12:38:44,920 - robustness - INFO - ----Regular test accuracy and loss ----
2019-09-06 12:38:44,921 - robustness - INFO - (0.4752624, 0.8653)
2019-09-06 12:38:45,155 - robustness - INFO - Model is being evaluated on FGSM data
2019-09-06 12:38:45,175 - robustness - INFO - ----FGSM test accuracy and loss ----
2019-09-06 12:38:45,176 - robustness - INFO - (3.4028628, 0.1185)
2019-09-06 12:38:46,891 - robustness - INFO - Adversarial Training
2019-09-06 12:38:47,027 - robustness - INFO - Model graph was created
