2019-09-18 23:19:41,163 - robustness - INFO - Model graph was created
2019-09-18 23:19:41,572 - robustness - INFO - Created model successfully. Now going to load weights
2019-09-18 23:19:41,698 - robustness - INFO - Successfully restored weights from non rob model.
2019-09-18 23:19:41,750 - robustness - INFO - Successfully restored weights from rob model.
2019-09-18 23:19:43,135 - robustness - INFO - Model was trained on benign data
2019-09-18 23:19:43,137 - robustness - INFO - Trained one epoch to attempt to make weights from different models compatible
2019-09-18 23:19:43,165 - robustness - INFO - Model was evaluated on benign data
2019-09-18 23:19:43,167 - robustness - INFO - ----Regular test accuracy and loss ----
2019-09-18 23:19:43,169 - robustness - INFO - (0.6153447, 0.8071)
2019-09-18 23:19:43,171 - robustness - INFO - Evaluating on FGSM points now.
2019-09-18 23:19:43,371 - robustness - INFO - Model is being evaluated on FGSM data
2019-09-18 23:19:43,384 - robustness - INFO - ----FGSM test accuracy and loss ----
2019-09-18 23:19:43,386 - robustness - INFO - (2.5958252, 0.362)
2019-09-18 23:19:43,580 - robustness - INFO - Evaluating on PGD points now.
2019-09-18 23:19:43,582 - robustness - INFO - Model is being evaluated on PGD points generated using 0.010000 learning rate and 40 iterations
2019-09-18 23:19:48,656 - robustness - INFO - ----PGD test accuracy and loss ----
2019-09-18 23:19:48,658 - robustness - INFO - (4.154283, 0.2098)
2019-09-18 23:19:49,731 - robustness - INFO - Model graph was created
2019-09-18 23:19:49,736 - robustness - INFO - Created model successfully. Now going to load weights
2019-09-18 23:19:49,982 - robustness - INFO - Model was evaluated on benign data
2019-09-18 23:19:49,983 - robustness - INFO - ----Regular test accuracy and loss ----
2019-09-18 23:19:49,986 - robustness - INFO - (0.17380294, 0.9559)
2019-09-18 23:19:50,011 - robustness - INFO - Model was evaluated on benign data
2019-09-18 23:19:50,013 - robustness - INFO - ----Regular test accuracy and loss ----
2019-09-18 23:19:50,014 - robustness - INFO - (0.17380294, 0.9559)
2019-09-18 23:19:50,210 - robustness - INFO - Model is being evaluated on FGSM data
2019-09-18 23:19:50,225 - robustness - INFO - ----FGSM test accuracy and loss ----
2019-09-18 23:19:50,226 - robustness - INFO - (6.6653485, 0.0579)
2019-09-18 23:19:53,372 - robustness - INFO - Model was evaluated from featurizations
2019-09-18 23:19:54,073 - robustness - INFO - Model graph was created
2019-09-18 23:19:54,078 - robustness - INFO - Created model successfully. Now going to load weights
2019-09-18 23:19:54,506 - robustness - INFO - Model was evaluated on benign data
2019-09-18 23:19:54,508 - robustness - INFO - ----Regular test accuracy and loss ----
2019-09-18 23:19:54,510 - robustness - INFO - (0.3424165, 0.8982)
2019-09-18 23:19:54,530 - robustness - INFO - Model was evaluated on benign data
2019-09-18 23:19:54,531 - robustness - INFO - ----Regular test accuracy and loss ----
2019-09-18 23:19:54,532 - robustness - INFO - (0.3424165, 0.8982)
2019-09-18 23:19:54,748 - robustness - INFO - Model is being evaluated on FGSM data
2019-09-18 23:19:54,761 - robustness - INFO - ----FGSM test accuracy and loss ----
2019-09-18 23:19:54,762 - robustness - INFO - (3.3301492, 0.3424)
2019-09-18 23:19:56,515 - robustness - INFO - Model graph was created
2019-09-18 23:19:56,520 - robustness - INFO - Created model successfully. Now going to load weights
2019-09-18 23:19:56,877 - robustness - INFO - Model was evaluated on benign data
2019-09-18 23:19:56,878 - robustness - INFO - ----Regular test accuracy and loss ----
2019-09-18 23:19:56,880 - robustness - INFO - (0.4752624, 0.8653)
2019-09-18 23:19:56,902 - robustness - INFO - Model was evaluated on benign data
2019-09-18 23:19:56,904 - robustness - INFO - ----Regular test accuracy and loss ----
2019-09-18 23:19:56,905 - robustness - INFO - (0.4752624, 0.8653)
2019-09-18 23:19:57,138 - robustness - INFO - Model is being evaluated on FGSM data
2019-09-18 23:19:57,153 - robustness - INFO - ----FGSM test accuracy and loss ----
2019-09-18 23:19:57,154 - robustness - INFO - (3.4028633, 0.1185)
2019-09-18 23:19:59,100 - robustness - INFO - Adversarial Training
2019-09-18 23:19:59,234 - robustness - INFO - Model graph was created
2019-09-18 23:21:16,568 - robustness - INFO - Model was trained on adversarial data
2019-09-18 23:21:16,624 - robustness - INFO - Model was evaluated on benign data
2019-09-18 23:21:16,998 - robustness - INFO - Model is being evaluated on FGSM data
2019-09-18 23:21:19,333 - robustness - INFO - Getting activation distances between regular and FGSM data
2019-09-18 23:21:39,548 - robustness - INFO - Getting activation distances between regular and FGSM data
2019-09-18 23:21:58,927 - robustness - INFO - Getting activation distances between regular and FGSM data
2019-09-18 23:22:17,353 - robustness - INFO - Getting activation distances between regular and FGSM data
2019-09-18 23:22:35,792 - robustness - INFO - Getting activation distances between regular and FGSM data
2019-09-18 23:22:54,306 - robustness - INFO - Getting activation distances between regular and FGSM data
2019-09-18 23:23:12,879 - robustness - INFO - Getting activation distances between regular and FGSM data
2019-09-18 23:23:32,240 - robustness - INFO - Getting activation distances between regular and FGSM data
2019-09-18 23:23:51,481 - robustness - INFO - Getting activation distances between regular and FGSM data
2019-09-18 23:24:10,687 - robustness - INFO - Getting activation distances between regular and FGSM data
2019-09-18 23:24:29,892 - robustness - INFO - Model was evaluated on benign data
2019-09-18 23:24:30,209 - robustness - INFO - Model is being evaluated on FGSM data
2019-09-18 23:24:31,687 - robustness - INFO - Model was evaluated from featurizations
2019-09-18 23:24:32,008 - robustness - INFO - Model was evaluated on benign data
2019-09-18 23:24:32,322 - robustness - INFO - Model is being evaluated on FGSM data
2019-09-18 23:24:34,114 - robustness - INFO - Model was evaluated from featurizations
2019-09-18 23:24:34,447 - robustness - INFO - Model was evaluated on benign data
2019-09-18 23:24:34,813 - robustness - INFO - Model is being evaluated on FGSM data
2019-09-18 23:24:36,528 - robustness - INFO - Model was evaluated from featurizations
2019-09-18 23:24:36,853 - robustness - INFO - Model was evaluated on benign data
2019-09-18 23:24:37,189 - robustness - INFO - Model is being evaluated on FGSM data
2019-09-18 23:24:38,961 - robustness - INFO - Model was evaluated from featurizations
2019-09-18 23:24:39,298 - robustness - INFO - Model was evaluated on benign data
2019-09-18 23:24:39,649 - robustness - INFO - Model is being evaluated on FGSM data
2019-09-18 23:24:41,447 - robustness - INFO - Model was evaluated from featurizations
2019-09-18 23:25:25,152 - robustness - INFO - Model is being evaluated on FGSM data
2019-09-18 23:25:25,559 - robustness - INFO - Model is being evaluated on FGSM data
2019-09-18 23:25:25,972 - robustness - INFO - Model is being evaluated on FGSM data
2019-09-18 23:25:26,388 - robustness - INFO - Model is being evaluated on FGSM data
2019-09-18 23:25:26,799 - robustness - INFO - Model is being evaluated on FGSM data
2019-09-18 23:25:27,214 - robustness - INFO - Model is being evaluated on FGSM data
2019-09-18 23:25:27,656 - robustness - INFO - Model is being evaluated on FGSM data
2019-09-18 23:25:28,086 - robustness - INFO - Model is being evaluated on FGSM data
2019-09-18 23:25:28,546 - robustness - INFO - Model is being evaluated on FGSM data
2019-09-18 23:25:29,053 - robustness - INFO - Model is being evaluated on FGSM data
2019-09-18 23:25:29,506 - robustness - INFO - Model is being evaluated on FGSM data
2019-09-18 23:25:29,966 - robustness - INFO - Model is being evaluated on FGSM data
2019-09-18 23:25:30,421 - robustness - INFO - Model is being evaluated on FGSM data
2019-09-18 23:25:30,878 - robustness - INFO - Model is being evaluated on FGSM data
2019-09-18 23:25:31,339 - robustness - INFO - Model is being evaluated on FGSM data
2019-09-18 23:25:31,786 - robustness - INFO - Model is being evaluated on FGSM data
2019-09-18 23:25:32,249 - robustness - INFO - Model is being evaluated on FGSM data
2019-09-18 23:25:32,792 - robustness - INFO - Model is being evaluated on FGSM data
2019-09-18 23:25:33,284 - robustness - INFO - Model is being evaluated on FGSM data
2019-09-18 23:25:33,754 - robustness - INFO - Model is being evaluated on FGSM data
2019-09-18 23:25:34,252 - robustness - INFO - Model is being evaluated on FGSM data
2019-09-18 23:25:34,813 - robustness - INFO - Model is being evaluated on FGSM data
2019-09-18 23:25:35,299 - robustness - INFO - Model is being evaluated on FGSM data
2019-09-18 23:25:35,772 - robustness - INFO - Model is being evaluated on FGSM data
2019-09-18 23:25:36,252 - robustness - INFO - Model is being evaluated on FGSM data
2019-09-18 23:25:36,870 - robustness - INFO - Model is being evaluated on FGSM data
2019-09-18 23:25:37,351 - robustness - INFO - Model is being evaluated on FGSM data
2019-09-18 23:25:37,826 - robustness - INFO - Model is being evaluated on FGSM data
2019-09-18 23:25:38,306 - robustness - INFO - Model is being evaluated on FGSM data
2019-09-18 23:25:38,795 - robustness - INFO - Model is being evaluated on FGSM data
2019-09-18 23:32:03,679 - robustness - INFO - Model was evaluated on benign data
2019-09-18 23:32:03,704 - robustness - INFO - Model was evaluated on benign data
2019-09-18 23:32:03,727 - robustness - INFO - Model was evaluated on benign data
2019-09-18 23:32:03,756 - robustness - INFO - Model was evaluated on benign data
2019-09-18 23:32:05,967 - robustness - INFO - Model was evaluated on benign data
2019-09-18 23:32:05,989 - robustness - INFO - Model was evaluated on benign data
2019-09-18 23:32:06,011 - robustness - INFO - Model was evaluated on benign data
2019-09-18 23:32:06,033 - robustness - INFO - Model was evaluated on benign data
2019-09-18 23:32:08,127 - robustness - INFO - Model was evaluated on benign data
2019-09-18 23:32:08,148 - robustness - INFO - Model was evaluated on benign data
2019-09-18 23:32:08,168 - robustness - INFO - Model was evaluated on benign data
2019-09-18 23:32:08,198 - robustness - INFO - Model was evaluated on benign data
2019-09-18 23:32:10,451 - robustness - INFO - Model was evaluated on benign data
2019-09-18 23:32:10,472 - robustness - INFO - Model was evaluated on benign data
2019-09-18 23:32:10,492 - robustness - INFO - Model was evaluated on benign data
2019-09-18 23:32:10,521 - robustness - INFO - Model was evaluated on benign data
2019-09-18 23:32:12,844 - robustness - INFO - Model was evaluated on benign data
2019-09-18 23:32:12,865 - robustness - INFO - Model was evaluated on benign data
2019-09-18 23:32:12,885 - robustness - INFO - Model was evaluated on benign data
2019-09-18 23:32:12,914 - robustness - INFO - Model was evaluated on benign data
2019-09-18 23:32:15,294 - robustness - INFO - Model was evaluated on benign data
2019-09-18 23:32:15,315 - robustness - INFO - Model was evaluated on benign data
2019-09-18 23:32:15,336 - robustness - INFO - Model was evaluated on benign data
2019-09-18 23:32:15,361 - robustness - INFO - Model was evaluated on benign data
2019-09-18 23:32:16,667 - robustness - INFO - Model was evaluated on benign data
2019-09-18 23:32:16,687 - robustness - INFO - Model was evaluated on benign data
2019-09-18 23:32:16,709 - robustness - INFO - Model was evaluated on benign data
2019-09-18 23:32:16,733 - robustness - INFO - Model was evaluated on benign data
2019-09-18 23:32:18,985 - robustness - INFO - Model was evaluated on benign data
2019-09-18 23:32:19,005 - robustness - INFO - Model was evaluated on benign data
2019-09-18 23:32:19,028 - robustness - INFO - Model was evaluated on benign data
2019-09-18 23:32:19,056 - robustness - INFO - Model was evaluated on benign data
2019-09-18 23:32:21,079 - robustness - INFO - Model was evaluated on benign data
2019-09-18 23:32:21,100 - robustness - INFO - Model was evaluated on benign data
2019-09-18 23:32:21,121 - robustness - INFO - Model was evaluated on benign data
2019-09-18 23:32:21,146 - robustness - INFO - Model was evaluated on benign data
2019-09-18 23:32:23,200 - robustness - INFO - Model was evaluated on benign data
2019-09-18 23:32:23,220 - robustness - INFO - Model was evaluated on benign data
2019-09-18 23:32:23,241 - robustness - INFO - Model was evaluated on benign data
2019-09-18 23:32:23,269 - robustness - INFO - Model was evaluated on benign data
2019-09-18 23:32:25,610 - robustness - INFO - Model was evaluated on benign data
2019-09-18 23:32:25,630 - robustness - INFO - Model was evaluated on benign data
2019-09-18 23:32:25,651 - robustness - INFO - Model was evaluated on benign data
2019-09-18 23:32:25,676 - robustness - INFO - Model was evaluated on benign data
2019-09-18 23:32:28,273 - robustness - INFO - Model was evaluated on benign data
2019-09-18 23:32:28,296 - robustness - INFO - Model was evaluated on benign data
2019-09-18 23:32:28,316 - robustness - INFO - Model was evaluated on benign data
2019-09-18 23:32:28,346 - robustness - INFO - Model was evaluated on benign data
2019-09-18 23:32:29,509 - robustness - INFO - Model was evaluated on benign data
2019-09-18 23:32:29,530 - robustness - INFO - Model was evaluated on benign data
2019-09-18 23:32:29,548 - robustness - INFO - Model was evaluated on benign data
2019-09-18 23:32:29,567 - robustness - INFO - Model was evaluated on benign data
2019-09-18 23:32:31,927 - robustness - INFO - Model was evaluated on benign data
2019-09-18 23:32:31,948 - robustness - INFO - Model was evaluated on benign data
2019-09-18 23:32:31,969 - robustness - INFO - Model was evaluated on benign data
2019-09-18 23:32:31,997 - robustness - INFO - Model was evaluated on benign data
2019-09-18 23:32:34,358 - robustness - INFO - Model was evaluated on benign data
2019-09-18 23:32:34,378 - robustness - INFO - Model was evaluated on benign data
2019-09-18 23:32:34,401 - robustness - INFO - Model was evaluated on benign data
2019-09-18 23:32:34,426 - robustness - INFO - Model was evaluated on benign data
2019-09-18 23:32:36,647 - robustness - INFO - Model was evaluated on benign data
2019-09-18 23:32:36,672 - robustness - INFO - Model was evaluated on benign data
2019-09-18 23:32:36,705 - robustness - INFO - Model was evaluated on benign data
2019-09-18 23:32:36,732 - robustness - INFO - Model was evaluated on benign data
2019-09-18 23:32:39,215 - robustness - INFO - Model was evaluated on benign data
2019-09-18 23:32:39,236 - robustness - INFO - Model was evaluated on benign data
2019-09-18 23:32:39,267 - robustness - INFO - Model was evaluated on benign data
2019-09-18 23:32:39,298 - robustness - INFO - Model was evaluated on benign data
2019-09-18 23:32:41,870 - robustness - INFO - Model was evaluated on benign data
2019-09-18 23:32:41,899 - robustness - INFO - Model was evaluated on benign data
2019-09-18 23:32:41,922 - robustness - INFO - Model was evaluated on benign data
2019-09-18 23:32:41,948 - robustness - INFO - Model was evaluated on benign data
2019-09-18 23:32:43,080 - robustness - INFO - Model was evaluated on benign data
2019-09-18 23:32:43,104 - robustness - INFO - Model was evaluated on benign data
2019-09-18 23:32:43,130 - robustness - INFO - Model was evaluated on benign data
2019-09-18 23:32:43,157 - robustness - INFO - Model was evaluated on benign data
2019-09-18 23:32:45,293 - robustness - INFO - Model was evaluated on benign data
2019-09-18 23:32:45,314 - robustness - INFO - Model was evaluated on benign data
2019-09-18 23:32:45,340 - robustness - INFO - Model was evaluated on benign data
2019-09-18 23:32:45,369 - robustness - INFO - Model was evaluated on benign data
2019-09-18 23:32:47,388 - robustness - INFO - Model was evaluated on benign data
2019-09-18 23:32:47,408 - robustness - INFO - Model was evaluated on benign data
2019-09-18 23:32:47,433 - robustness - INFO - Model was evaluated on benign data
2019-09-18 23:32:47,463 - robustness - INFO - Model was evaluated on benign data
2019-09-18 23:32:49,498 - robustness - INFO - Model was evaluated on benign data
2019-09-18 23:32:49,519 - robustness - INFO - Model was evaluated on benign data
2019-09-18 23:32:49,548 - robustness - INFO - Model was evaluated on benign data
2019-09-18 23:32:49,582 - robustness - INFO - Model was evaluated on benign data
2019-09-18 23:32:51,840 - robustness - INFO - Model was evaluated on benign data
2019-09-18 23:32:51,874 - robustness - INFO - Model was evaluated on benign data
2019-09-18 23:32:51,902 - robustness - INFO - Model was evaluated on benign data
2019-09-18 23:32:51,927 - robustness - INFO - Model was evaluated on benign data
2019-09-18 23:32:54,150 - robustness - INFO - Model was evaluated on benign data
2019-09-18 23:32:54,171 - robustness - INFO - Model was evaluated on benign data
2019-09-18 23:32:54,195 - robustness - INFO - Model was evaluated on benign data
2019-09-18 23:32:54,225 - robustness - INFO - Model was evaluated on benign data
2019-09-18 23:32:55,065 - robustness - INFO - Model was evaluated on benign data
2019-09-18 23:32:55,089 - robustness - INFO - Model was evaluated on benign data
2019-09-18 23:32:55,113 - robustness - INFO - Model was evaluated on benign data
2019-09-18 23:32:55,141 - robustness - INFO - Model was evaluated on benign data
2019-09-18 23:32:57,171 - robustness - INFO - Model was evaluated on benign data
2019-09-18 23:32:57,192 - robustness - INFO - Model was evaluated on benign data
2019-09-18 23:32:57,219 - robustness - INFO - Model was evaluated on benign data
2019-09-18 23:32:57,245 - robustness - INFO - Model was evaluated on benign data
2019-09-18 23:32:59,265 - robustness - INFO - Model was evaluated on benign data
2019-09-18 23:32:59,286 - robustness - INFO - Model was evaluated on benign data
2019-09-18 23:32:59,310 - robustness - INFO - Model was evaluated on benign data
2019-09-18 23:32:59,338 - robustness - INFO - Model was evaluated on benign data
2019-09-18 23:33:01,382 - robustness - INFO - Model was evaluated on benign data
2019-09-18 23:33:01,403 - robustness - INFO - Model was evaluated on benign data
2019-09-18 23:33:01,427 - robustness - INFO - Model was evaluated on benign data
2019-09-18 23:33:01,455 - robustness - INFO - Model was evaluated on benign data
2019-09-18 23:33:03,635 - robustness - INFO - Model was evaluated on benign data
2019-09-18 23:33:03,656 - robustness - INFO - Model was evaluated on benign data
2019-09-18 23:33:03,680 - robustness - INFO - Model was evaluated on benign data
2019-09-18 23:33:03,708 - robustness - INFO - Model was evaluated on benign data
2019-09-18 23:33:05,935 - robustness - INFO - Model was evaluated on benign data
2019-09-18 23:33:05,957 - robustness - INFO - Model was evaluated on benign data
2019-09-18 23:33:05,984 - robustness - INFO - Model was evaluated on benign data
2019-09-18 23:33:06,017 - robustness - INFO - Model was evaluated on benign data
2019-09-18 23:34:39,214 - robustness - INFO - Model was evaluated on benign data
2019-09-18 23:34:39,237 - robustness - INFO - Model was evaluated on benign data
2019-09-18 23:34:39,260 - robustness - INFO - Model was evaluated on benign data
2019-09-18 23:34:39,288 - robustness - INFO - Model was evaluated on benign data
2019-09-18 23:34:41,836 - robustness - INFO - Model was evaluated on benign data
2019-09-18 23:34:41,863 - robustness - INFO - Model was evaluated on benign data
2019-09-18 23:34:41,919 - robustness - INFO - Model was evaluated on benign data
2019-09-18 23:34:41,969 - robustness - INFO - Model was evaluated on benign data
2019-09-18 23:34:44,550 - robustness - INFO - Model was evaluated on benign data
2019-09-18 23:34:44,578 - robustness - INFO - Model was evaluated on benign data
2019-09-18 23:34:44,616 - robustness - INFO - Model was evaluated on benign data
2019-09-18 23:34:44,652 - robustness - INFO - Model was evaluated on benign data
2019-09-18 23:34:47,102 - robustness - INFO - Model was evaluated on benign data
2019-09-18 23:34:47,122 - robustness - INFO - Model was evaluated on benign data
2019-09-18 23:34:47,142 - robustness - INFO - Model was evaluated on benign data
2019-09-18 23:34:47,162 - robustness - INFO - Model was evaluated on benign data
2019-09-18 23:34:49,383 - robustness - INFO - Model was evaluated on benign data
2019-09-18 23:34:49,402 - robustness - INFO - Model was evaluated on benign data
2019-09-18 23:34:49,421 - robustness - INFO - Model was evaluated on benign data
2019-09-18 23:34:49,439 - robustness - INFO - Model was evaluated on benign data
2019-09-18 23:34:51,660 - robustness - INFO - Model was evaluated on benign data
2019-09-18 23:34:51,679 - robustness - INFO - Model was evaluated on benign data
2019-09-18 23:34:51,697 - robustness - INFO - Model was evaluated on benign data
2019-09-18 23:34:51,715 - robustness - INFO - Model was evaluated on benign data
2019-09-18 23:34:52,520 - robustness - INFO - Model was evaluated on benign data
2019-09-18 23:34:52,538 - robustness - INFO - Model was evaluated on benign data
2019-09-18 23:34:52,557 - robustness - INFO - Model was evaluated on benign data
2019-09-18 23:34:52,576 - robustness - INFO - Model was evaluated on benign data
2019-09-18 23:34:54,653 - robustness - INFO - Model was evaluated on benign data
2019-09-18 23:34:54,676 - robustness - INFO - Model was evaluated on benign data
2019-09-18 23:34:54,695 - robustness - INFO - Model was evaluated on benign data
2019-09-18 23:34:54,714 - robustness - INFO - Model was evaluated on benign data
2019-09-18 23:34:56,738 - robustness - INFO - Model was evaluated on benign data
2019-09-18 23:34:56,757 - robustness - INFO - Model was evaluated on benign data
2019-09-18 23:34:56,776 - robustness - INFO - Model was evaluated on benign data
2019-09-18 23:34:56,794 - robustness - INFO - Model was evaluated on benign data
2019-09-18 23:34:58,871 - robustness - INFO - Model was evaluated on benign data
2019-09-18 23:34:58,890 - robustness - INFO - Model was evaluated on benign data
2019-09-18 23:34:58,909 - robustness - INFO - Model was evaluated on benign data
2019-09-18 23:34:58,928 - robustness - INFO - Model was evaluated on benign data
2019-09-18 23:35:01,160 - robustness - INFO - Model was evaluated on benign data
2019-09-18 23:35:01,178 - robustness - INFO - Model was evaluated on benign data
2019-09-18 23:35:01,197 - robustness - INFO - Model was evaluated on benign data
2019-09-18 23:35:01,216 - robustness - INFO - Model was evaluated on benign data
2019-09-18 23:35:03,454 - robustness - INFO - Model was evaluated on benign data
2019-09-18 23:35:03,484 - robustness - INFO - Model was evaluated on benign data
2019-09-18 23:35:03,513 - robustness - INFO - Model was evaluated on benign data
2019-09-18 23:35:03,545 - robustness - INFO - Model was evaluated on benign data
2019-09-18 23:35:04,519 - robustness - INFO - Model was evaluated on benign data
2019-09-18 23:35:04,541 - robustness - INFO - Model was evaluated on benign data
2019-09-18 23:35:04,562 - robustness - INFO - Model was evaluated on benign data
2019-09-18 23:35:04,582 - robustness - INFO - Model was evaluated on benign data
2019-09-18 23:35:06,945 - robustness - INFO - Model was evaluated on benign data
2019-09-18 23:35:06,972 - robustness - INFO - Model was evaluated on benign data
2019-09-18 23:35:06,995 - robustness - INFO - Model was evaluated on benign data
2019-09-18 23:35:07,019 - robustness - INFO - Model was evaluated on benign data
2019-09-18 23:35:09,451 - robustness - INFO - Model was evaluated on benign data
2019-09-18 23:35:09,472 - robustness - INFO - Model was evaluated on benign data
2019-09-18 23:35:09,495 - robustness - INFO - Model was evaluated on benign data
2019-09-18 23:35:09,520 - robustness - INFO - Model was evaluated on benign data
2019-09-18 23:35:11,706 - robustness - INFO - Model was evaluated on benign data
2019-09-18 23:35:11,727 - robustness - INFO - Model was evaluated on benign data
2019-09-18 23:35:11,750 - robustness - INFO - Model was evaluated on benign data
2019-09-18 23:35:11,777 - robustness - INFO - Model was evaluated on benign data
2019-09-18 23:35:14,154 - robustness - INFO - Model was evaluated on benign data
2019-09-18 23:35:14,173 - robustness - INFO - Model was evaluated on benign data
2019-09-18 23:35:14,195 - robustness - INFO - Model was evaluated on benign data
2019-09-18 23:35:14,217 - robustness - INFO - Model was evaluated on benign data
2019-09-18 23:35:16,555 - robustness - INFO - Model was evaluated on benign data
2019-09-18 23:35:16,574 - robustness - INFO - Model was evaluated on benign data
2019-09-18 23:35:16,593 - robustness - INFO - Model was evaluated on benign data
2019-09-18 23:35:16,611 - robustness - INFO - Model was evaluated on benign data
2019-09-18 23:35:17,418 - robustness - INFO - Model was evaluated on benign data
2019-09-18 23:35:17,437 - robustness - INFO - Model was evaluated on benign data
2019-09-18 23:35:17,455 - robustness - INFO - Model was evaluated on benign data
2019-09-18 23:35:17,474 - robustness - INFO - Model was evaluated on benign data
2019-09-18 23:35:19,472 - robustness - INFO - Model was evaluated on benign data
2019-09-18 23:35:19,491 - robustness - INFO - Model was evaluated on benign data
2019-09-18 23:35:19,509 - robustness - INFO - Model was evaluated on benign data
2019-09-18 23:35:19,527 - robustness - INFO - Model was evaluated on benign data
2019-09-18 23:35:21,545 - robustness - INFO - Model was evaluated on benign data
2019-09-18 23:35:21,564 - robustness - INFO - Model was evaluated on benign data
2019-09-18 23:35:21,584 - robustness - INFO - Model was evaluated on benign data
2019-09-18 23:35:21,603 - robustness - INFO - Model was evaluated on benign data
2019-09-18 23:35:23,658 - robustness - INFO - Model was evaluated on benign data
2019-09-18 23:35:23,678 - robustness - INFO - Model was evaluated on benign data
2019-09-18 23:35:23,696 - robustness - INFO - Model was evaluated on benign data
2019-09-18 23:35:23,715 - robustness - INFO - Model was evaluated on benign data
2019-09-18 23:35:25,960 - robustness - INFO - Model was evaluated on benign data
2019-09-18 23:35:25,982 - robustness - INFO - Model was evaluated on benign data
2019-09-18 23:35:26,000 - robustness - INFO - Model was evaluated on benign data
2019-09-18 23:35:26,019 - robustness - INFO - Model was evaluated on benign data
2019-09-18 23:35:28,253 - robustness - INFO - Model was evaluated on benign data
2019-09-18 23:35:28,271 - robustness - INFO - Model was evaluated on benign data
2019-09-18 23:35:28,290 - robustness - INFO - Model was evaluated on benign data
2019-09-18 23:35:28,309 - robustness - INFO - Model was evaluated on benign data
2019-09-18 23:35:29,127 - robustness - INFO - Model was evaluated on benign data
2019-09-18 23:35:29,146 - robustness - INFO - Model was evaluated on benign data
2019-09-18 23:35:29,165 - robustness - INFO - Model was evaluated on benign data
2019-09-18 23:35:29,184 - robustness - INFO - Model was evaluated on benign data
2019-09-18 23:35:31,236 - robustness - INFO - Model was evaluated on benign data
2019-09-18 23:35:31,255 - robustness - INFO - Model was evaluated on benign data
2019-09-18 23:35:31,273 - robustness - INFO - Model was evaluated on benign data
2019-09-18 23:35:31,292 - robustness - INFO - Model was evaluated on benign data
2019-09-18 23:35:33,351 - robustness - INFO - Model was evaluated on benign data
2019-09-18 23:35:33,370 - robustness - INFO - Model was evaluated on benign data
2019-09-18 23:35:33,388 - robustness - INFO - Model was evaluated on benign data
2019-09-18 23:35:33,407 - robustness - INFO - Model was evaluated on benign data
2019-09-18 23:35:35,513 - robustness - INFO - Model was evaluated on benign data
2019-09-18 23:35:35,538 - robustness - INFO - Model was evaluated on benign data
2019-09-18 23:35:35,557 - robustness - INFO - Model was evaluated on benign data
2019-09-18 23:35:35,577 - robustness - INFO - Model was evaluated on benign data
2019-09-18 23:35:37,862 - robustness - INFO - Model was evaluated on benign data
2019-09-18 23:35:37,882 - robustness - INFO - Model was evaluated on benign data
2019-09-18 23:35:37,901 - robustness - INFO - Model was evaluated on benign data
2019-09-18 23:35:37,920 - robustness - INFO - Model was evaluated on benign data
2019-09-18 23:35:40,305 - robustness - INFO - Model was evaluated on benign data
2019-09-18 23:35:40,325 - robustness - INFO - Model was evaluated on benign data
2019-09-18 23:35:40,345 - robustness - INFO - Model was evaluated on benign data
2019-09-18 23:35:40,365 - robustness - INFO - Model was evaluated on benign data
2019-09-18 23:37:00,083 - robustness - INFO - Model was evaluated on benign data
2019-09-18 23:37:00,106 - robustness - INFO - Model was evaluated on benign data
2019-09-18 23:37:00,132 - robustness - INFO - Model was evaluated on benign data
2019-09-18 23:37:00,162 - robustness - INFO - Model was evaluated on benign data
2019-09-18 23:37:03,525 - robustness - INFO - Model was evaluated on benign data
2019-09-18 23:37:03,557 - robustness - INFO - Model was evaluated on benign data
2019-09-18 23:37:03,590 - robustness - INFO - Model was evaluated on benign data
2019-09-18 23:37:03,626 - robustness - INFO - Model was evaluated on benign data
2019-09-18 23:37:06,471 - robustness - INFO - Model was evaluated on benign data
2019-09-18 23:37:06,498 - robustness - INFO - Model was evaluated on benign data
2019-09-18 23:37:06,523 - robustness - INFO - Model was evaluated on benign data
2019-09-18 23:37:06,546 - robustness - INFO - Model was evaluated on benign data
2019-09-18 23:37:10,088 - robustness - INFO - Model was evaluated on benign data
2019-09-18 23:37:10,122 - robustness - INFO - Model was evaluated on benign data
2019-09-18 23:37:10,149 - robustness - INFO - Model was evaluated on benign data
2019-09-18 23:37:10,176 - robustness - INFO - Model was evaluated on benign data
2019-09-18 23:37:14,981 - robustness - INFO - Model was evaluated on benign data
2019-09-18 23:37:15,012 - robustness - INFO - Model was evaluated on benign data
2019-09-18 23:37:15,035 - robustness - INFO - Model was evaluated on benign data
2019-09-18 23:37:15,058 - robustness - INFO - Model was evaluated on benign data
2019-09-18 23:37:18,171 - robustness - INFO - Model was evaluated on benign data
2019-09-18 23:37:18,204 - robustness - INFO - Model was evaluated on benign data
2019-09-18 23:37:18,240 - robustness - INFO - Model was evaluated on benign data
2019-09-18 23:37:18,273 - robustness - INFO - Model was evaluated on benign data
2019-09-18 23:37:19,300 - robustness - INFO - Model was evaluated on benign data
2019-09-18 23:37:19,326 - robustness - INFO - Model was evaluated on benign data
2019-09-18 23:37:19,352 - robustness - INFO - Model was evaluated on benign data
2019-09-18 23:37:19,375 - robustness - INFO - Model was evaluated on benign data
2019-09-18 23:37:22,511 - robustness - INFO - Model was evaluated on benign data
2019-09-18 23:37:22,535 - robustness - INFO - Model was evaluated on benign data
2019-09-18 23:37:22,557 - robustness - INFO - Model was evaluated on benign data
2019-09-18 23:37:22,579 - robustness - INFO - Model was evaluated on benign data
2019-09-18 23:37:26,204 - robustness - INFO - Model was evaluated on benign data
2019-09-18 23:37:26,229 - robustness - INFO - Model was evaluated on benign data
2019-09-18 23:37:26,254 - robustness - INFO - Model was evaluated on benign data
2019-09-18 23:37:26,279 - robustness - INFO - Model was evaluated on benign data
2019-09-18 23:37:29,326 - robustness - INFO - Model was evaluated on benign data
2019-09-18 23:37:29,351 - robustness - INFO - Model was evaluated on benign data
2019-09-18 23:37:29,376 - robustness - INFO - Model was evaluated on benign data
2019-09-18 23:37:29,400 - robustness - INFO - Model was evaluated on benign data
2019-09-18 23:37:32,804 - robustness - INFO - Model was evaluated on benign data
2019-09-18 23:37:32,832 - robustness - INFO - Model was evaluated on benign data
2019-09-18 23:37:32,853 - robustness - INFO - Model was evaluated on benign data
2019-09-18 23:37:32,882 - robustness - INFO - Model was evaluated on benign data
2019-09-18 23:37:36,073 - robustness - INFO - Model was evaluated on benign data
2019-09-18 23:37:36,094 - robustness - INFO - Model was evaluated on benign data
2019-09-18 23:37:36,128 - robustness - INFO - Model was evaluated on benign data
2019-09-18 23:37:36,155 - robustness - INFO - Model was evaluated on benign data
2019-09-18 23:37:37,140 - robustness - INFO - Model was evaluated on benign data
2019-09-18 23:37:37,174 - robustness - INFO - Model was evaluated on benign data
2019-09-18 23:37:37,199 - robustness - INFO - Model was evaluated on benign data
2019-09-18 23:37:37,224 - robustness - INFO - Model was evaluated on benign data
2019-09-18 23:37:39,998 - robustness - INFO - Model was evaluated on benign data
2019-09-18 23:37:40,020 - robustness - INFO - Model was evaluated on benign data
2019-09-18 23:37:40,041 - robustness - INFO - Model was evaluated on benign data
2019-09-18 23:37:40,069 - robustness - INFO - Model was evaluated on benign data
2019-09-18 23:37:42,931 - robustness - INFO - Model was evaluated on benign data
2019-09-18 23:37:42,955 - robustness - INFO - Model was evaluated on benign data
2019-09-18 23:37:42,983 - robustness - INFO - Model was evaluated on benign data
2019-09-18 23:37:43,010 - robustness - INFO - Model was evaluated on benign data
2019-09-18 23:37:45,857 - robustness - INFO - Model was evaluated on benign data
2019-09-18 23:37:45,886 - robustness - INFO - Model was evaluated on benign data
2019-09-18 23:37:45,908 - robustness - INFO - Model was evaluated on benign data
2019-09-18 23:37:45,935 - robustness - INFO - Model was evaluated on benign data
2019-09-18 23:37:49,246 - robustness - INFO - Model was evaluated on benign data
2019-09-18 23:37:49,290 - robustness - INFO - Model was evaluated on benign data
2019-09-18 23:37:49,332 - robustness - INFO - Model was evaluated on benign data
2019-09-18 23:37:49,368 - robustness - INFO - Model was evaluated on benign data
2019-09-18 23:37:54,591 - robustness - INFO - Model was evaluated on benign data
2019-09-18 23:37:54,615 - robustness - INFO - Model was evaluated on benign data
2019-09-18 23:37:54,636 - robustness - INFO - Model was evaluated on benign data
2019-09-18 23:37:54,659 - robustness - INFO - Model was evaluated on benign data
2019-09-18 23:37:55,740 - robustness - INFO - Model was evaluated on benign data
2019-09-18 23:37:55,763 - robustness - INFO - Model was evaluated on benign data
2019-09-18 23:37:55,802 - robustness - INFO - Model was evaluated on benign data
2019-09-18 23:37:55,839 - robustness - INFO - Model was evaluated on benign data
2019-09-18 23:37:58,675 - robustness - INFO - Model was evaluated on benign data
2019-09-18 23:37:58,697 - robustness - INFO - Model was evaluated on benign data
2019-09-18 23:37:58,718 - robustness - INFO - Model was evaluated on benign data
2019-09-18 23:37:58,738 - robustness - INFO - Model was evaluated on benign data
2019-09-18 23:38:01,219 - robustness - INFO - Model was evaluated on benign data
2019-09-18 23:38:01,240 - robustness - INFO - Model was evaluated on benign data
2019-09-18 23:38:01,261 - robustness - INFO - Model was evaluated on benign data
2019-09-18 23:38:01,282 - robustness - INFO - Model was evaluated on benign data
2019-09-18 23:38:03,490 - robustness - INFO - Model was evaluated on benign data
2019-09-18 23:38:03,510 - robustness - INFO - Model was evaluated on benign data
2019-09-18 23:38:03,532 - robustness - INFO - Model was evaluated on benign data
2019-09-18 23:38:03,554 - robustness - INFO - Model was evaluated on benign data
2019-09-18 23:38:06,032 - robustness - INFO - Model was evaluated on benign data
2019-09-18 23:38:06,053 - robustness - INFO - Model was evaluated on benign data
2019-09-18 23:38:06,075 - robustness - INFO - Model was evaluated on benign data
2019-09-18 23:38:06,097 - robustness - INFO - Model was evaluated on benign data
2019-09-18 23:38:08,966 - robustness - INFO - Model was evaluated on benign data
2019-09-18 23:38:08,991 - robustness - INFO - Model was evaluated on benign data
2019-09-18 23:38:09,014 - robustness - INFO - Model was evaluated on benign data
2019-09-18 23:38:09,046 - robustness - INFO - Model was evaluated on benign data
2019-09-18 23:38:10,266 - robustness - INFO - Model was evaluated on benign data
2019-09-18 23:38:10,297 - robustness - INFO - Model was evaluated on benign data
2019-09-18 23:38:10,319 - robustness - INFO - Model was evaluated on benign data
2019-09-18 23:38:10,341 - robustness - INFO - Model was evaluated on benign data
2019-09-18 23:38:13,385 - robustness - INFO - Model was evaluated on benign data
2019-09-18 23:38:13,417 - robustness - INFO - Model was evaluated on benign data
2019-09-18 23:38:13,465 - robustness - INFO - Model was evaluated on benign data
2019-09-18 23:38:13,494 - robustness - INFO - Model was evaluated on benign data
2019-09-18 23:38:16,176 - robustness - INFO - Model was evaluated on benign data
2019-09-18 23:38:16,198 - robustness - INFO - Model was evaluated on benign data
2019-09-18 23:38:16,218 - robustness - INFO - Model was evaluated on benign data
2019-09-18 23:38:16,241 - robustness - INFO - Model was evaluated on benign data
2019-09-18 23:38:18,448 - robustness - INFO - Model was evaluated on benign data
2019-09-18 23:38:18,469 - robustness - INFO - Model was evaluated on benign data
2019-09-18 23:38:18,490 - robustness - INFO - Model was evaluated on benign data
2019-09-18 23:38:18,512 - robustness - INFO - Model was evaluated on benign data
2019-09-18 23:38:20,956 - robustness - INFO - Model was evaluated on benign data
2019-09-18 23:38:20,977 - robustness - INFO - Model was evaluated on benign data
2019-09-18 23:38:20,997 - robustness - INFO - Model was evaluated on benign data
2019-09-18 23:38:21,018 - robustness - INFO - Model was evaluated on benign data
2019-09-18 23:38:23,422 - robustness - INFO - Model was evaluated on benign data
2019-09-18 23:38:23,442 - robustness - INFO - Model was evaluated on benign data
2019-09-18 23:38:23,470 - robustness - INFO - Model was evaluated on benign data
2019-09-18 23:38:23,491 - robustness - INFO - Model was evaluated on benign data
