2019-09-01 22:36:28,001 - robustness - DEBUG - Initialized instance variables of the robust model class
2019-09-01 22:36:28,009 - robustness - DEBUG - Created placeholders for x and y
2019-09-01 22:36:28,249 - robustness - DEBUG - Created layers and tensor for logits
2019-09-01 22:36:28,328 - robustness - DEBUG - Added loss computation to the graph
2019-09-01 22:36:28,332 - robustness - DEBUG - Added accuracy computation to the graph
2019-09-01 22:36:28,333 - robustness - INFO - Model graph was created
2019-09-01 22:36:28,335 - robustness - INFO - Created model successfully. Now going to train
2019-09-01 22:36:33,713 - robustness - DEBUG - Epoch: 0001    cost: 1.409368349 
2019-09-01 22:36:33,714 - robustness - DEBUG - Accuracy on batch: 0.625000
2019-09-01 22:36:37,268 - robustness - DEBUG - Epoch: 0002    cost: 1.036478259 
2019-09-01 22:36:37,268 - robustness - DEBUG - Accuracy on batch: 0.656250
2019-09-01 22:36:40,602 - robustness - DEBUG - Epoch: 0003    cost: 0.933698136 
2019-09-01 22:36:40,602 - robustness - DEBUG - Accuracy on batch: 0.718750
2019-09-01 22:36:43,930 - robustness - DEBUG - Epoch: 0004    cost: 0.881094213 
2019-09-01 22:36:43,930 - robustness - DEBUG - Accuracy on batch: 0.593750
2019-09-01 22:36:47,251 - robustness - DEBUG - Epoch: 0005    cost: 0.840218535 
2019-09-01 22:36:47,253 - robustness - DEBUG - Accuracy on batch: 0.750000
2019-09-01 22:36:50,824 - robustness - DEBUG - Epoch: 0006    cost: 0.806319466 
2019-09-01 22:36:50,824 - robustness - DEBUG - Accuracy on batch: 0.687500
2019-09-01 22:36:54,514 - robustness - DEBUG - Epoch: 0007    cost: 0.781775818 
2019-09-01 22:36:54,515 - robustness - DEBUG - Accuracy on batch: 0.750000
2019-09-01 22:36:57,950 - robustness - DEBUG - Epoch: 0008    cost: 0.762743945 
2019-09-01 22:36:57,950 - robustness - DEBUG - Accuracy on batch: 0.687500
2019-09-01 22:37:01,284 - robustness - DEBUG - Epoch: 0009    cost: 0.741199821 
2019-09-01 22:37:01,284 - robustness - DEBUG - Accuracy on batch: 0.687500
2019-09-01 22:37:04,660 - robustness - DEBUG - Epoch: 0010    cost: 0.725375207 
2019-09-01 22:37:04,660 - robustness - DEBUG - Accuracy on batch: 0.656250
2019-09-01 22:37:07,972 - robustness - DEBUG - Epoch: 0011    cost: 0.709047097 
2019-09-01 22:37:07,972 - robustness - DEBUG - Accuracy on batch: 0.718750
2019-09-01 22:37:11,299 - robustness - DEBUG - Epoch: 0012    cost: 0.702964925 
2019-09-01 22:37:11,300 - robustness - DEBUG - Accuracy on batch: 0.625000
2019-09-01 22:37:14,635 - robustness - DEBUG - Epoch: 0013    cost: 0.688949193 
2019-09-01 22:37:14,635 - robustness - DEBUG - Accuracy on batch: 0.718750
2019-09-01 22:37:17,972 - robustness - DEBUG - Epoch: 0014    cost: 0.687991356 
2019-09-01 22:37:17,972 - robustness - DEBUG - Accuracy on batch: 0.750000
2019-09-01 22:37:21,443 - robustness - DEBUG - Epoch: 0015    cost: 0.676728372 
2019-09-01 22:37:21,443 - robustness - DEBUG - Accuracy on batch: 0.656250
2019-09-01 22:37:24,871 - robustness - DEBUG - Epoch: 0016    cost: 0.673633220 
2019-09-01 22:37:24,871 - robustness - DEBUG - Accuracy on batch: 0.718750
2019-09-01 22:37:28,210 - robustness - DEBUG - Epoch: 0017    cost: 0.667301427 
2019-09-01 22:37:28,210 - robustness - DEBUG - Accuracy on batch: 0.750000
2019-09-01 22:37:31,523 - robustness - DEBUG - Epoch: 0018    cost: 0.654832769 
2019-09-01 22:37:31,523 - robustness - DEBUG - Accuracy on batch: 0.718750
2019-09-01 22:37:34,880 - robustness - DEBUG - Epoch: 0019    cost: 0.660499692 
2019-09-01 22:37:34,880 - robustness - DEBUG - Accuracy on batch: 0.750000
2019-09-01 22:37:38,202 - robustness - DEBUG - Epoch: 0020    cost: 0.653785703 
2019-09-01 22:37:38,202 - robustness - DEBUG - Accuracy on batch: 0.812500
2019-09-01 22:37:38,202 - robustness - DEBUG - Optimization Finished!
2019-09-01 22:37:38,547 - robustness - DEBUG - Final Train Loss 0.235776
2019-09-01 22:37:38,547 - robustness - DEBUG - Final Train Accuracy 0.930750:
2019-09-01 22:37:39,249 - robustness - DEBUG - Final Train Loss on Adv points 0.716645
2019-09-01 22:37:39,250 - robustness - DEBUG - Final Train Accuracy on Adv points 0.772833
2019-09-01 22:37:39,250 - robustness - INFO - Model was trained on adversarial data
2019-09-01 22:37:39,562 - robustness - INFO - Model was evaluated on benign data
2019-09-01 22:37:39,746 - robustness - INFO - Model is being evaluated on FGSM data
2019-09-01 22:37:39,758 - robustness - INFO - ----Regular test accuracy and loss ----
2019-09-01 22:37:39,758 - robustness - INFO - (0.22834815, 0.9297)
2019-09-01 22:37:39,758 - robustness - INFO - ----FGSM test accuracy and loss ----
2019-09-01 22:37:39,758 - robustness - INFO - (0.72317165, 0.7712)
2019-09-01 22:37:39,758 - robustness - INFO - Added graph to tb
2019-09-01 22:37:39,915 - robustness - INFO - [121.93392, 14.10067, 14.618983, 12.238598, 11.6966715, 14.198707, 10.785458, 19.556152]
2019-09-01 22:37:39,916 - robustness - INFO - Getting activation distances between regular and FGSM data
2019-09-01 22:37:40,136 - robustness - DEBUG - Found correct and incorrect indices
2019-09-01 22:37:47,831 - robustness - DEBUG - Found average and standard deviation of distances
2019-09-01 22:37:53,914 - robustness - DEBUG - Found average and standard deviation of distances
2019-09-01 22:37:55,662 - robustness - DEBUG - Found average and standard deviation of distances
2019-09-01 22:37:55,672 - robustness - INFO - ---Distances----
2019-09-01 22:37:55,672 - robustness - INFO - [ 6.216794  14.32321   26.570353  27.568422  16.194218   6.2752147
  3.136002 ]
2019-09-01 22:37:55,675 - robustness - INFO - ------Std devs on Distances----
2019-09-01 22:37:55,675 - robustness - INFO - [1.1358318 3.3612297 7.7946773 9.808196  8.222049  2.9781716 1.6187682]
