2019-09-26 23:28:40,297 - robustness - INFO - Model graph was created
2019-09-26 23:28:40,299 - robustness - INFO - Created model successfully. Now going to load weights
2019-09-26 23:29:43,985 - robustness - INFO - Model was trained on benign data
2019-09-26 23:29:44,194 - robustness - INFO - Saved model at weights/model_368.ckpt
2019-09-26 23:29:44,235 - robustness - INFO - Model was evaluated on benign data
2019-09-26 23:29:44,236 - robustness - INFO - ----Regular test accuracy and loss ----
2019-09-26 23:29:44,236 - robustness - INFO - (0.15636612, 0.9522)
2019-09-26 23:29:44,254 - robustness - INFO - Model was evaluated on benign data
2019-09-26 23:29:44,254 - robustness - INFO - ----Regular test accuracy and loss ----
2019-09-26 23:29:44,254 - robustness - INFO - (0.15636612, 0.9522)
2019-09-26 23:29:44,442 - robustness - INFO - Model is being evaluated on FGSM data
2019-09-26 23:29:44,454 - robustness - INFO - ----FGSM test accuracy and loss ----
2019-09-26 23:29:44,454 - robustness - INFO - (5.463604, 0.144)
2019-09-26 23:29:45,824 - robustness - INFO - Model graph was created
2019-09-26 23:29:45,826 - robustness - INFO - Created model successfully. Now going to load weights
2019-09-26 23:33:34,406 - robustness - INFO - Model was trained on benign data
2019-09-26 23:33:34,636 - robustness - INFO - Saved model at weights/model_369.ckpt
2019-09-26 23:33:34,668 - robustness - INFO - Model was evaluated on benign data
2019-09-26 23:33:34,668 - robustness - INFO - ----Regular test accuracy and loss ----
2019-09-26 23:33:34,668 - robustness - INFO - (0.1994846, 0.9409)
2019-09-26 23:33:34,687 - robustness - INFO - Model was evaluated on benign data
2019-09-26 23:33:34,687 - robustness - INFO - ----Regular test accuracy and loss ----
2019-09-26 23:33:34,687 - robustness - INFO - (0.1994846, 0.9409)
2019-09-26 23:33:34,881 - robustness - INFO - Model is being evaluated on FGSM data
2019-09-26 23:33:34,894 - robustness - INFO - ----FGSM test accuracy and loss ----
2019-09-26 23:33:34,894 - robustness - INFO - (2.769212, 0.2568)
2019-09-26 23:33:35,778 - robustness - INFO - Model graph was created
2019-09-26 23:33:35,779 - robustness - INFO - Created model successfully. Now going to load weights
2019-09-26 23:36:03,710 - robustness - INFO - Model was trained on benign data
2019-09-26 23:36:03,882 - robustness - INFO - Saved model at weights/model_370.ckpt
2019-09-26 23:36:03,913 - robustness - INFO - Model was evaluated on benign data
2019-09-26 23:36:03,913 - robustness - INFO - ----Regular test accuracy and loss ----
2019-09-26 23:36:03,914 - robustness - INFO - (0.14140181, 0.9591)
2019-09-26 23:36:03,937 - robustness - INFO - Model was evaluated on benign data
2019-09-26 23:36:03,937 - robustness - INFO - ----Regular test accuracy and loss ----
2019-09-26 23:36:03,937 - robustness - INFO - (0.14140181, 0.9591)
2019-09-26 23:36:04,121 - robustness - INFO - Model is being evaluated on FGSM data
2019-09-26 23:36:04,132 - robustness - INFO - ----FGSM test accuracy and loss ----
2019-09-26 23:36:04,132 - robustness - INFO - (4.9595284, 0.2444)
2019-09-26 23:36:05,040 - robustness - INFO - Model graph was created
2019-09-26 23:36:05,042 - robustness - INFO - Created model successfully. Now going to load weights
2019-09-26 23:38:24,845 - robustness - INFO - Model was trained on benign data
2019-09-26 23:38:25,172 - robustness - INFO - Saved model at weights/model_371.ckpt
2019-09-26 23:38:25,201 - robustness - INFO - Model was evaluated on benign data
2019-09-26 23:38:25,201 - robustness - INFO - ----Regular test accuracy and loss ----
2019-09-26 23:38:25,201 - robustness - INFO - (0.47955236, 0.8745)
2019-09-26 23:38:25,223 - robustness - INFO - Model was evaluated on benign data
2019-09-26 23:38:25,223 - robustness - INFO - ----Regular test accuracy and loss ----
2019-09-26 23:38:25,223 - robustness - INFO - (0.47955236, 0.8745)
2019-09-26 23:38:25,407 - robustness - INFO - Model is being evaluated on FGSM data
2019-09-26 23:38:25,418 - robustness - INFO - ----FGSM test accuracy and loss ----
2019-09-26 23:38:25,419 - robustness - INFO - (3.3178117, 0.1708)
