2019-08-09 19:01:32,508 - robustness - INFO - Created model successfully. Now going to train
2019-08-09 19:01:33,585 - robustness - INFO - Epoch: 0001    cost: 0.031614190 
2019-08-09 19:01:33,585 - robustness - INFO - Accuracy on batch: 1.000000
2019-08-09 19:01:33,951 - robustness - INFO - Epoch: 0002    cost: 0.012691307 
2019-08-09 19:01:33,951 - robustness - INFO - Accuracy on batch: 1.000000
2019-08-09 19:01:34,316 - robustness - INFO - Epoch: 0003    cost: 0.010087655 
2019-08-09 19:01:34,316 - robustness - INFO - Accuracy on batch: 1.000000
2019-08-09 19:01:34,672 - robustness - INFO - Epoch: 0004    cost: 0.009205477 
2019-08-09 19:01:34,673 - robustness - INFO - Accuracy on batch: 1.000000
2019-08-09 19:01:35,029 - robustness - INFO - Epoch: 0005    cost: 0.006409480 
2019-08-09 19:01:35,029 - robustness - INFO - Accuracy on batch: 1.000000
2019-08-09 19:01:35,396 - robustness - INFO - Epoch: 0006    cost: 0.007390530 
2019-08-09 19:01:35,396 - robustness - INFO - Accuracy on batch: 1.000000
2019-08-09 19:01:35,760 - robustness - INFO - Epoch: 0007    cost: 0.005320998 
2019-08-09 19:01:35,760 - robustness - INFO - Accuracy on batch: 1.000000
2019-08-09 19:01:36,126 - robustness - INFO - Epoch: 0008    cost: 0.006613542 
2019-08-09 19:01:36,126 - robustness - INFO - Accuracy on batch: 1.000000
2019-08-09 19:01:36,483 - robustness - INFO - Epoch: 0009    cost: 0.005232264 
2019-08-09 19:01:36,483 - robustness - INFO - Accuracy on batch: 1.000000
2019-08-09 19:01:36,838 - robustness - INFO - Epoch: 0010    cost: 0.003748170 
2019-08-09 19:01:36,838 - robustness - INFO - Accuracy on batch: 1.000000
2019-08-09 19:01:37,197 - robustness - INFO - Epoch: 0011    cost: 0.004938151 
2019-08-09 19:01:37,197 - robustness - INFO - Accuracy on batch: 1.000000
2019-08-09 19:01:37,557 - robustness - INFO - Epoch: 0012    cost: 0.005326782 
2019-08-09 19:01:37,557 - robustness - INFO - Accuracy on batch: 1.000000
2019-08-09 19:01:37,907 - robustness - INFO - Epoch: 0013    cost: 0.003045619 
2019-08-09 19:01:37,907 - robustness - INFO - Accuracy on batch: 1.000000
2019-08-09 19:01:38,256 - robustness - INFO - Epoch: 0014    cost: 0.003710269 
2019-08-09 19:01:38,257 - robustness - INFO - Accuracy on batch: 1.000000
2019-08-09 19:01:38,611 - robustness - INFO - Epoch: 0015    cost: 0.003146831 
2019-08-09 19:01:38,612 - robustness - INFO - Accuracy on batch: 1.000000
2019-08-09 19:01:38,961 - robustness - INFO - Epoch: 0016    cost: 0.003965064 
2019-08-09 19:01:38,961 - robustness - INFO - Accuracy on batch: 1.000000
2019-08-09 19:01:39,307 - robustness - INFO - Epoch: 0017    cost: 0.003565307 
2019-08-09 19:01:39,307 - robustness - INFO - Accuracy on batch: 1.000000
2019-08-09 19:01:39,655 - robustness - INFO - Epoch: 0018    cost: 0.003126179 
2019-08-09 19:01:39,655 - robustness - INFO - Accuracy on batch: 1.000000
2019-08-09 19:01:40,006 - robustness - INFO - Epoch: 0019    cost: 0.003196216 
2019-08-09 19:01:40,006 - robustness - INFO - Accuracy on batch: 1.000000
2019-08-09 19:01:40,367 - robustness - INFO - Epoch: 0020    cost: 0.004399925 
2019-08-09 19:01:40,367 - robustness - INFO - Accuracy on batch: 1.000000
2019-08-09 19:01:40,367 - robustness - INFO - Optimization Finished!
2019-08-09 19:01:40,444 - robustness - INFO - Final Train Loss 0.003648
2019-08-09 19:01:40,444 - robustness - INFO - Final Train Accuracy 1.000000:
2019-08-09 19:01:40,710 - robustness - INFO - ----Regular test accuracy and loss ----
2019-08-09 19:01:40,710 - robustness - INFO - (0.0071555274, 1.0)
2019-08-09 19:01:40,710 - robustness - INFO - ----FGSM test accuracy and loss ----
2019-08-09 19:01:40,710 - robustness - INFO - (0.07060687, 1.0)
2019-08-09 19:01:42,310 - robustness - INFO - ----PGD test accuracy and loss ----
2019-08-09 19:01:42,311 - robustness - INFO - (38.410202, 1.0)
2019-08-09 19:01:42,409 - robustness - INFO - [121.57409, 8.164884, 7.0915303, 3.6849928]
