2019-08-05 16:48:34,937 - robustness - INFO - Created model successfully. Now going to train
2019-08-05 16:48:37,649 - robustness - INFO - Epoch: 0001    cost: 1.225777200 
2019-08-05 16:48:37,649 - robustness - INFO - Accuracy on batch: 0.906250
2019-08-05 16:48:39,583 - robustness - INFO - Epoch: 0002    cost: 0.417494097 
2019-08-05 16:48:39,583 - robustness - INFO - Accuracy on batch: 0.937500
2019-08-05 16:48:41,524 - robustness - INFO - Epoch: 0003    cost: 0.290051224 
2019-08-05 16:48:41,524 - robustness - INFO - Accuracy on batch: 0.968750
2019-08-05 16:48:43,517 - robustness - INFO - Epoch: 0004    cost: 0.237110359 
2019-08-05 16:48:43,517 - robustness - INFO - Accuracy on batch: 0.968750
2019-08-05 16:48:45,406 - robustness - INFO - Epoch: 0005    cost: 0.210444006 
2019-08-05 16:48:45,406 - robustness - INFO - Accuracy on batch: 1.000000
2019-08-05 16:48:47,310 - robustness - INFO - Epoch: 0006    cost: 0.188583417 
2019-08-05 16:48:47,310 - robustness - INFO - Accuracy on batch: 1.000000
2019-08-05 16:48:49,297 - robustness - INFO - Epoch: 0007    cost: 0.173477829 
2019-08-05 16:48:49,297 - robustness - INFO - Accuracy on batch: 1.000000
2019-08-05 16:48:51,112 - robustness - INFO - Epoch: 0008    cost: 0.159617296 
2019-08-05 16:48:51,112 - robustness - INFO - Accuracy on batch: 1.000000
2019-08-05 16:48:53,030 - robustness - INFO - Epoch: 0009    cost: 0.145068609 
2019-08-05 16:48:53,030 - robustness - INFO - Accuracy on batch: 1.000000
2019-08-05 16:48:54,920 - robustness - INFO - Epoch: 0010    cost: 0.138526030 
2019-08-05 16:48:54,920 - robustness - INFO - Accuracy on batch: 1.000000
2019-08-05 16:48:54,920 - robustness - INFO - Optimization Finished!
2019-08-05 16:48:55,185 - robustness - INFO - Final Train Loss 0.185482
2019-08-05 16:48:55,187 - robustness - INFO - Final Train Accuracy 0.955033:
2019-08-05 16:48:55,390 - robustness - INFO - (0.25578076, 0.9415)
2019-08-05 16:48:55,390 - robustness - INFO - (5.1294394, 0.2319)
2019-08-05 16:48:55,510 - robustness - INFO - [332.50662, 27.713497, 22.988976, 24.210987, 22.345839, 28.06629, 34.470566, 28.11802]
2019-08-05 16:49:11,907 - robustness - INFO - [0.92154706 0.6415282  0.6576658  0.6670158  0.700283   0.7661101
 0.80726135]
2019-08-05 16:49:11,907 - robustness - INFO - [0.14082493 0.22762339 0.2616928  0.28345275 0.29498518 0.29913744
 0.29992086]
2019-08-05 16:49:12,360 - robustness - INFO - [0.99110234, 0.91107655, 0.8903036, 0.9609574, 0.90552735, 0.98314285, 0.9987899]
