2019-09-08 18:27:27,185 - robustness - INFO - Model graph was created
2019-09-08 18:27:27,224 - robustness - INFO - Created model successfully. Now going to train
2019-09-08 18:28:34,118 - robustness - INFO - Model was trained on benign data
2019-09-08 18:28:34,283 - robustness - INFO - Saved model at weights/model_332.ckpt
2019-09-08 18:28:34,378 - robustness - INFO - Model was evaluated on benign data
2019-09-08 18:28:34,551 - robustness - INFO - Model is being evaluated on FGSM data
2019-09-08 18:28:34,562 - robustness - INFO - ----Regular test accuracy and loss ----
2019-09-08 18:28:34,562 - robustness - INFO - (0.37385166, 0.8956)
2019-09-08 18:28:34,562 - robustness - INFO - ----FGSM test accuracy and loss ----
2019-09-08 18:28:34,562 - robustness - INFO - (3.4765484, 0.3218)
2019-09-08 18:28:34,563 - robustness - INFO - Model is being evaluated on PGD points generated using 0.010000 learning rate and 50 iterations
2019-09-08 18:28:39,518 - robustness - INFO - ----PGD test accuracy and loss ----
2019-09-08 18:28:39,519 - robustness - INFO - (4.8748503, 0.2044)
2019-09-08 18:28:39,635 - robustness - INFO - [21.872171, 4.500764, 3.899859, 2.0486226, 2.4281611, 2.2534535, 1.7587844, 2.4474022]
2019-09-08 18:28:39,635 - robustness - INFO - Getting activation distances between regular and FGSM data
2019-09-08 18:28:57,535 - robustness - INFO - ---Distances----
2019-09-08 18:28:57,536 - robustness - INFO - [1.4544966 1.1530415 1.2943891 2.1282125 4.040144  7.1142826 6.1251535]
2019-09-08 18:28:57,536 - robustness - INFO - ------Std devs on Distances----
2019-09-08 18:28:57,536 - robustness - INFO - [0.3007547  0.3513699  0.57417315 0.9420416  1.8267748  3.225745
 2.804487  ]
