2019-08-20 12:09:42,563 - robustness - INFO - Model graph was created
2019-08-20 12:09:42,601 - robustness - INFO - Created model successfully. Now going to train
2019-08-20 12:11:58,094 - robustness - INFO - Model was trained on benign data
2019-08-20 12:11:58,231 - robustness - INFO - Model was evaluated on benign data
2019-08-20 12:11:58,395 - robustness - INFO - Model is being evaluated on FGSM data
2019-08-20 12:11:58,407 - robustness - INFO - ----Regular test accuracy and loss ----
2019-08-20 12:11:58,407 - robustness - INFO - (0.16589588, 0.9559)
2019-08-20 12:11:58,407 - robustness - INFO - ----FGSM test accuracy and loss ----
2019-08-20 12:11:58,407 - robustness - INFO - (4.6986547, 0.2694)
2019-08-20 12:11:58,407 - robustness - INFO - Model is being evaluated on PGD points generated using 0.050000 learning rate and 100 iterations
2019-08-20 12:12:06,194 - robustness - INFO - ----PGD test accuracy and loss ----
2019-08-20 12:12:06,194 - robustness - INFO - (14.306007, 0.0543)
2019-08-20 12:12:06,315 - robustness - INFO - [6.3056436, 7.597117, 7.726599, 8.445029, 7.708117, 7.5270963, 7.9869733, 9.796146]
2019-08-20 12:12:06,315 - robustness - INFO - Getting activation distances between regular and FGSM data
2019-08-20 12:12:23,058 - robustness - INFO - ---Distances----
2019-08-20 12:12:23,058 - robustness - INFO - [0.3431952  0.41664022 0.5683927  0.91492766 1.3893795  2.3776739
 3.8029735 ]
2019-08-20 12:12:23,059 - robustness - INFO - ------Std devs on Distances----
2019-08-20 12:12:23,059 - robustness - INFO - [0.0699228  0.09541618 0.18088883 0.33189678 0.4952283  0.79165065
 1.1118037 ]
