2019-08-21 07:50:06,472 - robustness - INFO - Something happened
2019-08-21 07:50:06,992 - robustness - INFO - Adversarial Training
2019-08-21 07:50:06,992 - robustness - DEBUG - Initialized instance variables of the robust model class
2019-08-21 07:50:06,994 - robustness - DEBUG - Created placeholders for x and y
2019-08-21 07:50:07,157 - robustness - DEBUG - Created layers and tensor for logits
2019-08-21 07:50:07,175 - robustness - DEBUG - Added loss computation to the graph
2019-08-21 07:50:07,179 - robustness - DEBUG - Added accuracy computation to the graph
2019-08-21 07:50:07,180 - robustness - INFO - Model graph was created
2019-08-21 07:50:11,816 - robustness - DEBUG - Epoch: 0001    cost: 1.434289455 
2019-08-21 07:50:11,816 - robustness - DEBUG - Accuracy on batch: 0.500000
2019-08-21 07:50:15,006 - robustness - DEBUG - Epoch: 0002    cost: 1.046952090 
2019-08-21 07:50:15,006 - robustness - DEBUG - Accuracy on batch: 0.531250
2019-08-21 07:50:18,264 - robustness - DEBUG - Epoch: 0003    cost: 0.941176245 
2019-08-21 07:50:18,264 - robustness - DEBUG - Accuracy on batch: 0.656250
2019-08-21 07:50:21,574 - robustness - DEBUG - Epoch: 0004    cost: 0.899220202 
2019-08-21 07:50:21,574 - robustness - DEBUG - Accuracy on batch: 0.687500
2019-08-21 07:50:24,868 - robustness - DEBUG - Epoch: 0005    cost: 0.845302279 
2019-08-21 07:50:24,868 - robustness - DEBUG - Accuracy on batch: 0.687500
2019-08-21 07:50:28,141 - robustness - DEBUG - Epoch: 0006    cost: 0.816224392 
2019-08-21 07:50:28,141 - robustness - DEBUG - Accuracy on batch: 0.718750
2019-08-21 07:50:31,428 - robustness - DEBUG - Epoch: 0007    cost: 0.787533596 
2019-08-21 07:50:31,428 - robustness - DEBUG - Accuracy on batch: 0.843750
2019-08-21 07:50:34,713 - robustness - DEBUG - Epoch: 0008    cost: 0.757211425 
2019-08-21 07:50:34,713 - robustness - DEBUG - Accuracy on batch: 0.812500
2019-08-21 07:50:38,005 - robustness - DEBUG - Epoch: 0009    cost: 0.720508003 
2019-08-21 07:50:38,005 - robustness - DEBUG - Accuracy on batch: 0.812500
2019-08-21 07:50:41,285 - robustness - DEBUG - Epoch: 0010    cost: 0.707318331 
2019-08-21 07:50:41,285 - robustness - DEBUG - Accuracy on batch: 0.843750
2019-08-21 07:50:44,581 - robustness - DEBUG - Epoch: 0011    cost: 0.703488057 
2019-08-21 07:50:44,582 - robustness - DEBUG - Accuracy on batch: 0.687500
2019-08-21 07:50:47,857 - robustness - DEBUG - Epoch: 0012    cost: 0.700221453 
2019-08-21 07:50:47,857 - robustness - DEBUG - Accuracy on batch: 0.781250
2019-08-21 07:50:51,172 - robustness - DEBUG - Epoch: 0013    cost: 0.688392583 
2019-08-21 07:50:51,172 - robustness - DEBUG - Accuracy on batch: 0.875000
2019-08-21 07:50:54,397 - robustness - DEBUG - Epoch: 0014    cost: 0.679514609 
2019-08-21 07:50:54,397 - robustness - DEBUG - Accuracy on batch: 0.812500
2019-08-21 07:50:57,676 - robustness - DEBUG - Epoch: 0015    cost: 0.680039526 
2019-08-21 07:50:57,676 - robustness - DEBUG - Accuracy on batch: 0.812500
2019-08-21 07:51:00,963 - robustness - DEBUG - Epoch: 0016    cost: 0.675236353 
2019-08-21 07:51:00,963 - robustness - DEBUG - Accuracy on batch: 0.812500
2019-08-21 07:51:04,281 - robustness - DEBUG - Epoch: 0017    cost: 0.667585813 
2019-08-21 07:51:04,281 - robustness - DEBUG - Accuracy on batch: 0.750000
2019-08-21 07:51:07,524 - robustness - DEBUG - Epoch: 0018    cost: 0.665022977 
2019-08-21 07:51:07,524 - robustness - DEBUG - Accuracy on batch: 0.781250
2019-08-21 07:51:10,843 - robustness - DEBUG - Epoch: 0019    cost: 0.653429189 
2019-08-21 07:51:10,845 - robustness - DEBUG - Accuracy on batch: 0.812500
2019-08-21 07:51:14,141 - robustness - DEBUG - Epoch: 0020    cost: 0.661825208 
2019-08-21 07:51:14,141 - robustness - DEBUG - Accuracy on batch: 0.687500
2019-08-21 07:51:14,141 - robustness - DEBUG - Optimization Finished!
2019-08-21 07:51:14,605 - robustness - DEBUG - Final Train Loss 0.236648
2019-08-21 07:51:14,606 - robustness - DEBUG - Final Train Accuracy 0.933933:
2019-08-21 07:51:15,194 - robustness - DEBUG - Final Train Loss on Adv points 0.727508
2019-08-21 07:51:15,194 - robustness - DEBUG - Final Train Accuracy on Adv points 0.785667
2019-08-21 07:51:15,194 - robustness - INFO - Model was trained on adversarial data
2019-08-21 07:51:15,239 - robustness - INFO - Model was evaluated on benign data
2019-08-21 07:51:15,434 - robustness - INFO - Model is being evaluated on FGSM data
2019-08-21 07:51:15,466 - robustness - INFO - (0.22584625, 0.9384)
2019-08-21 07:51:15,467 - robustness - INFO - (0.7293413, 0.7866)
2019-08-21 07:51:15,467 - robustness - INFO - [182.59612, 14.074803, 13.634768, 14.832719, 13.822555, 11.634126, 9.300238, 17.000237]
2019-08-21 07:51:15,467 - robustness - INFO - Getting activation distances between regular and FGSM data
2019-08-21 07:51:15,698 - robustness - DEBUG - Found correct and incorrect indices
2019-08-21 07:51:23,668 - robustness - DEBUG - Found average and standard deviation of distances
2019-08-21 07:51:29,976 - robustness - DEBUG - Found average and standard deviation of distances
2019-08-21 07:51:31,692 - robustness - DEBUG - Found average and standard deviation of distances
2019-08-21 07:51:31,699 - robustness - INFO - [ 7.4810452 16.568092  27.16647   27.150425  17.615591   8.099937
  3.3244288]
