2019-08-21 08:15:40,671 - robustness - INFO - Something happened
2019-08-21 08:15:41,245 - robustness - INFO - Adversarial Training
2019-08-21 08:15:41,245 - robustness - DEBUG - Initialized instance variables of the robust model class
2019-08-21 08:15:41,247 - robustness - DEBUG - Created placeholders for x and y
2019-08-21 08:15:41,411 - robustness - DEBUG - Created layers and tensor for logits
2019-08-21 08:15:41,430 - robustness - DEBUG - Added loss computation to the graph
2019-08-21 08:15:41,434 - robustness - DEBUG - Added accuracy computation to the graph
2019-08-21 08:15:41,435 - robustness - INFO - Model graph was created
2019-08-21 08:15:46,016 - robustness - DEBUG - Epoch: 0001    cost: 1.498137032 
2019-08-21 08:15:46,016 - robustness - DEBUG - Accuracy on batch: 0.468750
2019-08-21 08:15:49,328 - robustness - DEBUG - Epoch: 0002    cost: 1.181907491 
2019-08-21 08:15:49,328 - robustness - DEBUG - Accuracy on batch: 0.625000
2019-08-21 08:15:52,618 - robustness - DEBUG - Epoch: 0003    cost: 1.035970071 
2019-08-21 08:15:52,618 - robustness - DEBUG - Accuracy on batch: 0.656250
2019-08-21 08:15:55,901 - robustness - DEBUG - Epoch: 0004    cost: 0.958761577 
2019-08-21 08:15:55,902 - robustness - DEBUG - Accuracy on batch: 0.656250
2019-08-21 08:15:59,192 - robustness - DEBUG - Epoch: 0005    cost: 0.900113405 
2019-08-21 08:15:59,193 - robustness - DEBUG - Accuracy on batch: 0.718750
2019-08-21 08:16:02,379 - robustness - DEBUG - Epoch: 0006    cost: 0.857295740 
2019-08-21 08:16:02,380 - robustness - DEBUG - Accuracy on batch: 0.750000
2019-08-21 08:16:05,699 - robustness - DEBUG - Epoch: 0007    cost: 0.823393315 
2019-08-21 08:16:05,699 - robustness - DEBUG - Accuracy on batch: 0.781250
2019-08-21 08:16:09,001 - robustness - DEBUG - Epoch: 0008    cost: 0.803923006 
2019-08-21 08:16:09,001 - robustness - DEBUG - Accuracy on batch: 0.718750
2019-08-21 08:16:12,267 - robustness - DEBUG - Epoch: 0009    cost: 0.785656312 
2019-08-21 08:16:12,267 - robustness - DEBUG - Accuracy on batch: 0.750000
