2019-08-05 22:14:23,452 - robustness - INFO - Created model successfully. Now going to train
2019-08-05 22:14:26,197 - robustness - INFO - Epoch: 0001    cost: 0.396222274 
2019-08-05 22:14:26,198 - robustness - INFO - Accuracy on batch: 0.968750
2019-08-05 22:14:28,107 - robustness - INFO - Epoch: 0002    cost: 0.209027201 
2019-08-05 22:14:28,107 - robustness - INFO - Accuracy on batch: 1.000000
2019-08-05 22:14:29,950 - robustness - INFO - Epoch: 0003    cost: 0.171982480 
2019-08-05 22:14:29,951 - robustness - INFO - Accuracy on batch: 1.000000
2019-08-05 22:14:31,884 - robustness - INFO - Epoch: 0004    cost: 0.154367558 
2019-08-05 22:14:31,884 - robustness - INFO - Accuracy on batch: 1.000000
2019-08-05 22:14:33,826 - robustness - INFO - Epoch: 0005    cost: 0.139442533 
2019-08-05 22:14:33,827 - robustness - INFO - Accuracy on batch: 0.968750
2019-08-05 22:14:35,679 - robustness - INFO - Epoch: 0006    cost: 0.132708260 
2019-08-05 22:14:35,679 - robustness - INFO - Accuracy on batch: 0.968750
2019-08-05 22:14:37,561 - robustness - INFO - Epoch: 0007    cost: 0.125961198 
2019-08-05 22:14:37,561 - robustness - INFO - Accuracy on batch: 0.968750
2019-08-05 22:14:39,433 - robustness - INFO - Epoch: 0008    cost: 0.120823708 
2019-08-05 22:14:39,433 - robustness - INFO - Accuracy on batch: 0.937500
2019-08-05 22:14:41,345 - robustness - INFO - Epoch: 0009    cost: 0.111496222 
2019-08-05 22:14:41,346 - robustness - INFO - Accuracy on batch: 1.000000
2019-08-05 22:14:43,249 - robustness - INFO - Epoch: 0010    cost: 0.106692020 
2019-08-05 22:14:43,249 - robustness - INFO - Accuracy on batch: 0.968750
2019-08-05 22:14:43,249 - robustness - INFO - Optimization Finished!
2019-08-05 22:14:43,535 - robustness - INFO - Final Train Loss 0.127536
2019-08-05 22:14:43,535 - robustness - INFO - Final Train Accuracy 0.964283:
