2019-09-06 12:46:47,016 - robustness - INFO - Model graph was created
2019-09-06 12:46:47,310 - robustness - INFO - Created model successfully. Now going to load weights
2019-09-06 12:46:47,396 - robustness - INFO - Successfully restored weights from non rob model.
2019-09-06 12:46:47,444 - robustness - INFO - Successfully restored weights from rob model.
2019-09-06 12:46:48,932 - robustness - INFO - Model was trained on benign data
2019-09-06 12:46:48,933 - robustness - INFO - Trained one epoch to attempt to make weights from different models compatible
2019-09-06 12:46:48,973 - robustness - INFO - Model was evaluated on benign data
2019-09-06 12:46:48,975 - robustness - INFO - ----Regular test accuracy and loss ----
2019-09-06 12:46:48,976 - robustness - INFO - (0.6153446, 0.8071)
2019-09-06 12:46:48,980 - robustness - INFO - Evaluating on FGSM points now.
2019-09-06 12:46:49,179 - robustness - INFO - Model is being evaluated on FGSM data
2019-09-06 12:46:49,199 - robustness - INFO - ----FGSM test accuracy and loss ----
2019-09-06 12:46:49,200 - robustness - INFO - (2.5958247, 0.362)
2019-09-06 12:46:49,381 - robustness - INFO - Evaluating on PGD points now.
2019-09-06 12:46:49,382 - robustness - INFO - Model is being evaluated on PGD points generated using 0.010000 learning rate and 40 iterations
2019-09-06 12:46:54,938 - robustness - INFO - ----PGD test accuracy and loss ----
2019-09-06 12:46:54,939 - robustness - INFO - (4.1448, 0.2137)
2019-09-06 12:46:55,988 - robustness - INFO - Model graph was created
2019-09-06 12:46:55,993 - robustness - INFO - Created model successfully. Now going to load weights
2019-09-06 12:46:56,260 - robustness - INFO - Model was evaluated on benign data
2019-09-06 12:46:56,261 - robustness - INFO - ----Regular test accuracy and loss ----
2019-09-06 12:46:56,261 - robustness - INFO - (0.17380296, 0.9559)
2019-09-06 12:46:56,289 - robustness - INFO - Model was evaluated on benign data
2019-09-06 12:46:56,290 - robustness - INFO - ----Regular test accuracy and loss ----
2019-09-06 12:46:56,290 - robustness - INFO - (0.17380296, 0.9559)
2019-09-06 12:46:56,505 - robustness - INFO - Model is being evaluated on FGSM data
2019-09-06 12:46:56,525 - robustness - INFO - ----FGSM test accuracy and loss ----
2019-09-06 12:46:56,526 - robustness - INFO - (6.665347, 0.0579)
2019-09-06 12:46:59,167 - robustness - INFO - Model graph was created
2019-09-06 12:46:59,171 - robustness - INFO - Created model successfully. Now going to load weights
2019-09-06 12:46:59,483 - robustness - INFO - Model was evaluated on benign data
2019-09-06 12:46:59,484 - robustness - INFO - ----Regular test accuracy and loss ----
2019-09-06 12:46:59,485 - robustness - INFO - (0.3424165, 0.8982)
2019-09-06 12:46:59,511 - robustness - INFO - Model was evaluated on benign data
2019-09-06 12:46:59,512 - robustness - INFO - ----Regular test accuracy and loss ----
2019-09-06 12:46:59,512 - robustness - INFO - (0.3424165, 0.8982)
2019-09-06 12:46:59,744 - robustness - INFO - Model is being evaluated on FGSM data
2019-09-06 12:46:59,764 - robustness - INFO - ----FGSM test accuracy and loss ----
2019-09-06 12:46:59,765 - robustness - INFO - (3.3301492, 0.3424)
2019-09-06 12:47:01,656 - robustness - INFO - Model graph was created
2019-09-06 12:47:01,660 - robustness - INFO - Created model successfully. Now going to load weights
2019-09-06 12:47:02,012 - robustness - INFO - Model was evaluated on benign data
2019-09-06 12:47:02,012 - robustness - INFO - ----Regular test accuracy and loss ----
2019-09-06 12:47:02,013 - robustness - INFO - (0.4752624, 0.8653)
2019-09-06 12:47:02,039 - robustness - INFO - Model was evaluated on benign data
2019-09-06 12:47:02,040 - robustness - INFO - ----Regular test accuracy and loss ----
2019-09-06 12:47:02,041 - robustness - INFO - (0.4752624, 0.8653)
2019-09-06 12:47:02,278 - robustness - INFO - Model is being evaluated on FGSM data
2019-09-06 12:47:02,298 - robustness - INFO - ----FGSM test accuracy and loss ----
2019-09-06 12:47:02,299 - robustness - INFO - (3.4028628, 0.1185)
2019-09-06 12:47:04,103 - robustness - INFO - Adversarial Training
2019-09-06 12:47:04,239 - robustness - INFO - Model graph was created
