2019-09-06 01:33:14,249 - robustness - INFO - Model graph was created
2019-09-06 01:33:15,147 - robustness - INFO - Created model successfully. Now going to load weights
2019-09-06 01:33:15,211 - robustness - INFO - Successfully restored weights from non rob model.
2019-09-06 01:33:15,248 - robustness - INFO - Successfully restored weights from rob model.
2019-09-06 01:33:16,609 - robustness - INFO - Model was trained on benign data
2019-09-06 01:33:16,609 - robustness - INFO - Trained one epoch to attempt to make weights from different models compatible
2019-09-06 01:33:16,641 - robustness - INFO - Model was evaluated on benign data
2019-09-06 01:33:16,641 - robustness - INFO - ----Regular test accuracy and loss ----
2019-09-06 01:33:16,642 - robustness - INFO - (0.18813893, 0.9465)
2019-09-06 01:33:16,833 - robustness - INFO - Model is being evaluated on FGSM data
2019-09-06 01:33:16,853 - robustness - INFO - ----FGSM test accuracy and loss ----
2019-09-06 01:33:16,854 - robustness - INFO - (1.3192192, 0.6787)
2019-09-06 01:33:17,035 - robustness - INFO - Model is being evaluated on PGD points generated using 0.010000 learning rate and 40 iterations
2019-09-06 01:33:22,251 - robustness - INFO - ----PGD test accuracy and loss ----
2019-09-06 01:33:22,253 - robustness - INFO - (2.1900146, 0.5274)
2019-09-06 01:33:22,729 - robustness - INFO - Model graph was created
2019-09-06 01:33:22,797 - robustness - INFO - Created model successfully. Now going to load weights
2019-09-06 01:34:49,479 - robustness - INFO - Model graph was created
2019-09-06 01:34:49,486 - robustness - INFO - Created model successfully. Now going to load weights
2019-09-06 10:20:57,382 - robustness - INFO - Model graph was created
