2019-08-09 18:56:03,720 - robustness - INFO - Created model successfully. Now going to train
2019-08-09 18:56:04,577 - robustness - INFO - Epoch: 0001    cost: 0.030637313 
2019-08-09 18:56:04,577 - robustness - INFO - Accuracy on batch: 1.000000
2019-08-09 18:56:04,932 - robustness - INFO - Epoch: 0002    cost: 0.012704235 
2019-08-09 18:56:04,932 - robustness - INFO - Accuracy on batch: 1.000000
2019-08-09 18:56:05,295 - robustness - INFO - Epoch: 0003    cost: 0.010624487 
2019-08-09 18:56:05,295 - robustness - INFO - Accuracy on batch: 1.000000
2019-08-09 18:56:05,656 - robustness - INFO - Epoch: 0004    cost: 0.008361333 
2019-08-09 18:56:05,656 - robustness - INFO - Accuracy on batch: 1.000000
2019-08-09 18:56:06,005 - robustness - INFO - Epoch: 0005    cost: 0.005822600 
2019-08-09 18:56:06,005 - robustness - INFO - Accuracy on batch: 1.000000
2019-08-09 18:56:06,375 - robustness - INFO - Epoch: 0006    cost: 0.005933983 
2019-08-09 18:56:06,375 - robustness - INFO - Accuracy on batch: 1.000000
2019-08-09 18:56:06,735 - robustness - INFO - Epoch: 0007    cost: 0.004339639 
2019-08-09 18:56:06,735 - robustness - INFO - Accuracy on batch: 1.000000
2019-08-09 18:56:07,092 - robustness - INFO - Epoch: 0008    cost: 0.003582260 
2019-08-09 18:56:07,092 - robustness - INFO - Accuracy on batch: 1.000000
2019-08-09 18:56:07,444 - robustness - INFO - Epoch: 0009    cost: 0.005700185 
2019-08-09 18:56:07,444 - robustness - INFO - Accuracy on batch: 1.000000
2019-08-09 18:56:07,797 - robustness - INFO - Epoch: 0010    cost: 0.003466748 
2019-08-09 18:56:07,798 - robustness - INFO - Accuracy on batch: 1.000000
2019-08-09 18:56:08,157 - robustness - INFO - Epoch: 0011    cost: 0.005425647 
2019-08-09 18:56:08,157 - robustness - INFO - Accuracy on batch: 1.000000
2019-08-09 18:56:08,513 - robustness - INFO - Epoch: 0012    cost: 0.003892161 
2019-08-09 18:56:08,514 - robustness - INFO - Accuracy on batch: 1.000000
2019-08-09 18:56:08,871 - robustness - INFO - Epoch: 0013    cost: 0.002319565 
2019-08-09 18:56:08,872 - robustness - INFO - Accuracy on batch: 1.000000
2019-08-09 18:56:09,227 - robustness - INFO - Epoch: 0014    cost: 0.001896328 
2019-08-09 18:56:09,227 - robustness - INFO - Accuracy on batch: 1.000000
2019-08-09 18:56:09,588 - robustness - INFO - Epoch: 0015    cost: 0.002889818 
2019-08-09 18:56:09,588 - robustness - INFO - Accuracy on batch: 1.000000
2019-08-09 18:56:09,943 - robustness - INFO - Epoch: 0016    cost: 0.003003866 
2019-08-09 18:56:09,943 - robustness - INFO - Accuracy on batch: 1.000000
2019-08-09 18:56:10,305 - robustness - INFO - Epoch: 0017    cost: 0.001838390 
2019-08-09 18:56:10,305 - robustness - INFO - Accuracy on batch: 1.000000
2019-08-09 18:56:10,657 - robustness - INFO - Epoch: 0018    cost: 0.004519133 
2019-08-09 18:56:10,657 - robustness - INFO - Accuracy on batch: 1.000000
2019-08-09 18:56:11,017 - robustness - INFO - Epoch: 0019    cost: 0.002202464 
2019-08-09 18:56:11,017 - robustness - INFO - Accuracy on batch: 1.000000
2019-08-09 18:56:11,375 - robustness - INFO - Epoch: 0020    cost: 0.001823042 
2019-08-09 18:56:11,375 - robustness - INFO - Accuracy on batch: 1.000000
2019-08-09 18:56:11,375 - robustness - INFO - Optimization Finished!
2019-08-09 18:56:11,443 - robustness - INFO - Final Train Loss 0.001149
2019-08-09 18:56:11,443 - robustness - INFO - Final Train Accuracy 1.000000:
2019-08-09 18:56:11,681 - robustness - INFO - ----Regular test accuracy and loss ----
2019-08-09 18:56:11,681 - robustness - INFO - (0.006699693, 1.0)
2019-08-09 18:56:11,682 - robustness - INFO - ----FGSM test accuracy and loss ----
2019-08-09 18:56:11,682 - robustness - INFO - (0.054892305, 1.0)
2019-08-09 18:56:13,259 - robustness - INFO - ----PGD test accuracy and loss ----
2019-08-09 18:56:13,259 - robustness - INFO - (19.242258, 1.0)
2019-08-09 18:56:13,356 - robustness - INFO - [107.84222, 7.0260696, 6.7622585, 3.9107814]
2019-08-09 18:56:16,144 - robustness - INFO - ---Distances----
2019-08-09 18:56:16,144 - robustness - INFO - [0.05377488 0.06494685 0.08166733]
2019-08-09 18:56:16,144 - robustness - INFO - ------Std devs on Distances----
2019-08-09 18:56:16,144 - robustness - INFO - [0.69550705 0.864321   1.0971396 ]
