2019-09-06 12:30:23,287 - robustness - INFO - Model graph was created
2019-09-06 12:30:23,485 - robustness - INFO - Created model successfully. Now going to load weights
2019-09-06 12:30:23,532 - robustness - INFO - Successfully restored weights from non rob model.
2019-09-06 12:30:23,563 - robustness - INFO - Successfully restored weights from rob model.
2019-09-06 12:30:24,829 - robustness - INFO - Model was trained on benign data
2019-09-06 12:30:24,830 - robustness - INFO - Trained one epoch to attempt to make weights from different models compatible
2019-09-06 12:30:24,859 - robustness - INFO - Model was evaluated on benign data
2019-09-06 12:30:24,860 - robustness - INFO - ----Regular test accuracy and loss ----
2019-09-06 12:30:24,861 - robustness - INFO - (0.6153446, 0.8071)
2019-09-06 12:30:24,862 - robustness - INFO - Evaluating on FGSM points now.
2019-09-06 12:30:25,068 - robustness - INFO - Model is being evaluated on FGSM data
2019-09-06 12:30:25,091 - robustness - INFO - ----FGSM test accuracy and loss ----
2019-09-06 12:30:25,092 - robustness - INFO - (2.5958247, 0.362)
2019-09-06 12:30:25,307 - robustness - INFO - Evaluating on PGD points now.
2019-09-06 12:30:25,308 - robustness - INFO - Model is being evaluated on PGD points generated using 0.010000 learning rate and 40 iterations
2019-09-06 12:30:30,314 - robustness - INFO - ----PGD test accuracy and loss ----
2019-09-06 12:30:30,314 - robustness - INFO - (4.147643, 0.2123)
2019-09-06 12:30:31,336 - robustness - INFO - Model graph was created
2019-09-06 12:30:31,338 - robustness - INFO - Created model successfully. Now going to load weights
2019-09-06 12:30:31,594 - robustness - INFO - Model was evaluated on benign data
2019-09-06 12:30:31,594 - robustness - INFO - ----Regular test accuracy and loss ----
2019-09-06 12:30:31,595 - robustness - INFO - (0.17380296, 0.9559)
2019-09-06 12:30:31,621 - robustness - INFO - Model was evaluated on benign data
2019-09-06 12:30:31,622 - robustness - INFO - ----Regular test accuracy and loss ----
2019-09-06 12:30:31,622 - robustness - INFO - (0.17380296, 0.9559)
2019-09-06 12:30:31,829 - robustness - INFO - Model is being evaluated on FGSM data
2019-09-06 12:30:31,853 - robustness - INFO - ----FGSM test accuracy and loss ----
2019-09-06 12:30:31,854 - robustness - INFO - (6.665347, 0.0579)
2019-09-06 12:30:34,435 - robustness - INFO - Model graph was created
2019-09-06 12:30:34,439 - robustness - INFO - Created model successfully. Now going to load weights
2019-09-06 12:30:34,734 - robustness - INFO - Model was evaluated on benign data
2019-09-06 12:30:34,734 - robustness - INFO - ----Regular test accuracy and loss ----
2019-09-06 12:30:34,735 - robustness - INFO - (0.3424165, 0.8982)
2019-09-06 12:30:34,764 - robustness - INFO - Model was evaluated on benign data
2019-09-06 12:30:34,765 - robustness - INFO - ----Regular test accuracy and loss ----
2019-09-06 12:30:34,766 - robustness - INFO - (0.3424165, 0.8982)
2019-09-06 12:30:35,016 - robustness - INFO - Model is being evaluated on FGSM data
2019-09-06 12:30:35,039 - robustness - INFO - ----FGSM test accuracy and loss ----
2019-09-06 12:30:35,040 - robustness - INFO - (3.3301492, 0.3424)
2019-09-06 12:30:37,038 - robustness - INFO - Model graph was created
2019-09-06 12:30:37,044 - robustness - INFO - Created model successfully. Now going to load weights
2019-09-06 12:30:37,436 - robustness - INFO - Model was evaluated on benign data
2019-09-06 12:30:37,437 - robustness - INFO - ----Regular test accuracy and loss ----
2019-09-06 12:30:37,437 - robustness - INFO - (0.4752624, 0.8653)
2019-09-06 12:30:37,466 - robustness - INFO - Model was evaluated on benign data
2019-09-06 12:30:37,467 - robustness - INFO - ----Regular test accuracy and loss ----
2019-09-06 12:30:37,468 - robustness - INFO - (0.4752624, 0.8653)
2019-09-06 12:30:37,711 - robustness - INFO - Model is being evaluated on FGSM data
2019-09-06 12:30:37,732 - robustness - INFO - ----FGSM test accuracy and loss ----
2019-09-06 12:30:37,732 - robustness - INFO - (3.4028628, 0.1185)
2019-09-06 12:30:39,539 - robustness - INFO - Adversarial Training
2019-09-06 12:30:39,675 - robustness - INFO - Model graph was created
