2019-09-07 18:03:33,919 - robustness - INFO - Model graph was created
2019-09-07 18:03:34,096 - robustness - INFO - Created model successfully. Now going to load weights
2019-09-07 18:03:34,149 - robustness - INFO - Successfully restored weights from non rob model.
2019-09-07 18:03:34,182 - robustness - INFO - Successfully restored weights from rob model.
2019-09-07 18:03:35,319 - robustness - INFO - Model was trained on benign data
2019-09-07 18:03:35,321 - robustness - INFO - Trained one epoch to attempt to make weights from different models compatible
2019-09-07 18:03:35,341 - robustness - INFO - Model was evaluated on benign data
2019-09-07 18:03:35,342 - robustness - INFO - ----Regular test accuracy and loss ----
2019-09-07 18:03:35,344 - robustness - INFO - (0.6153447, 0.8071)
2019-09-07 18:03:35,346 - robustness - INFO - Evaluating on FGSM points now.
2019-09-07 18:03:35,536 - robustness - INFO - Model is being evaluated on FGSM data
2019-09-07 18:03:35,550 - robustness - INFO - ----FGSM test accuracy and loss ----
2019-09-07 18:03:35,552 - robustness - INFO - (2.5958252, 0.362)
2019-09-07 18:03:35,728 - robustness - INFO - Evaluating on PGD points now.
2019-09-07 18:03:35,729 - robustness - INFO - Model is being evaluated on PGD points generated using 0.010000 learning rate and 40 iterations
2019-09-07 18:03:39,604 - robustness - INFO - ----PGD test accuracy and loss ----
2019-09-07 18:03:39,606 - robustness - INFO - (4.1441956, 0.2109)
2019-09-07 18:03:40,473 - robustness - INFO - Model graph was created
2019-09-07 18:03:40,477 - robustness - INFO - Created model successfully. Now going to load weights
2019-09-07 18:03:40,737 - robustness - INFO - Model was evaluated on benign data
2019-09-07 18:03:40,738 - robustness - INFO - ----Regular test accuracy and loss ----
2019-09-07 18:03:40,740 - robustness - INFO - (0.17380294, 0.9559)
2019-09-07 18:03:40,762 - robustness - INFO - Model was evaluated on benign data
2019-09-07 18:03:40,763 - robustness - INFO - ----Regular test accuracy and loss ----
2019-09-07 18:03:40,765 - robustness - INFO - (0.17380294, 0.9559)
2019-09-07 18:03:40,972 - robustness - INFO - Model is being evaluated on FGSM data
2019-09-07 18:03:40,988 - robustness - INFO - ----FGSM test accuracy and loss ----
2019-09-07 18:03:40,989 - robustness - INFO - (6.6653485, 0.0579)
2019-09-07 18:03:44,359 - robustness - INFO - Model was evaluated from featurizations
2019-09-07 18:03:45,140 - robustness - INFO - Model graph was created
2019-09-07 18:03:45,145 - robustness - INFO - Created model successfully. Now going to load weights
2019-09-07 18:03:45,484 - robustness - INFO - Model was evaluated on benign data
2019-09-07 18:03:45,485 - robustness - INFO - ----Regular test accuracy and loss ----
2019-09-07 18:03:45,487 - robustness - INFO - (0.3424165, 0.8982)
2019-09-07 18:03:45,508 - robustness - INFO - Model was evaluated on benign data
2019-09-07 18:03:45,509 - robustness - INFO - ----Regular test accuracy and loss ----
2019-09-07 18:03:45,511 - robustness - INFO - (0.3424165, 0.8982)
2019-09-07 18:03:45,739 - robustness - INFO - Model is being evaluated on FGSM data
2019-09-07 18:03:45,754 - robustness - INFO - ----FGSM test accuracy and loss ----
2019-09-07 18:03:45,755 - robustness - INFO - (3.3301492, 0.3424)
2019-09-07 18:03:47,594 - robustness - INFO - Model graph was created
2019-09-07 18:03:47,599 - robustness - INFO - Created model successfully. Now going to load weights
2019-09-07 18:03:47,981 - robustness - INFO - Model was evaluated on benign data
2019-09-07 18:03:47,983 - robustness - INFO - ----Regular test accuracy and loss ----
2019-09-07 18:03:47,985 - robustness - INFO - (0.4752624, 0.8653)
2019-09-07 18:03:48,010 - robustness - INFO - Model was evaluated on benign data
2019-09-07 18:03:48,011 - robustness - INFO - ----Regular test accuracy and loss ----
2019-09-07 18:03:48,013 - robustness - INFO - (0.4752624, 0.8653)
2019-09-07 18:03:48,251 - robustness - INFO - Model is being evaluated on FGSM data
2019-09-07 18:03:48,266 - robustness - INFO - ----FGSM test accuracy and loss ----
2019-09-07 18:03:48,267 - robustness - INFO - (3.4028633, 0.1185)
2019-09-07 18:03:50,117 - robustness - INFO - Adversarial Training
2019-09-07 18:03:50,265 - robustness - INFO - Model graph was created
2019-09-07 18:04:59,642 - robustness - INFO - Model was trained on adversarial data
2019-09-07 18:04:59,694 - robustness - INFO - Model was evaluated on benign data
2019-09-07 18:05:00,010 - robustness - INFO - Model is being evaluated on FGSM data
2019-09-07 18:05:02,606 - robustness - INFO - Model was evaluated on benign data
2019-09-07 18:05:02,925 - robustness - INFO - Model is being evaluated on FGSM data
2019-09-07 18:05:04,466 - robustness - INFO - Model was evaluated from featurizations
2019-09-07 18:05:04,772 - robustness - INFO - Model was evaluated on benign data
2019-09-07 18:05:05,069 - robustness - INFO - Model is being evaluated on FGSM data
2019-09-07 18:05:06,814 - robustness - INFO - Model was evaluated from featurizations
2019-09-07 18:05:07,124 - robustness - INFO - Model was evaluated on benign data
2019-09-07 18:05:07,439 - robustness - INFO - Model is being evaluated on FGSM data
2019-09-07 18:05:09,199 - robustness - INFO - Model was evaluated from featurizations
2019-09-07 18:05:09,509 - robustness - INFO - Model was evaluated on benign data
2019-09-07 18:05:09,822 - robustness - INFO - Model is being evaluated on FGSM data
2019-09-07 18:05:11,601 - robustness - INFO - Model was evaluated from featurizations
2019-09-07 18:05:11,931 - robustness - INFO - Model was evaluated on benign data
2019-09-07 18:05:12,264 - robustness - INFO - Model is being evaluated on FGSM data
2019-09-07 18:05:14,042 - robustness - INFO - Model was evaluated from featurizations
2019-09-07 18:05:14,790 - robustness - INFO - Model is being evaluated on FGSM data
2019-09-07 18:05:15,169 - robustness - INFO - Model is being evaluated on FGSM data
2019-09-07 18:05:15,540 - robustness - INFO - Model is being evaluated on FGSM data
2019-09-07 18:05:15,917 - robustness - INFO - Model is being evaluated on FGSM data
2019-09-07 18:05:16,301 - robustness - INFO - Model is being evaluated on FGSM data
2019-09-07 18:05:16,678 - robustness - INFO - Model is being evaluated on FGSM data
2019-09-07 18:05:17,069 - robustness - INFO - Model is being evaluated on FGSM data
2019-09-07 18:05:17,447 - robustness - INFO - Model is being evaluated on FGSM data
2019-09-07 18:05:17,863 - robustness - INFO - Model is being evaluated on FGSM data
2019-09-07 18:05:18,277 - robustness - INFO - Model is being evaluated on FGSM data
2019-09-07 18:05:18,673 - robustness - INFO - Model is being evaluated on FGSM data
2019-09-07 18:05:19,060 - robustness - INFO - Model is being evaluated on FGSM data
2019-09-07 18:05:19,459 - robustness - INFO - Model is being evaluated on FGSM data
2019-09-07 18:05:19,866 - robustness - INFO - Model is being evaluated on FGSM data
2019-09-07 18:05:20,265 - robustness - INFO - Model is being evaluated on FGSM data
2019-09-07 18:05:20,679 - robustness - INFO - Model is being evaluated on FGSM data
2019-09-07 18:05:21,093 - robustness - INFO - Model is being evaluated on FGSM data
2019-09-07 18:05:21,507 - robustness - INFO - Model is being evaluated on FGSM data
2019-09-07 18:05:21,926 - robustness - INFO - Model is being evaluated on FGSM data
2019-09-07 18:05:22,359 - robustness - INFO - Model is being evaluated on FGSM data
2019-09-07 18:05:22,785 - robustness - INFO - Model is being evaluated on FGSM data
2019-09-07 18:05:23,217 - robustness - INFO - Model is being evaluated on FGSM data
2019-09-07 18:05:23,637 - robustness - INFO - Model is being evaluated on FGSM data
2019-09-07 18:05:24,052 - robustness - INFO - Model is being evaluated on FGSM data
2019-09-07 18:05:24,491 - robustness - INFO - Model is being evaluated on FGSM data
2019-09-07 18:05:25,050 - robustness - INFO - Model is being evaluated on FGSM data
2019-09-07 18:05:25,480 - robustness - INFO - Model is being evaluated on FGSM data
2019-09-07 18:05:25,925 - robustness - INFO - Model is being evaluated on FGSM data
2019-09-07 18:05:26,371 - robustness - INFO - Model is being evaluated on FGSM data
2019-09-07 18:05:26,806 - robustness - INFO - Model is being evaluated on FGSM data
2019-09-07 18:05:27,114 - robustness - INFO - Model is being evaluated on PGD points generated using 0.010000 learning rate and 50 iterations
2019-09-07 18:05:32,369 - robustness - INFO - Model is being evaluated on PGD points generated using 0.010000 learning rate and 50 iterations
2019-09-07 18:05:37,807 - robustness - INFO - Model is being evaluated on PGD points generated using 0.010000 learning rate and 50 iterations
2019-09-07 18:05:43,161 - robustness - INFO - Model is being evaluated on PGD points generated using 0.010000 learning rate and 50 iterations
2019-09-07 18:05:48,622 - robustness - INFO - Model is being evaluated on PGD points generated using 0.010000 learning rate and 50 iterations
2019-09-07 18:05:54,522 - robustness - INFO - Model is being evaluated on PGD points generated using 0.010000 learning rate and 50 iterations
2019-09-07 18:06:00,990 - robustness - INFO - Model is being evaluated on PGD points generated using 0.010000 learning rate and 50 iterations
2019-09-07 18:06:07,261 - robustness - INFO - Model is being evaluated on PGD points generated using 0.010000 learning rate and 50 iterations
2019-09-07 18:06:12,904 - robustness - INFO - Model is being evaluated on PGD points generated using 0.010000 learning rate and 50 iterations
2019-09-07 18:06:18,804 - robustness - INFO - Model is being evaluated on PGD points generated using 0.010000 learning rate and 50 iterations
2019-09-07 18:06:25,200 - robustness - INFO - Model is being evaluated on PGD points generated using 0.010000 learning rate and 50 iterations
2019-09-07 18:06:30,965 - robustness - INFO - Model is being evaluated on PGD points generated using 0.010000 learning rate and 50 iterations
2019-09-07 18:06:37,372 - robustness - INFO - Model is being evaluated on PGD points generated using 0.010000 learning rate and 50 iterations
2019-09-07 18:06:43,566 - robustness - INFO - Model is being evaluated on PGD points generated using 0.010000 learning rate and 50 iterations
2019-09-07 18:21:45,354 - robustness - INFO - Model was evaluated on benign data
2019-09-07 18:21:45,958 - robustness - INFO - Model is being evaluated on FGSM data
2019-09-07 18:22:11,455 - robustness - INFO - Model was evaluated from featurizations
2019-09-07 18:22:12,155 - robustness - INFO - Model was evaluated on benign data
2019-09-07 18:22:12,776 - robustness - INFO - Model is being evaluated on FGSM data
2019-09-07 18:23:25,166 - robustness - INFO - Model was evaluated from featurizations
2019-09-07 18:23:25,839 - robustness - INFO - Model was evaluated on benign data
2019-09-07 18:23:26,507 - robustness - INFO - Model is being evaluated on FGSM data
2019-09-07 18:24:56,852 - robustness - INFO - Model was evaluated from featurizations
2019-09-07 18:24:57,612 - robustness - INFO - Model was evaluated on benign data
2019-09-07 18:24:58,293 - robustness - INFO - Model is being evaluated on FGSM data
2019-09-07 18:25:24,182 - robustness - INFO - Model was evaluated from featurizations
2019-09-07 18:25:24,945 - robustness - INFO - Model was evaluated on benign data
2019-09-07 18:25:25,585 - robustness - INFO - Model is being evaluated on FGSM data
2019-09-07 18:25:44,736 - robustness - INFO - Model was evaluated from featurizations
