2019-08-06 12:37:01,267 - robustness - INFO - Created model successfully. Now going to train
2019-08-06 12:37:04,189 - robustness - INFO - Epoch: 0001    cost: 0.715362081 
2019-08-06 12:37:04,189 - robustness - INFO - Accuracy on batch: 0.968750
2019-08-06 12:37:06,291 - robustness - INFO - Epoch: 0002    cost: 0.526516996 
2019-08-06 12:37:06,291 - robustness - INFO - Accuracy on batch: 1.000000
2019-08-06 12:37:08,380 - robustness - INFO - Epoch: 0003    cost: 0.489385775 
2019-08-06 12:37:08,381 - robustness - INFO - Accuracy on batch: 1.000000
2019-08-06 12:37:10,431 - robustness - INFO - Epoch: 0004    cost: 0.468692632 
2019-08-06 12:37:10,431 - robustness - INFO - Accuracy on batch: 1.000000
2019-08-06 12:37:12,481 - robustness - INFO - Epoch: 0005    cost: 0.454035026 
2019-08-06 12:37:12,481 - robustness - INFO - Accuracy on batch: 0.968750
2019-08-06 12:37:14,533 - robustness - INFO - Epoch: 0006    cost: 0.442209596 
2019-08-06 12:37:14,533 - robustness - INFO - Accuracy on batch: 1.000000
2019-08-06 12:37:16,582 - robustness - INFO - Epoch: 0007    cost: 0.434995566 
2019-08-06 12:37:16,582 - robustness - INFO - Accuracy on batch: 1.000000
2019-08-06 12:37:18,614 - robustness - INFO - Epoch: 0008    cost: 0.427695844 
2019-08-06 12:37:18,614 - robustness - INFO - Accuracy on batch: 0.937500
2019-08-06 12:37:20,603 - robustness - INFO - Epoch: 0009    cost: 0.420952917 
2019-08-06 12:37:20,604 - robustness - INFO - Accuracy on batch: 1.000000
2019-08-06 12:37:22,644 - robustness - INFO - Epoch: 0010    cost: 0.419084053 
2019-08-06 12:37:22,644 - robustness - INFO - Accuracy on batch: 0.968750
2019-08-06 12:37:24,716 - robustness - INFO - Epoch: 0011    cost: 0.404647533 
2019-08-06 12:37:24,716 - robustness - INFO - Accuracy on batch: 0.968750
2019-08-06 12:37:26,753 - robustness - INFO - Epoch: 0012    cost: 0.401925073 
2019-08-06 12:37:26,753 - robustness - INFO - Accuracy on batch: 1.000000
2019-08-06 12:37:28,847 - robustness - INFO - Epoch: 0013    cost: 0.399224645 
2019-08-06 12:37:28,847 - robustness - INFO - Accuracy on batch: 0.937500
2019-08-06 12:37:30,907 - robustness - INFO - Epoch: 0014    cost: 0.391967304 
2019-08-06 12:37:30,907 - robustness - INFO - Accuracy on batch: 1.000000
2019-08-06 12:37:33,033 - robustness - INFO - Epoch: 0015    cost: 0.390156492 
2019-08-06 12:37:33,033 - robustness - INFO - Accuracy on batch: 1.000000
2019-08-06 12:37:35,102 - robustness - INFO - Epoch: 0016    cost: 0.384258331 
2019-08-06 12:37:35,102 - robustness - INFO - Accuracy on batch: 1.000000
2019-08-06 12:37:37,163 - robustness - INFO - Epoch: 0017    cost: 0.384601020 
2019-08-06 12:37:37,163 - robustness - INFO - Accuracy on batch: 0.937500
2019-08-06 12:37:39,215 - robustness - INFO - Epoch: 0018    cost: 0.377837349 
2019-08-06 12:37:39,215 - robustness - INFO - Accuracy on batch: 0.968750
2019-08-06 12:37:41,231 - robustness - INFO - Epoch: 0019    cost: 0.380988947 
2019-08-06 12:37:41,233 - robustness - INFO - Accuracy on batch: 0.968750
2019-08-06 12:37:43,290 - robustness - INFO - Epoch: 0020    cost: 0.377254024 
2019-08-06 12:37:43,290 - robustness - INFO - Accuracy on batch: 0.968750
2019-08-06 12:37:45,323 - robustness - INFO - Epoch: 0021    cost: 0.374306357 
2019-08-06 12:37:45,323 - robustness - INFO - Accuracy on batch: 0.968750
2019-08-06 12:37:47,351 - robustness - INFO - Epoch: 0022    cost: 0.370985270 
2019-08-06 12:37:47,351 - robustness - INFO - Accuracy on batch: 0.968750
2019-08-06 12:37:49,398 - robustness - INFO - Epoch: 0023    cost: 0.371926063 
2019-08-06 12:37:49,398 - robustness - INFO - Accuracy on batch: 1.000000
2019-08-06 12:37:51,422 - robustness - INFO - Epoch: 0024    cost: 0.369404958 
2019-08-06 12:37:51,422 - robustness - INFO - Accuracy on batch: 0.968750
2019-08-06 12:37:53,459 - robustness - INFO - Epoch: 0025    cost: 0.368921774 
2019-08-06 12:37:53,459 - robustness - INFO - Accuracy on batch: 0.968750
2019-08-06 12:37:55,501 - robustness - INFO - Epoch: 0026    cost: 0.368203976 
2019-08-06 12:37:55,501 - robustness - INFO - Accuracy on batch: 1.000000
2019-08-06 12:37:57,568 - robustness - INFO - Epoch: 0027    cost: 0.367705159 
2019-08-06 12:37:57,570 - robustness - INFO - Accuracy on batch: 1.000000
2019-08-06 12:37:59,593 - robustness - INFO - Epoch: 0028    cost: 0.366888937 
2019-08-06 12:37:59,593 - robustness - INFO - Accuracy on batch: 0.968750
2019-08-06 12:38:01,595 - robustness - INFO - Epoch: 0029    cost: 0.365535014 
2019-08-06 12:38:01,595 - robustness - INFO - Accuracy on batch: 1.000000
2019-08-06 12:38:03,636 - robustness - INFO - Epoch: 0030    cost: 0.365270756 
2019-08-06 12:38:03,637 - robustness - INFO - Accuracy on batch: 1.000000
2019-08-06 12:38:03,637 - robustness - INFO - Optimization Finished!
2019-08-06 12:38:03,871 - robustness - INFO - Final Train Loss 0.127076
2019-08-06 12:38:03,873 - robustness - INFO - Final Train Accuracy 0.961617:
2019-08-06 12:38:04,210 - robustness - INFO - ----Regular test accuracy and loss ----
2019-08-06 12:38:04,210 - robustness - INFO - (0.1429557, 0.9586)
2019-08-06 12:38:04,211 - robustness - INFO - ----FGSM test accuracy and loss ----
2019-08-06 12:38:04,211 - robustness - INFO - (4.1225033, 0.2369)
2019-08-06 12:38:10,548 - robustness - INFO - ----PGD test accuracy and loss ----
2019-08-06 12:38:10,548 - robustness - INFO - (12.361754, 0.037)
2019-08-06 12:38:10,687 - robustness - INFO - [29.190838, 5.508862, 3.9576876, 1.9097207, 1.488211, 1.3313731, 1.552425, 1.4604229]
2019-08-06 12:38:27,414 - robustness - INFO - ---Distances----
2019-08-06 12:38:27,414 - robustness - INFO - [2.139943  3.496155  3.843952  5.1138744 6.2203045 6.9547405 8.452685 ]
2019-08-06 12:38:27,415 - robustness - INFO - ------Std devs on Distances----
2019-08-06 12:38:27,415 - robustness - INFO - [0.1991669 0.8901173 1.1147407 1.416672  1.7583722 1.9569728 2.34549  ]
