2019-09-08 18:58:56,760 - robustness - INFO - Model graph was created
2019-09-08 18:58:56,801 - robustness - INFO - Created model successfully. Now going to train
2019-09-08 19:00:03,635 - robustness - INFO - Model was trained on benign data
2019-09-08 19:00:03,788 - robustness - INFO - Saved model at weights/model_346.ckpt
2019-09-08 19:00:03,876 - robustness - INFO - Model was evaluated on benign data
2019-09-08 19:00:04,114 - robustness - INFO - Model is being evaluated on FGSM data
2019-09-08 19:00:04,134 - robustness - INFO - ----Regular test accuracy and loss ----
2019-09-08 19:00:04,135 - robustness - INFO - (0.33331847, 0.9189)
2019-09-08 19:00:04,135 - robustness - INFO - ----FGSM test accuracy and loss ----
2019-09-08 19:00:04,135 - robustness - INFO - (6.3670597, 0.0587)
2019-09-08 19:00:04,135 - robustness - INFO - Model is being evaluated on PGD points generated using 0.010000 learning rate and 50 iterations
2019-09-08 19:00:09,951 - robustness - INFO - ----PGD test accuracy and loss ----
2019-09-08 19:00:09,952 - robustness - INFO - (8.843082, 0.0221)
2019-09-08 19:00:10,079 - robustness - INFO - [33.718807, 2.9477801, 2.0959005, 1.7632871, 2.2024982, 4.748903, 8.546004, 6.910356]
2019-09-08 19:00:10,080 - robustness - INFO - Getting activation distances between regular and FGSM data
2019-09-08 19:00:27,816 - robustness - INFO - ---Distances----
2019-09-08 19:00:27,817 - robustness - INFO - [1.5257524  0.7150309  0.56886697 0.49205807 0.57274866 1.5198021
 4.5895967 ]
2019-09-08 19:00:27,818 - robustness - INFO - ------Std devs on Distances----
2019-09-08 19:00:27,818 - robustness - INFO - [0.40341124 0.27728188 0.23070364 0.20924476 0.24271892 0.6384129
 2.06795   ]
