2019-08-21 09:22:03,180 - robustness - DEBUG - Initialized instance variables of the robust model class
2019-08-21 09:22:03,182 - robustness - DEBUG - Created placeholders for x and y
2019-08-21 09:22:03,344 - robustness - DEBUG - Created layers and tensor for logits
2019-08-21 09:22:03,362 - robustness - DEBUG - Added loss computation to the graph
2019-08-21 09:22:03,365 - robustness - DEBUG - Added accuracy computation to the graph
2019-08-21 09:22:03,366 - robustness - INFO - Model graph was created
2019-08-21 09:22:03,368 - robustness - INFO - Created model successfully. Now going to train
2019-08-21 09:22:14,563 - robustness - DEBUG - Epoch: 0001    cost: 2.304957628 
2019-08-21 09:22:14,565 - robustness - DEBUG - Accuracy on batch: 0.092217
2019-08-21 09:22:21,307 - robustness - DEBUG - Epoch: 0002    cost: 2.292361021 
2019-08-21 09:22:21,308 - robustness - DEBUG - Accuracy on batch: 0.167850
2019-08-21 09:22:27,793 - robustness - DEBUG - Epoch: 0003    cost: 2.273145676 
2019-08-21 09:22:27,793 - robustness - DEBUG - Accuracy on batch: 0.217400
2019-08-21 09:22:34,298 - robustness - DEBUG - Epoch: 0004    cost: 2.242407799 
2019-08-21 09:22:34,300 - robustness - DEBUG - Accuracy on batch: 0.250933
2019-08-21 09:22:40,738 - robustness - DEBUG - Epoch: 0005    cost: 2.199781179 
2019-08-21 09:22:40,738 - robustness - DEBUG - Accuracy on batch: 0.260283
2019-08-21 09:22:47,255 - robustness - DEBUG - Epoch: 0006    cost: 2.144805193 
2019-08-21 09:22:47,257 - robustness - DEBUG - Accuracy on batch: 0.271300
2019-08-21 09:22:53,698 - robustness - DEBUG - Epoch: 0007    cost: 2.078116894 
2019-08-21 09:22:53,699 - robustness - DEBUG - Accuracy on batch: 0.283350
2019-08-21 09:23:00,256 - robustness - DEBUG - Epoch: 0008    cost: 2.003582478 
2019-08-21 09:23:00,258 - robustness - DEBUG - Accuracy on batch: 0.292450
2019-08-21 09:23:06,785 - robustness - DEBUG - Epoch: 0009    cost: 1.928630471 
2019-08-21 09:23:06,785 - robustness - DEBUG - Accuracy on batch: 0.299583
2019-08-21 09:23:13,329 - robustness - DEBUG - Epoch: 0010    cost: 1.854513526 
2019-08-21 09:23:13,330 - robustness - DEBUG - Accuracy on batch: 0.306350
2019-08-21 09:23:19,948 - robustness - DEBUG - Epoch: 0011    cost: 1.777759671 
2019-08-21 09:23:19,950 - robustness - DEBUG - Accuracy on batch: 0.325750
2019-08-21 09:23:26,438 - robustness - DEBUG - Epoch: 0012    cost: 1.693230152 
2019-08-21 09:23:26,439 - robustness - DEBUG - Accuracy on batch: 0.368017
2019-08-21 09:23:32,865 - robustness - DEBUG - Epoch: 0013    cost: 1.600481391 
2019-08-21 09:23:32,866 - robustness - DEBUG - Accuracy on batch: 0.395633
2019-08-21 09:23:39,347 - robustness - DEBUG - Epoch: 0014    cost: 1.500526071 
2019-08-21 09:23:39,347 - robustness - DEBUG - Accuracy on batch: 0.431483
2019-08-21 09:23:45,809 - robustness - DEBUG - Epoch: 0015    cost: 1.398298979 
2019-08-21 09:23:45,810 - robustness - DEBUG - Accuracy on batch: 0.459200
2019-08-21 09:23:52,287 - robustness - DEBUG - Epoch: 0016    cost: 1.296241164 
2019-08-21 09:23:52,289 - robustness - DEBUG - Accuracy on batch: 0.505650
2019-08-21 09:23:58,740 - robustness - DEBUG - Epoch: 0017    cost: 1.196510911 
2019-08-21 09:23:58,740 - robustness - DEBUG - Accuracy on batch: 0.581433
2019-08-21 09:24:05,180 - robustness - DEBUG - Epoch: 0018    cost: 1.107707262 
2019-08-21 09:24:05,181 - robustness - DEBUG - Accuracy on batch: 0.619917
2019-08-21 09:24:11,649 - robustness - DEBUG - Epoch: 0019    cost: 1.030003071 
2019-08-21 09:24:11,651 - robustness - DEBUG - Accuracy on batch: 0.634417
2019-08-21 09:24:18,187 - robustness - DEBUG - Epoch: 0020    cost: 0.953905463 
2019-08-21 09:24:18,187 - robustness - DEBUG - Accuracy on batch: 0.684117
2019-08-21 09:24:24,686 - robustness - DEBUG - Epoch: 0021    cost: 0.896789968 
2019-08-21 09:24:24,695 - robustness - DEBUG - Accuracy on batch: 0.717333
2019-08-21 09:24:31,204 - robustness - DEBUG - Epoch: 0022    cost: 0.848137319 
2019-08-21 09:24:31,205 - robustness - DEBUG - Accuracy on batch: 0.734850
2019-08-21 09:24:37,542 - robustness - DEBUG - Epoch: 0023    cost: 0.808671892 
2019-08-21 09:24:37,543 - robustness - DEBUG - Accuracy on batch: 0.750217
2019-08-21 09:24:43,981 - robustness - DEBUG - Epoch: 0024    cost: 0.751281261 
2019-08-21 09:24:43,981 - robustness - DEBUG - Accuracy on batch: 0.763033
2019-08-21 09:24:50,286 - robustness - DEBUG - Epoch: 0025    cost: 0.717234612 
2019-08-21 09:24:50,286 - robustness - DEBUG - Accuracy on batch: 0.774033
2019-08-21 09:24:56,684 - robustness - DEBUG - Epoch: 0026    cost: 0.679397047 
2019-08-21 09:24:56,684 - robustness - DEBUG - Accuracy on batch: 0.797917
2019-08-21 09:25:03,077 - robustness - DEBUG - Epoch: 0027    cost: 0.635916531 
2019-08-21 09:25:03,078 - robustness - DEBUG - Accuracy on batch: 0.810867
2019-08-21 09:25:09,559 - robustness - DEBUG - Epoch: 0028    cost: 0.622046351 
2019-08-21 09:25:09,559 - robustness - DEBUG - Accuracy on batch: 0.815983
2019-08-21 09:25:15,885 - robustness - DEBUG - Epoch: 0029    cost: 0.581324935 
2019-08-21 09:25:15,886 - robustness - DEBUG - Accuracy on batch: 0.830183
2019-08-21 09:25:22,295 - robustness - DEBUG - Epoch: 0030    cost: 0.565302610 
2019-08-21 09:25:22,296 - robustness - DEBUG - Accuracy on batch: 0.834783
2019-08-21 09:25:22,296 - robustness - DEBUG - Optimization Finished!
2019-08-21 09:25:22,496 - robustness - DEBUG - Final Train Loss 0.529315
2019-08-21 09:25:22,497 - robustness - DEBUG - Final Train Accuracy 0.842667:
2019-08-21 09:25:23,599 - robustness - INFO - Model was evaluated on benign data
2019-08-21 09:25:23,775 - robustness - INFO - Model is being evaluated on FGSM data
2019-08-21 09:25:23,785 - robustness - INFO - ----Regular test accuracy and loss ----
2019-08-21 09:25:23,786 - robustness - INFO - (0.5191886, 0.847)
2019-08-21 09:25:23,786 - robustness - INFO - ----FGSM test accuracy and loss ----
2019-08-21 09:25:23,786 - robustness - INFO - (6.905069, 0.0249)
2019-08-21 09:25:23,786 - robustness - INFO - Model is being evaluated on PGD points generated using 0.050000 learning rate and 100 iterations
