2019-09-08 14:35:58,612 - robustness - INFO - Model graph was created
2019-09-08 14:35:58,781 - robustness - INFO - Created model successfully. Now going to load weights
2019-09-08 14:35:58,828 - robustness - INFO - Successfully restored weights from non rob model.
2019-09-08 14:35:58,859 - robustness - INFO - Successfully restored weights from rob model.
2019-09-08 14:35:59,942 - robustness - INFO - Model was trained on benign data
2019-09-08 14:35:59,944 - robustness - INFO - Trained one epoch to attempt to make weights from different models compatible
2019-09-08 14:35:59,968 - robustness - INFO - Model was evaluated on benign data
2019-09-08 14:35:59,970 - robustness - INFO - ----Regular test accuracy and loss ----
2019-09-08 14:35:59,971 - robustness - INFO - (0.6153447, 0.8071)
2019-09-08 14:35:59,973 - robustness - INFO - Evaluating on FGSM points now.
2019-09-08 14:36:00,143 - robustness - INFO - Model is being evaluated on FGSM data
2019-09-08 14:36:00,157 - robustness - INFO - ----FGSM test accuracy and loss ----
2019-09-08 14:36:00,159 - robustness - INFO - (2.5958252, 0.362)
2019-09-08 14:36:00,320 - robustness - INFO - Evaluating on PGD points now.
2019-09-08 14:36:00,321 - robustness - INFO - Model is being evaluated on PGD points generated using 0.010000 learning rate and 40 iterations
2019-09-08 14:36:04,279 - robustness - INFO - ----PGD test accuracy and loss ----
2019-09-08 14:36:04,281 - robustness - INFO - (4.1492357, 0.2116)
2019-09-08 14:36:05,162 - robustness - INFO - Model graph was created
2019-09-08 14:36:05,166 - robustness - INFO - Created model successfully. Now going to load weights
2019-09-08 14:36:05,423 - robustness - INFO - Model was evaluated on benign data
2019-09-08 14:36:05,424 - robustness - INFO - ----Regular test accuracy and loss ----
2019-09-08 14:36:05,425 - robustness - INFO - (0.17380294, 0.9559)
2019-09-08 14:36:05,448 - robustness - INFO - Model was evaluated on benign data
2019-09-08 14:36:05,450 - robustness - INFO - ----Regular test accuracy and loss ----
2019-09-08 14:36:05,451 - robustness - INFO - (0.17380294, 0.9559)
2019-09-08 14:36:05,650 - robustness - INFO - Model is being evaluated on FGSM data
2019-09-08 14:36:05,665 - robustness - INFO - ----FGSM test accuracy and loss ----
2019-09-08 14:36:05,666 - robustness - INFO - (6.6653485, 0.0579)
2019-09-08 14:36:08,931 - robustness - INFO - Model was evaluated from featurizations
2019-09-08 14:36:09,734 - robustness - INFO - Model graph was created
2019-09-08 14:36:09,738 - robustness - INFO - Created model successfully. Now going to load weights
2019-09-08 14:36:10,096 - robustness - INFO - Model was evaluated on benign data
2019-09-08 14:36:10,097 - robustness - INFO - ----Regular test accuracy and loss ----
2019-09-08 14:36:10,099 - robustness - INFO - (0.3424165, 0.8982)
2019-09-08 14:36:10,119 - robustness - INFO - Model was evaluated on benign data
2019-09-08 14:36:10,120 - robustness - INFO - ----Regular test accuracy and loss ----
2019-09-08 14:36:10,121 - robustness - INFO - (0.3424165, 0.8982)
2019-09-08 14:36:10,348 - robustness - INFO - Model is being evaluated on FGSM data
2019-09-08 14:36:10,364 - robustness - INFO - ----FGSM test accuracy and loss ----
2019-09-08 14:36:10,365 - robustness - INFO - (3.3301492, 0.3424)
2019-09-08 14:36:12,190 - robustness - INFO - Model graph was created
2019-09-08 14:36:12,194 - robustness - INFO - Created model successfully. Now going to load weights
2019-09-08 14:36:12,629 - robustness - INFO - Model was evaluated on benign data
2019-09-08 14:36:12,631 - robustness - INFO - ----Regular test accuracy and loss ----
2019-09-08 14:36:12,632 - robustness - INFO - (0.4752624, 0.8653)
2019-09-08 14:36:12,654 - robustness - INFO - Model was evaluated on benign data
2019-09-08 14:36:12,655 - robustness - INFO - ----Regular test accuracy and loss ----
2019-09-08 14:36:12,657 - robustness - INFO - (0.4752624, 0.8653)
2019-09-08 14:36:12,882 - robustness - INFO - Model is being evaluated on FGSM data
2019-09-08 14:36:12,896 - robustness - INFO - ----FGSM test accuracy and loss ----
2019-09-08 14:36:12,897 - robustness - INFO - (3.4028633, 0.1185)
2019-09-08 14:36:14,817 - robustness - INFO - Adversarial Training
2019-09-08 14:36:14,959 - robustness - INFO - Model graph was created
2019-09-08 14:37:32,785 - robustness - INFO - Model was trained on adversarial data
2019-09-08 14:37:32,898 - robustness - INFO - Model was evaluated on benign data
2019-09-08 14:37:33,202 - robustness - INFO - Model is being evaluated on FGSM data
2019-09-08 14:37:36,607 - robustness - INFO - Model was evaluated on benign data
2019-09-08 14:37:37,027 - robustness - INFO - Model is being evaluated on FGSM data
2019-09-08 14:37:38,806 - robustness - INFO - Model was evaluated from featurizations
2019-09-08 14:37:39,322 - robustness - INFO - Model was evaluated on benign data
2019-09-08 14:37:39,675 - robustness - INFO - Model is being evaluated on FGSM data
2019-09-08 14:37:41,779 - robustness - INFO - Model was evaluated from featurizations
2019-09-08 14:37:42,097 - robustness - INFO - Model was evaluated on benign data
2019-09-08 14:37:42,420 - robustness - INFO - Model is being evaluated on FGSM data
2019-09-08 14:37:44,219 - robustness - INFO - Model was evaluated from featurizations
2019-09-08 14:37:44,543 - robustness - INFO - Model was evaluated on benign data
2019-09-08 14:37:44,862 - robustness - INFO - Model is being evaluated on FGSM data
2019-09-08 14:37:46,636 - robustness - INFO - Model was evaluated from featurizations
2019-09-08 14:37:46,965 - robustness - INFO - Model was evaluated on benign data
2019-09-08 14:37:47,299 - robustness - INFO - Model is being evaluated on FGSM data
2019-09-08 14:37:49,107 - robustness - INFO - Model was evaluated from featurizations
2019-09-08 14:37:49,818 - robustness - INFO - Model is being evaluated on FGSM data
2019-09-08 14:37:50,177 - robustness - INFO - Model is being evaluated on FGSM data
2019-09-08 14:37:50,533 - robustness - INFO - Model is being evaluated on FGSM data
2019-09-08 14:37:50,897 - robustness - INFO - Model is being evaluated on FGSM data
2019-09-08 14:37:51,268 - robustness - INFO - Model is being evaluated on FGSM data
2019-09-08 14:37:51,646 - robustness - INFO - Model is being evaluated on FGSM data
2019-09-08 14:37:52,032 - robustness - INFO - Model is being evaluated on FGSM data
2019-09-08 14:37:52,407 - robustness - INFO - Model is being evaluated on FGSM data
2019-09-08 14:37:52,779 - robustness - INFO - Model is being evaluated on FGSM data
2019-09-08 14:37:53,157 - robustness - INFO - Model is being evaluated on FGSM data
2019-09-08 14:37:53,540 - robustness - INFO - Model is being evaluated on FGSM data
2019-09-08 14:37:53,929 - robustness - INFO - Model is being evaluated on FGSM data
2019-09-08 14:37:54,329 - robustness - INFO - Model is being evaluated on FGSM data
2019-09-08 14:37:54,736 - robustness - INFO - Model is being evaluated on FGSM data
2019-09-08 14:37:55,172 - robustness - INFO - Model is being evaluated on FGSM data
2019-09-08 14:37:55,578 - robustness - INFO - Model is being evaluated on FGSM data
2019-09-08 14:37:55,982 - robustness - INFO - Model is being evaluated on FGSM data
2019-09-08 14:37:56,413 - robustness - INFO - Model is being evaluated on FGSM data
2019-09-08 14:37:56,823 - robustness - INFO - Model is being evaluated on FGSM data
2019-09-08 14:37:57,231 - robustness - INFO - Model is being evaluated on FGSM data
2019-09-08 14:37:57,649 - robustness - INFO - Model is being evaluated on FGSM data
2019-09-08 14:37:58,083 - robustness - INFO - Model is being evaluated on FGSM data
2019-09-08 14:37:58,523 - robustness - INFO - Model is being evaluated on FGSM data
2019-09-08 14:37:58,967 - robustness - INFO - Model is being evaluated on FGSM data
2019-09-08 14:37:59,445 - robustness - INFO - Model is being evaluated on FGSM data
2019-09-08 14:38:00,294 - robustness - INFO - Model is being evaluated on FGSM data
2019-09-08 14:38:00,825 - robustness - INFO - Model is being evaluated on FGSM data
2019-09-08 14:38:01,335 - robustness - INFO - Model is being evaluated on FGSM data
2019-09-08 14:38:01,815 - robustness - INFO - Model is being evaluated on FGSM data
2019-09-08 14:38:02,320 - robustness - INFO - Model is being evaluated on FGSM data
2019-09-08 14:38:02,624 - robustness - INFO - Model is being evaluated on PGD points generated using 0.010000 learning rate and 50 iterations
2019-09-08 14:38:08,037 - robustness - INFO - Model is being evaluated on PGD points generated using 0.010000 learning rate and 50 iterations
2019-09-08 14:38:14,173 - robustness - INFO - Model is being evaluated on PGD points generated using 0.010000 learning rate and 50 iterations
2019-09-08 14:38:19,773 - robustness - INFO - Model is being evaluated on PGD points generated using 0.010000 learning rate and 50 iterations
2019-09-08 14:38:25,309 - robustness - INFO - Model is being evaluated on PGD points generated using 0.010000 learning rate and 50 iterations
2019-09-08 14:38:30,884 - robustness - INFO - Model is being evaluated on PGD points generated using 0.010000 learning rate and 50 iterations
2019-09-08 14:38:36,560 - robustness - INFO - Model is being evaluated on PGD points generated using 0.010000 learning rate and 50 iterations
2019-09-08 14:38:42,186 - robustness - INFO - Model is being evaluated on PGD points generated using 0.010000 learning rate and 50 iterations
2019-09-08 14:38:47,880 - robustness - INFO - Model is being evaluated on PGD points generated using 0.010000 learning rate and 50 iterations
2019-09-08 14:38:53,558 - robustness - INFO - Model is being evaluated on PGD points generated using 0.010000 learning rate and 50 iterations
2019-09-08 14:38:59,650 - robustness - INFO - Model is being evaluated on PGD points generated using 0.010000 learning rate and 50 iterations
2019-09-08 14:39:05,428 - robustness - INFO - Model is being evaluated on PGD points generated using 0.010000 learning rate and 50 iterations
2019-09-08 14:39:10,791 - robustness - INFO - Model is being evaluated on PGD points generated using 0.010000 learning rate and 50 iterations
2019-09-08 14:39:16,542 - robustness - INFO - Model is being evaluated on PGD points generated using 0.010000 learning rate and 50 iterations
2019-09-08 14:39:22,229 - robustness - INFO - Model is being evaluated on PGD points generated using 0.010000 learning rate and 50 iterations
2019-09-08 14:39:27,722 - robustness - INFO - Model is being evaluated on PGD points generated using 0.010000 learning rate and 50 iterations
2019-09-08 14:39:33,237 - robustness - INFO - Model is being evaluated on PGD points generated using 0.010000 learning rate and 50 iterations
2019-09-08 14:39:38,892 - robustness - INFO - Model is being evaluated on PGD points generated using 0.010000 learning rate and 50 iterations
2019-09-08 14:39:44,690 - robustness - INFO - Model is being evaluated on PGD points generated using 0.010000 learning rate and 50 iterations
2019-09-08 14:39:50,530 - robustness - INFO - Model is being evaluated on PGD points generated using 0.010000 learning rate and 50 iterations
2019-09-08 14:39:56,005 - robustness - INFO - Model is being evaluated on PGD points generated using 0.010000 learning rate and 50 iterations
2019-09-08 14:40:01,573 - robustness - INFO - Model is being evaluated on PGD points generated using 0.010000 learning rate and 50 iterations
2019-09-08 14:40:07,394 - robustness - INFO - Model is being evaluated on PGD points generated using 0.010000 learning rate and 50 iterations
2019-09-08 14:40:13,401 - robustness - INFO - Model is being evaluated on PGD points generated using 0.010000 learning rate and 50 iterations
2019-09-08 14:40:19,146 - robustness - INFO - Model is being evaluated on PGD points generated using 0.010000 learning rate and 50 iterations
2019-09-08 14:40:25,238 - robustness - INFO - Model is being evaluated on PGD points generated using 0.010000 learning rate and 50 iterations
2019-09-08 14:40:31,702 - robustness - INFO - Model is being evaluated on PGD points generated using 0.010000 learning rate and 50 iterations
2019-09-08 14:40:37,475 - robustness - INFO - Model is being evaluated on PGD points generated using 0.010000 learning rate and 50 iterations
2019-09-08 14:40:43,576 - robustness - INFO - Model is being evaluated on PGD points generated using 0.010000 learning rate and 50 iterations
2019-09-08 14:40:49,286 - robustness - INFO - Model is being evaluated on PGD points generated using 0.010000 learning rate and 50 iterations
