2019-08-05 23:07:05,281 - robustness - INFO - Created model successfully. Now going to train
2019-08-05 23:07:07,876 - robustness - INFO - Epoch: 0001    cost: 0.384129973 
2019-08-05 23:07:07,876 - robustness - INFO - Accuracy on batch: 0.968750
2019-08-05 23:07:09,854 - robustness - INFO - Epoch: 0002    cost: 0.210762916 
2019-08-05 23:07:09,855 - robustness - INFO - Accuracy on batch: 1.000000
2019-08-05 23:07:11,748 - robustness - INFO - Epoch: 0003    cost: 0.175319450 
2019-08-05 23:07:11,748 - robustness - INFO - Accuracy on batch: 0.968750
2019-08-05 23:07:11,748 - robustness - INFO - Optimization Finished!
2019-08-05 23:07:11,983 - robustness - INFO - Final Train Loss 0.147908
2019-08-05 23:07:11,983 - robustness - INFO - Final Train Accuracy 0.958917:
2019-08-05 23:07:12,321 - robustness - INFO - ----Regular test accuracy and loss ----
2019-08-05 23:07:12,321 - robustness - INFO - (0.17103767, 0.9531)
2019-08-05 23:07:12,321 - robustness - INFO - ----FGSM test accuracy and loss ----
2019-08-05 23:07:12,322 - robustness - INFO - (6.3987045, 0.0485)
2019-08-05 23:07:19,718 - robustness - INFO - ----PGD test accuracy and loss ----
2019-08-05 23:07:19,719 - robustness - INFO - (24.46602, 0.0134)
2019-08-05 23:07:19,855 - robustness - INFO - [140.55019, 9.100359, 9.088696, 8.028114, 8.66318, 7.551326, 7.209709, 10.0992565]
2019-08-05 23:07:35,421 - robustness - INFO - [7.135254  7.887454  7.845998  8.052931  8.5888    8.207241  6.9763064]
2019-08-05 23:07:35,423 - robustness - INFO - [1.5255203 2.6645215 2.7020838 3.0337229 3.5661223 3.2582386 2.2751307]
2019-08-05 23:07:35,994 - robustness - INFO - [6.2542853, 11.837788, 9.37842, 11.277849, 11.431242, 7.5130863, 6.4608884]
