2019-09-08 19:13:41,138 - robustness - INFO - Model graph was created
2019-09-08 19:13:41,542 - robustness - INFO - Created model successfully. Now going to load weights
2019-09-08 19:13:41,602 - robustness - INFO - Successfully restored weights from non rob model.
2019-09-08 19:13:41,641 - robustness - INFO - Successfully restored weights from rob model.
2019-09-08 19:13:42,756 - robustness - INFO - Model was trained on benign data
2019-09-08 19:13:42,758 - robustness - INFO - Trained one epoch to attempt to make weights from different models compatible
2019-09-08 19:13:42,784 - robustness - INFO - Model was evaluated on benign data
2019-09-08 19:13:42,786 - robustness - INFO - ----Regular test accuracy and loss ----
2019-09-08 19:13:42,787 - robustness - INFO - (0.6153447, 0.8071)
2019-09-08 19:13:42,789 - robustness - INFO - Evaluating on FGSM points now.
2019-09-08 19:13:42,959 - robustness - INFO - Model is being evaluated on FGSM data
2019-09-08 19:13:42,973 - robustness - INFO - ----FGSM test accuracy and loss ----
2019-09-08 19:13:42,974 - robustness - INFO - (2.5958252, 0.362)
2019-09-08 19:13:43,131 - robustness - INFO - Evaluating on PGD points now.
2019-09-08 19:13:43,132 - robustness - INFO - Model is being evaluated on PGD points generated using 0.010000 learning rate and 40 iterations
2019-09-08 19:13:47,452 - robustness - INFO - ----PGD test accuracy and loss ----
2019-09-08 19:13:47,454 - robustness - INFO - (4.143932, 0.2114)
2019-09-08 19:13:48,402 - robustness - INFO - Model graph was created
2019-09-08 19:13:48,408 - robustness - INFO - Created model successfully. Now going to load weights
2019-09-08 19:13:48,690 - robustness - INFO - Model was evaluated on benign data
2019-09-08 19:13:48,693 - robustness - INFO - ----Regular test accuracy and loss ----
2019-09-08 19:13:48,695 - robustness - INFO - (0.17380294, 0.9559)
2019-09-08 19:13:48,722 - robustness - INFO - Model was evaluated on benign data
2019-09-08 19:13:48,723 - robustness - INFO - ----Regular test accuracy and loss ----
2019-09-08 19:13:48,728 - robustness - INFO - (0.17380294, 0.9559)
2019-09-08 19:13:48,955 - robustness - INFO - Model is being evaluated on FGSM data
2019-09-08 19:13:48,972 - robustness - INFO - ----FGSM test accuracy and loss ----
2019-09-08 19:13:48,974 - robustness - INFO - (6.6653485, 0.0579)
2019-09-08 19:13:52,168 - robustness - INFO - Model was evaluated from featurizations
2019-09-08 19:13:52,962 - robustness - INFO - Model graph was created
2019-09-08 19:13:52,966 - robustness - INFO - Created model successfully. Now going to load weights
2019-09-08 19:13:53,283 - robustness - INFO - Model was evaluated on benign data
2019-09-08 19:13:53,285 - robustness - INFO - ----Regular test accuracy and loss ----
2019-09-08 19:13:53,286 - robustness - INFO - (0.3424165, 0.8982)
2019-09-08 19:13:53,306 - robustness - INFO - Model was evaluated on benign data
2019-09-08 19:13:53,307 - robustness - INFO - ----Regular test accuracy and loss ----
2019-09-08 19:13:53,308 - robustness - INFO - (0.3424165, 0.8982)
2019-09-08 19:13:53,527 - robustness - INFO - Model is being evaluated on FGSM data
2019-09-08 19:13:53,540 - robustness - INFO - ----FGSM test accuracy and loss ----
2019-09-08 19:13:53,541 - robustness - INFO - (3.3301492, 0.3424)
2019-09-08 19:13:55,339 - robustness - INFO - Model graph was created
2019-09-08 19:13:55,344 - robustness - INFO - Created model successfully. Now going to load weights
2019-09-08 19:13:55,700 - robustness - INFO - Model was evaluated on benign data
2019-09-08 19:13:55,701 - robustness - INFO - ----Regular test accuracy and loss ----
2019-09-08 19:13:55,702 - robustness - INFO - (0.4752624, 0.8653)
2019-09-08 19:13:55,725 - robustness - INFO - Model was evaluated on benign data
2019-09-08 19:13:55,726 - robustness - INFO - ----Regular test accuracy and loss ----
2019-09-08 19:13:55,727 - robustness - INFO - (0.4752624, 0.8653)
2019-09-08 19:13:55,955 - robustness - INFO - Model is being evaluated on FGSM data
2019-09-08 19:13:55,969 - robustness - INFO - ----FGSM test accuracy and loss ----
2019-09-08 19:13:55,971 - robustness - INFO - (3.4028633, 0.1185)
2019-09-08 19:13:57,736 - robustness - INFO - Adversarial Training
2019-09-08 19:13:57,964 - robustness - INFO - Model graph was created
2019-09-08 19:15:17,215 - robustness - INFO - Model was trained on adversarial data
2019-09-08 19:15:17,268 - robustness - INFO - Model was evaluated on benign data
2019-09-08 19:15:17,548 - robustness - INFO - Model is being evaluated on FGSM data
2019-09-08 19:15:19,947 - robustness - INFO - Model was evaluated on benign data
2019-09-08 19:15:20,283 - robustness - INFO - Model is being evaluated on FGSM data
2019-09-08 19:15:22,216 - robustness - INFO - Model was evaluated from featurizations
2019-09-08 19:15:22,566 - robustness - INFO - Model was evaluated on benign data
2019-09-08 19:15:22,904 - robustness - INFO - Model is being evaluated on FGSM data
2019-09-08 19:15:25,506 - robustness - INFO - Model was evaluated from featurizations
2019-09-08 19:15:25,859 - robustness - INFO - Model was evaluated on benign data
2019-09-08 19:15:26,226 - robustness - INFO - Model is being evaluated on FGSM data
2019-09-08 19:15:28,044 - robustness - INFO - Model was evaluated from featurizations
2019-09-08 19:15:28,356 - robustness - INFO - Model was evaluated on benign data
2019-09-08 19:15:28,672 - robustness - INFO - Model is being evaluated on FGSM data
2019-09-08 19:15:30,429 - robustness - INFO - Model was evaluated from featurizations
2019-09-08 19:15:30,737 - robustness - INFO - Model was evaluated on benign data
2019-09-08 19:15:31,059 - robustness - INFO - Model is being evaluated on FGSM data
2019-09-08 19:15:32,814 - robustness - INFO - Model was evaluated from featurizations
2019-09-08 19:15:33,832 - robustness - INFO - Model is being evaluated on FGSM data
2019-09-08 19:15:34,202 - robustness - INFO - Model is being evaluated on FGSM data
2019-09-08 19:15:34,560 - robustness - INFO - Model is being evaluated on FGSM data
2019-09-08 19:15:34,932 - robustness - INFO - Model is being evaluated on FGSM data
2019-09-08 19:15:35,298 - robustness - INFO - Model is being evaluated on FGSM data
2019-09-08 19:15:35,673 - robustness - INFO - Model is being evaluated on FGSM data
2019-09-08 19:15:36,049 - robustness - INFO - Model is being evaluated on FGSM data
2019-09-08 19:15:36,414 - robustness - INFO - Model is being evaluated on FGSM data
2019-09-08 19:15:36,789 - robustness - INFO - Model is being evaluated on FGSM data
2019-09-08 19:15:37,161 - robustness - INFO - Model is being evaluated on FGSM data
2019-09-08 19:15:37,532 - robustness - INFO - Model is being evaluated on FGSM data
2019-09-08 19:15:37,909 - robustness - INFO - Model is being evaluated on FGSM data
2019-09-08 19:15:38,293 - robustness - INFO - Model is being evaluated on FGSM data
2019-09-08 19:15:38,680 - robustness - INFO - Model is being evaluated on FGSM data
2019-09-08 19:15:39,070 - robustness - INFO - Model is being evaluated on FGSM data
2019-09-08 19:15:39,466 - robustness - INFO - Model is being evaluated on FGSM data
2019-09-08 19:15:39,859 - robustness - INFO - Model is being evaluated on FGSM data
2019-09-08 19:15:40,308 - robustness - INFO - Model is being evaluated on FGSM data
2019-09-08 19:15:40,774 - robustness - INFO - Model is being evaluated on FGSM data
2019-09-08 19:15:41,219 - robustness - INFO - Model is being evaluated on FGSM data
2019-09-08 19:15:41,649 - robustness - INFO - Model is being evaluated on FGSM data
2019-09-08 19:15:42,159 - robustness - INFO - Model is being evaluated on FGSM data
2019-09-08 19:15:42,607 - robustness - INFO - Model is being evaluated on FGSM data
2019-09-08 19:15:43,073 - robustness - INFO - Model is being evaluated on FGSM data
2019-09-08 19:15:43,500 - robustness - INFO - Model is being evaluated on FGSM data
2019-09-08 19:15:43,919 - robustness - INFO - Model is being evaluated on FGSM data
2019-09-08 19:15:44,355 - robustness - INFO - Model is being evaluated on FGSM data
2019-09-08 19:15:44,921 - robustness - INFO - Model is being evaluated on FGSM data
2019-09-08 19:15:45,359 - robustness - INFO - Model is being evaluated on FGSM data
2019-09-08 19:15:45,787 - robustness - INFO - Model is being evaluated on FGSM data
2019-09-08 19:15:46,058 - robustness - INFO - Model is being evaluated on PGD points generated using 0.010000 learning rate and 50 iterations
2019-09-08 19:15:51,352 - robustness - INFO - Model is being evaluated on PGD points generated using 0.010000 learning rate and 50 iterations
2019-09-08 19:15:56,858 - robustness - INFO - Model is being evaluated on PGD points generated using 0.010000 learning rate and 50 iterations
2019-09-08 19:16:02,342 - robustness - INFO - Model is being evaluated on PGD points generated using 0.010000 learning rate and 50 iterations
2019-09-08 19:16:07,924 - robustness - INFO - Model is being evaluated on PGD points generated using 0.010000 learning rate and 50 iterations
2019-09-08 19:16:13,469 - robustness - INFO - Model is being evaluated on PGD points generated using 0.010000 learning rate and 50 iterations
2019-09-08 19:16:19,108 - robustness - INFO - Model is being evaluated on PGD points generated using 0.010000 learning rate and 50 iterations
2019-09-08 19:16:24,815 - robustness - INFO - Model is being evaluated on PGD points generated using 0.010000 learning rate and 50 iterations
2019-09-08 19:16:30,520 - robustness - INFO - Model is being evaluated on PGD points generated using 0.010000 learning rate and 50 iterations
2019-09-08 19:16:36,127 - robustness - INFO - Model is being evaluated on PGD points generated using 0.010000 learning rate and 50 iterations
2019-09-08 19:16:42,030 - robustness - INFO - Model is being evaluated on PGD points generated using 0.010000 learning rate and 50 iterations
2019-09-08 19:16:47,666 - robustness - INFO - Model is being evaluated on PGD points generated using 0.010000 learning rate and 50 iterations
2019-09-08 19:16:53,088 - robustness - INFO - Model is being evaluated on PGD points generated using 0.010000 learning rate and 50 iterations
2019-09-08 19:16:58,788 - robustness - INFO - Model is being evaluated on PGD points generated using 0.010000 learning rate and 50 iterations
2019-09-08 19:17:04,554 - robustness - INFO - Model is being evaluated on PGD points generated using 0.010000 learning rate and 50 iterations
2019-09-08 19:17:10,008 - robustness - INFO - Model is being evaluated on PGD points generated using 0.010000 learning rate and 50 iterations
2019-09-08 19:17:15,489 - robustness - INFO - Model is being evaluated on PGD points generated using 0.010000 learning rate and 50 iterations
2019-09-08 19:17:21,015 - robustness - INFO - Model is being evaluated on PGD points generated using 0.010000 learning rate and 50 iterations
2019-09-08 19:17:26,881 - robustness - INFO - Model is being evaluated on PGD points generated using 0.010000 learning rate and 50 iterations
2019-09-08 19:17:32,415 - robustness - INFO - Model is being evaluated on PGD points generated using 0.010000 learning rate and 50 iterations
2019-09-08 19:17:37,981 - robustness - INFO - Model is being evaluated on PGD points generated using 0.010000 learning rate and 50 iterations
2019-09-08 19:17:43,588 - robustness - INFO - Model is being evaluated on PGD points generated using 0.010000 learning rate and 50 iterations
2019-09-08 19:17:49,201 - robustness - INFO - Model is being evaluated on PGD points generated using 0.010000 learning rate and 50 iterations
2019-09-08 19:17:54,873 - robustness - INFO - Model is being evaluated on PGD points generated using 0.010000 learning rate and 50 iterations
2019-09-08 19:18:01,024 - robustness - INFO - Model is being evaluated on PGD points generated using 0.010000 learning rate and 50 iterations
2019-09-08 19:18:06,826 - robustness - INFO - Model is being evaluated on PGD points generated using 0.010000 learning rate and 50 iterations
2019-09-08 19:18:12,548 - robustness - INFO - Model is being evaluated on PGD points generated using 0.010000 learning rate and 50 iterations
2019-09-08 19:18:18,367 - robustness - INFO - Model is being evaluated on PGD points generated using 0.010000 learning rate and 50 iterations
2019-09-08 19:18:24,195 - robustness - INFO - Model is being evaluated on PGD points generated using 0.010000 learning rate and 50 iterations
2019-09-08 19:18:29,971 - robustness - INFO - Model is being evaluated on PGD points generated using 0.010000 learning rate and 50 iterations
2019-09-09 08:53:27,373 - robustness - INFO - Getting activation distances between regular and FGSM data
2019-09-09 08:53:49,394 - robustness - INFO - Getting activation distances between regular and FGSM data
2019-09-09 08:54:09,336 - robustness - INFO - Getting activation distances between regular and FGSM data
2019-09-09 08:54:29,475 - robustness - INFO - Getting activation distances between regular and FGSM data
2019-09-09 08:54:50,311 - robustness - INFO - Getting activation distances between regular and FGSM data
2019-09-09 08:57:55,931 - robustness - INFO - Getting activation distances between regular and FGSM data
2019-09-09 08:59:19,019 - robustness - INFO - Getting activation distances between regular and FGSM data
2019-09-09 09:04:01,908 - robustness - INFO - Getting activation distances between regular and FGSM data
2019-09-09 09:04:20,655 - robustness - INFO - Getting activation distances between regular and FGSM data
2019-09-09 09:04:39,517 - robustness - INFO - Getting activation distances between regular and FGSM data
2019-09-09 09:04:58,490 - robustness - INFO - Getting activation distances between regular and FGSM data
2019-09-09 09:05:17,250 - robustness - INFO - Getting activation distances between regular and FGSM data
2019-09-09 09:07:52,261 - robustness - INFO - Getting activation distances between regular and FGSM data
2019-09-09 09:08:17,314 - robustness - INFO - Getting activation distances between regular and FGSM data
2019-09-09 09:08:37,649 - robustness - INFO - Getting activation distances between regular and FGSM data
2019-09-09 09:08:56,381 - robustness - INFO - Getting activation distances between regular and FGSM data
2019-09-09 09:09:14,936 - robustness - INFO - Getting activation distances between regular and FGSM data
2019-09-09 09:11:41,048 - robustness - INFO - Getting activation distances between regular and FGSM data
2019-09-09 09:12:00,815 - robustness - INFO - Getting activation distances between regular and FGSM data
2019-09-09 09:12:19,493 - robustness - INFO - Getting activation distances between regular and FGSM data
2019-09-09 09:12:38,450 - robustness - INFO - Getting activation distances between regular and FGSM data
2019-09-09 09:12:57,299 - robustness - INFO - Getting activation distances between regular and FGSM data
