2019-08-05 16:54:58,031 - robustness - INFO - Created model successfully. Now going to train
2019-08-05 16:55:01,164 - robustness - INFO - Epoch: 0001    cost: 0.410856066 
2019-08-05 16:55:01,164 - robustness - INFO - Accuracy on batch: 0.968750
2019-08-05 16:55:03,030 - robustness - INFO - Epoch: 0002    cost: 0.216328870 
2019-08-05 16:55:03,030 - robustness - INFO - Accuracy on batch: 1.000000
2019-08-05 16:55:05,112 - robustness - INFO - Epoch: 0003    cost: 0.182020781 
2019-08-05 16:55:05,112 - robustness - INFO - Accuracy on batch: 1.000000
2019-08-05 16:55:07,033 - robustness - INFO - Epoch: 0004    cost: 0.161854152 
2019-08-05 16:55:07,033 - robustness - INFO - Accuracy on batch: 1.000000
2019-08-05 16:55:08,989 - robustness - INFO - Epoch: 0005    cost: 0.147774455 
2019-08-05 16:55:08,989 - robustness - INFO - Accuracy on batch: 1.000000
2019-08-05 16:55:10,878 - robustness - INFO - Epoch: 0006    cost: 0.137595511 
2019-08-05 16:55:10,878 - robustness - INFO - Accuracy on batch: 0.937500
2019-08-05 16:55:12,751 - robustness - INFO - Epoch: 0007    cost: 0.127091973 
2019-08-05 16:55:12,751 - robustness - INFO - Accuracy on batch: 0.968750
2019-08-05 16:55:14,665 - robustness - INFO - Epoch: 0008    cost: 0.124198751 
2019-08-05 16:55:14,665 - robustness - INFO - Accuracy on batch: 1.000000
2019-08-05 16:55:16,407 - robustness - INFO - Epoch: 0009    cost: 0.117979602 
2019-08-05 16:55:16,408 - robustness - INFO - Accuracy on batch: 1.000000
2019-08-05 16:55:18,315 - robustness - INFO - Epoch: 0010    cost: 0.114603006 
2019-08-05 16:55:18,315 - robustness - INFO - Accuracy on batch: 1.000000
2019-08-05 16:55:18,315 - robustness - INFO - Optimization Finished!
2019-08-05 16:55:18,580 - robustness - INFO - Final Train Loss 0.114737
2019-08-05 16:55:18,580 - robustness - INFO - Final Train Accuracy 0.968633:
2019-08-05 16:55:18,799 - robustness - INFO - (0.16340032, 0.9623)
2019-08-05 16:55:18,800 - robustness - INFO - (8.993169, 0.0397)
2019-08-05 16:55:18,922 - robustness - INFO - [267.34714, 12.150078, 13.141031, 13.2189455, 9.97285, 8.843685, 8.705187, 13.771522]
2019-08-05 16:55:35,397 - robustness - INFO - [13.717814 18.26012  24.893442 31.145538 29.057154 20.91586  15.984089]
2019-08-05 16:55:35,397 - robustness - INFO - [ 2.7771077  5.4108186  8.022003  12.30344   12.38828    8.493128
  7.4535103]
2019-08-05 16:55:35,889 - robustness - INFO - [14.749371, 15.239418, 22.37955, 29.520447, 34.240124, 20.696203, 17.05201]
