2019-08-27 00:03:55,052 - robustness - INFO - Model graph was created
2019-08-27 00:03:55,057 - robustness - INFO - Created model successfully. Now going to load weights
2019-08-27 00:03:55,177 - robustness - INFO - Model was evaluated on benign data
2019-08-27 00:03:55,178 - robustness - INFO - ----Regular test accuracy and loss ----
2019-08-27 00:03:55,180 - robustness - INFO - (0.17103767, 0.9531)
2019-08-27 00:03:55,201 - robustness - INFO - Model was evaluated on benign data
2019-08-27 00:03:55,203 - robustness - INFO - ----Regular test accuracy and loss ----
2019-08-27 00:03:55,204 - robustness - INFO - (0.17103767, 0.9531)
2019-08-27 00:03:55,357 - robustness - INFO - Model is being evaluated on FGSM data
2019-08-27 00:03:55,370 - robustness - INFO - ----FGSM test accuracy and loss ----
2019-08-27 00:03:55,371 - robustness - INFO - (6.3987045, 0.0485)
2019-08-27 00:05:04,825 - robustness - INFO - Model graph was created
2019-08-27 00:05:04,830 - robustness - INFO - Created model successfully. Now going to load weights
2019-08-27 00:05:04,995 - robustness - INFO - Model was evaluated on benign data
2019-08-27 00:05:04,997 - robustness - INFO - ----Regular test accuracy and loss ----
2019-08-27 00:05:04,998 - robustness - INFO - (0.3424165, 0.8982)
2019-08-27 00:05:05,020 - robustness - INFO - Model was evaluated on benign data
2019-08-27 00:05:05,022 - robustness - INFO - ----Regular test accuracy and loss ----
2019-08-27 00:05:05,024 - robustness - INFO - (0.3424165, 0.8982)
2019-08-27 00:05:05,217 - robustness - INFO - Model is being evaluated on FGSM data
2019-08-27 00:05:05,231 - robustness - INFO - ----FGSM test accuracy and loss ----
2019-08-27 00:05:05,232 - robustness - INFO - (3.3301492, 0.3424)
2019-08-27 00:05:13,860 - robustness - INFO - Model graph was created
2019-08-27 00:05:13,867 - robustness - INFO - Created model successfully. Now going to load weights
2019-08-27 00:05:14,063 - robustness - INFO - Model was evaluated on benign data
2019-08-27 00:05:14,064 - robustness - INFO - ----Regular test accuracy and loss ----
2019-08-27 00:05:14,065 - robustness - INFO - (0.4752624, 0.8653)
2019-08-27 00:05:14,088 - robustness - INFO - Model was evaluated on benign data
2019-08-27 00:05:14,089 - robustness - INFO - ----Regular test accuracy and loss ----
2019-08-27 00:05:14,092 - robustness - INFO - (0.4752624, 0.8653)
2019-08-27 00:05:14,283 - robustness - INFO - Model is being evaluated on FGSM data
2019-08-27 00:05:14,297 - robustness - INFO - ----FGSM test accuracy and loss ----
2019-08-27 00:05:14,299 - robustness - INFO - (3.4028633, 0.1185)
2019-08-27 00:05:15,459 - robustness - INFO - Adversarial Training
2019-08-27 00:05:15,630 - robustness - INFO - Model graph was created
2019-08-27 00:06:29,310 - robustness - INFO - Model was trained on adversarial data
2019-08-27 00:06:29,375 - robustness - INFO - Model was evaluated on benign data
2019-08-27 00:06:29,725 - robustness - INFO - Model is being evaluated on FGSM data
