2019-08-20 14:01:08,969 - robustness - INFO - Model graph was created
2019-08-20 14:01:08,974 - robustness - INFO - Created model successfully. Now going to load weights
2019-08-20 14:01:09,159 - robustness - INFO - Model was evaluated on benign data
2019-08-20 14:01:09,161 - robustness - INFO - ----Regular test accuracy and loss ----
2019-08-20 14:01:09,162 - robustness - INFO - (0.3424165, 0.8982)
2019-08-20 14:01:09,189 - robustness - INFO - Model was evaluated on benign data
2019-08-20 14:01:09,191 - robustness - INFO - ----Regular test accuracy and loss ----
2019-08-20 14:01:09,194 - robustness - INFO - (0.3424165, 0.8982)
2019-08-20 14:01:09,457 - robustness - INFO - Model is being evaluated on FGSM data
2019-08-20 14:01:09,489 - robustness - INFO - ----FGSM test accuracy and loss ----
2019-08-20 14:01:09,493 - robustness - INFO - (3.3301492, 0.3424)
2019-08-20 14:17:31,253 - robustness - INFO - Model graph was created
2019-08-20 14:17:31,260 - robustness - INFO - Created model successfully. Now going to load weights
2019-08-20 14:17:31,435 - robustness - INFO - Model was evaluated on benign data
2019-08-20 14:17:31,437 - robustness - INFO - ----Regular test accuracy and loss ----
2019-08-20 14:17:31,439 - robustness - INFO - (0.3424165, 0.8982)
2019-08-20 14:17:31,459 - robustness - INFO - Model was evaluated on benign data
2019-08-20 14:17:31,461 - robustness - INFO - ----Regular test accuracy and loss ----
2019-08-20 14:17:31,463 - robustness - INFO - (0.3424165, 0.8982)
2019-08-20 14:17:31,685 - robustness - INFO - Model is being evaluated on FGSM data
2019-08-20 14:17:31,702 - robustness - INFO - ----FGSM test accuracy and loss ----
2019-08-20 14:17:31,704 - robustness - INFO - (3.3301492, 0.3424)
2019-08-20 14:19:15,419 - robustness - INFO - Model graph was created
2019-08-20 14:19:15,426 - robustness - INFO - Created model successfully. Now going to load weights
2019-08-20 14:19:15,623 - robustness - INFO - Model was evaluated on benign data
2019-08-20 14:19:15,624 - robustness - INFO - ----Regular test accuracy and loss ----
2019-08-20 14:19:15,625 - robustness - INFO - (0.3424165, 0.8982)
2019-08-20 14:19:15,649 - robustness - INFO - Model was evaluated on benign data
2019-08-20 14:19:15,653 - robustness - INFO - ----Regular test accuracy and loss ----
2019-08-20 14:19:15,657 - robustness - INFO - (0.3424165, 0.8982)
2019-08-20 14:19:16,111 - robustness - INFO - Model is being evaluated on FGSM data
2019-08-20 14:19:16,127 - robustness - INFO - ----FGSM test accuracy and loss ----
2019-08-20 14:19:16,129 - robustness - INFO - (3.3301492, 0.3424)
2019-08-20 14:19:21,997 - robustness - INFO - Model graph was created
2019-08-20 14:19:22,002 - robustness - INFO - Created model successfully. Now going to load weights
2019-08-20 14:19:42,044 - robustness - INFO - Model graph was created
2019-08-20 14:19:42,054 - robustness - INFO - Created model successfully. Now going to load weights
2019-08-20 14:19:42,290 - robustness - INFO - Model was evaluated on benign data
2019-08-20 14:19:42,291 - robustness - INFO - ----Regular test accuracy and loss ----
2019-08-20 14:19:42,293 - robustness - INFO - (0.23705049, 0.9299)
2019-08-20 14:19:42,315 - robustness - INFO - Model was evaluated on benign data
2019-08-20 14:19:42,317 - robustness - INFO - ----Regular test accuracy and loss ----
2019-08-20 14:19:42,318 - robustness - INFO - (0.23705049, 0.9299)
2019-08-20 14:19:42,534 - robustness - INFO - Model is being evaluated on FGSM data
2019-08-20 14:19:42,551 - robustness - INFO - ----FGSM test accuracy and loss ----
2019-08-20 14:19:42,552 - robustness - INFO - (6.7755094, 0.0392)
2019-08-20 14:21:10,904 - robustness - INFO - Model graph was created
2019-08-20 14:21:10,919 - robustness - INFO - Created model successfully. Now going to load weights
2019-08-20 14:21:11,397 - robustness - INFO - Model was evaluated on benign data
2019-08-20 14:21:11,399 - robustness - INFO - ----Regular test accuracy and loss ----
2019-08-20 14:21:11,400 - robustness - INFO - (0.23705049, 0.9299)
2019-08-20 14:21:11,424 - robustness - INFO - Model was evaluated on benign data
2019-08-20 14:21:11,428 - robustness - INFO - ----Regular test accuracy and loss ----
2019-08-20 14:21:11,431 - robustness - INFO - (0.23705049, 0.9299)
2019-08-20 14:21:11,682 - robustness - INFO - Model is being evaluated on FGSM data
2019-08-20 14:21:11,696 - robustness - INFO - ----FGSM test accuracy and loss ----
2019-08-20 14:21:11,698 - robustness - INFO - (6.7755094, 0.0392)
2019-08-20 14:22:07,339 - robustness - INFO - Model graph was created
2019-08-20 14:22:07,346 - robustness - INFO - Created model successfully. Now going to load weights
2019-08-20 14:22:20,393 - robustness - INFO - Model graph was created
2019-08-20 14:22:20,403 - robustness - INFO - Created model successfully. Now going to load weights
2019-08-20 14:22:24,897 - robustness - INFO - Model graph was created
2019-08-20 14:22:24,905 - robustness - INFO - Created model successfully. Now going to load weights
2019-08-20 14:23:01,871 - robustness - INFO - Model graph was created
2019-08-20 14:23:01,886 - robustness - INFO - Created model successfully. Now going to load weights
2019-08-20 14:23:13,590 - robustness - INFO - Model graph was created
2019-08-20 14:23:13,607 - robustness - INFO - Created model successfully. Now going to load weights
2019-08-20 14:24:44,760 - robustness - INFO - Model graph was created
2019-08-20 14:24:44,777 - robustness - INFO - Created model successfully. Now going to load weights
2019-08-20 14:27:24,694 - robustness - INFO - Model graph was created
2019-08-20 14:27:24,709 - robustness - INFO - Created model successfully. Now going to load weights
2019-08-20 14:30:35,259 - robustness - INFO - Model graph was created
2019-08-20 14:30:35,277 - robustness - INFO - Created model successfully. Now going to load weights
