2019-08-31 16:10:16,584 - robustness - DEBUG - Initialized instance variables of the robust model class
2019-08-31 16:10:16,589 - robustness - DEBUG - Created placeholders for x and y
2019-08-31 16:10:16,837 - robustness - DEBUG - Created layers and tensor for logits
2019-08-31 16:10:16,855 - robustness - DEBUG - Added loss computation to the graph
2019-08-31 16:10:16,859 - robustness - DEBUG - Added accuracy computation to the graph
2019-08-31 16:10:16,860 - robustness - INFO - Model graph was created
2019-08-31 16:10:16,862 - robustness - INFO - Created model successfully. Now going to train
2019-08-31 16:10:23,974 - robustness - DEBUG - Epoch: 0001    cost: 0.278310666 
2019-08-31 16:10:23,974 - robustness - DEBUG - Accuracy on batch: 1.000000
2019-08-31 16:10:29,296 - robustness - DEBUG - Epoch: 0002    cost: 0.424248468 
2019-08-31 16:10:29,296 - robustness - DEBUG - Accuracy on batch: 1.000000
2019-08-31 16:10:29,296 - robustness - DEBUG - Optimization Finished!
2019-08-31 16:10:29,525 - robustness - DEBUG - Final Train Loss 0.831148
2019-08-31 16:10:29,571 - robustness - DEBUG - Final Train Accuracy 0.807233:
2019-08-31 16:10:30,626 - robustness - INFO - Model was evaluated on benign data
2019-08-31 16:10:30,816 - robustness - INFO - Model is being evaluated on FGSM data
2019-08-31 16:10:30,829 - robustness - INFO - ----Regular test accuracy and loss ----
2019-08-31 16:10:30,829 - robustness - INFO - (0.8467332, 0.8059)
2019-08-31 16:10:30,829 - robustness - INFO - ----FGSM test accuracy and loss ----
2019-08-31 16:10:30,829 - robustness - INFO - (9.864268, 0.0032)
2019-08-31 16:10:30,829 - robustness - INFO - Added graph to tb
2019-08-31 16:10:30,970 - robustness - INFO - [187.84973, 9.249276, 8.646469, 8.757322, 8.503629, 9.108804, 9.158746, 7.5671673]
2019-08-31 16:10:30,970 - robustness - INFO - Getting activation distances between regular and FGSM data
2019-08-31 16:10:31,194 - robustness - DEBUG - Found correct and incorrect indices
2019-08-31 16:10:38,685 - robustness - DEBUG - Found average and standard deviation of distances
2019-08-31 16:10:38,730 - robustness - DEBUG - Found average and standard deviation of distances
