2019-08-26 23:46:53,015 - robustness - INFO - Model graph was created
2019-08-26 23:46:53,022 - robustness - INFO - Created model successfully. Now going to load weights
2019-08-26 23:46:53,223 - robustness - INFO - Model was evaluated on benign data
2019-08-26 23:46:53,225 - robustness - INFO - ----Regular test accuracy and loss ----
2019-08-26 23:46:53,227 - robustness - INFO - (0.17103767, 0.9531)
2019-08-26 23:46:53,248 - robustness - INFO - Model was evaluated on benign data
2019-08-26 23:46:53,249 - robustness - INFO - ----Regular test accuracy and loss ----
2019-08-26 23:46:53,251 - robustness - INFO - (0.17103767, 0.9531)
2019-08-26 23:49:03,892 - robustness - INFO - Model graph was created
2019-08-26 23:49:03,897 - robustness - INFO - Created model successfully. Now going to load weights
2019-08-26 23:49:04,020 - robustness - INFO - Model was evaluated on benign data
2019-08-26 23:49:04,022 - robustness - INFO - ----Regular test accuracy and loss ----
2019-08-26 23:49:04,025 - robustness - INFO - (0.17103767, 0.9531)
2019-08-26 23:49:04,047 - robustness - INFO - Model was evaluated on benign data
2019-08-26 23:49:04,049 - robustness - INFO - ----Regular test accuracy and loss ----
2019-08-26 23:49:04,053 - robustness - INFO - (0.17103767, 0.9531)
2019-08-26 23:49:04,239 - robustness - INFO - Model is being evaluated on FGSM data
2019-08-26 23:49:04,252 - robustness - INFO - ----FGSM test accuracy and loss ----
2019-08-26 23:49:04,254 - robustness - INFO - (6.3987045, 0.0485)
2019-08-26 23:56:19,974 - robustness - INFO - Model graph was created
2019-08-26 23:56:19,981 - robustness - INFO - Created model successfully. Now going to load weights
2019-08-26 23:56:20,179 - robustness - INFO - Model was evaluated on benign data
2019-08-26 23:56:20,180 - robustness - INFO - ----Regular test accuracy and loss ----
2019-08-26 23:56:20,182 - robustness - INFO - (0.3424165, 0.8982)
2019-08-26 23:56:20,205 - robustness - INFO - Model was evaluated on benign data
2019-08-26 23:56:20,207 - robustness - INFO - ----Regular test accuracy and loss ----
2019-08-26 23:56:20,211 - robustness - INFO - (0.3424165, 0.8982)
2019-08-26 23:56:20,407 - robustness - INFO - Model is being evaluated on FGSM data
2019-08-26 23:56:20,423 - robustness - INFO - ----FGSM test accuracy and loss ----
2019-08-26 23:56:20,424 - robustness - INFO - (3.3301492, 0.3424)
2019-08-26 23:57:00,226 - robustness - INFO - Adversarial Training
2019-08-26 23:57:00,402 - robustness - INFO - Model graph was created
2019-08-26 23:58:19,770 - robustness - INFO - Model was trained on adversarial data
2019-08-26 23:58:19,872 - robustness - INFO - Model was evaluated on benign data
2019-08-26 23:58:20,229 - robustness - INFO - Model is being evaluated on FGSM data
2019-08-27 00:03:04,938 - robustness - INFO - Model graph was created
2019-08-27 00:03:04,946 - robustness - INFO - Created model successfully. Now going to load weights
2019-08-27 00:03:17,824 - robustness - INFO - Model graph was created
2019-08-27 00:03:17,830 - robustness - INFO - Created model successfully. Now going to load weights
