2019-09-08 18:44:00,494 - robustness - INFO - Model graph was created
2019-09-08 18:44:00,531 - robustness - INFO - Created model successfully. Now going to train
2019-09-08 18:46:02,112 - robustness - INFO - Model was trained on benign data
2019-09-08 18:46:02,261 - robustness - INFO - Saved model at weights/model_336.ckpt
2019-09-08 18:46:02,343 - robustness - INFO - Model was evaluated on benign data
2019-09-08 18:46:02,508 - robustness - INFO - Model is being evaluated on FGSM data
2019-09-08 18:46:02,520 - robustness - INFO - ----Regular test accuracy and loss ----
2019-09-08 18:46:02,520 - robustness - INFO - (0.2212383, 0.9395)
2019-09-08 18:46:02,521 - robustness - INFO - ----FGSM test accuracy and loss ----
2019-09-08 18:46:02,521 - robustness - INFO - (6.3772807, 0.0911)
2019-09-08 18:46:02,521 - robustness - INFO - Model is being evaluated on PGD points generated using 0.010000 learning rate and 50 iterations
2019-09-08 18:46:07,119 - robustness - INFO - ----PGD test accuracy and loss ----
2019-09-08 18:46:07,119 - robustness - INFO - (8.929944, 0.0332)
2019-09-08 18:46:07,244 - robustness - INFO - [39.100674, 3.319005, 3.0519383, 1.6382135, 2.70516, 2.7627785, 5.8854613, 6.491546]
2019-09-08 18:46:07,244 - robustness - INFO - Getting activation distances between regular and FGSM data
2019-09-08 18:46:24,439 - robustness - INFO - ---Distances----
2019-09-08 18:46:24,439 - robustness - INFO - [2.0724185 1.3095005 1.6185311 1.3509899 1.5398465 1.9591715 4.275175 ]
2019-09-08 18:46:24,440 - robustness - INFO - ------Std devs on Distances----
2019-09-08 18:46:24,440 - robustness - INFO - [0.4742501  0.4279609  0.69416267 0.48134705 0.5111977  0.7323189
 1.5425873 ]
