2019-08-28 17:40:31,979 - robustness - DEBUG - Initialized instance variables of the robust model class
2019-08-28 17:40:31,981 - robustness - DEBUG - Created placeholders for x and y
2019-08-28 17:40:32,146 - robustness - DEBUG - Created layers and tensor for logits
2019-08-28 17:40:32,164 - robustness - DEBUG - Added loss computation to the graph
2019-08-28 17:40:32,167 - robustness - DEBUG - Added accuracy computation to the graph
2019-08-28 17:40:32,168 - robustness - INFO - Model graph was created
2019-08-28 17:40:32,170 - robustness - INFO - Created model successfully. Now going to train
2019-08-28 17:40:41,667 - robustness - DEBUG - Epoch: 0001    cost: 0.242222583 
2019-08-28 17:40:41,667 - robustness - DEBUG - Accuracy on batch: 0.968750
2019-08-28 17:40:47,440 - robustness - DEBUG - Epoch: 0002    cost: 0.756049740 
2019-08-28 17:40:47,440 - robustness - DEBUG - Accuracy on batch: 0.968750
2019-08-28 17:40:53,113 - robustness - DEBUG - Epoch: 0003    cost: 1.093518679 
2019-08-28 17:40:53,113 - robustness - DEBUG - Accuracy on batch: 0.750000
2019-08-28 17:40:58,790 - robustness - DEBUG - Epoch: 0004    cost: 1.398003775 
2019-08-28 17:40:58,790 - robustness - DEBUG - Accuracy on batch: 0.656250
2019-08-28 17:41:04,576 - robustness - DEBUG - Epoch: 0005    cost: 1.513122562 
2019-08-28 17:41:04,577 - robustness - DEBUG - Accuracy on batch: 0.593750
2019-08-28 17:41:10,114 - robustness - DEBUG - Epoch: 0006    cost: 1.508080592 
2019-08-28 17:41:10,114 - robustness - DEBUG - Accuracy on batch: 0.718750
2019-08-28 17:41:15,923 - robustness - DEBUG - Epoch: 0007    cost: 1.599667835 
2019-08-28 17:41:15,924 - robustness - DEBUG - Accuracy on batch: 0.687500
2019-08-28 17:41:21,660 - robustness - DEBUG - Epoch: 0008    cost: 1.669096581 
2019-08-28 17:41:21,660 - robustness - DEBUG - Accuracy on batch: 0.500000
2019-08-28 17:41:27,327 - robustness - DEBUG - Epoch: 0009    cost: 1.744599900 
2019-08-28 17:41:27,327 - robustness - DEBUG - Accuracy on batch: 0.531250
2019-08-28 17:41:32,944 - robustness - DEBUG - Epoch: 0010    cost: 1.682688810 
2019-08-28 17:41:32,945 - robustness - DEBUG - Accuracy on batch: 0.531250
2019-08-28 17:41:38,620 - robustness - DEBUG - Epoch: 0011    cost: 1.758266099 
2019-08-28 17:41:38,621 - robustness - DEBUG - Accuracy on batch: 0.562500
2019-08-28 17:41:44,219 - robustness - DEBUG - Epoch: 0012    cost: 1.786173766 
2019-08-28 17:41:44,219 - robustness - DEBUG - Accuracy on batch: 0.250000
2019-08-28 17:41:49,852 - robustness - DEBUG - Epoch: 0013    cost: 1.728845792 
2019-08-28 17:41:49,852 - robustness - DEBUG - Accuracy on batch: 0.531250
2019-08-28 17:41:55,526 - robustness - DEBUG - Epoch: 0014    cost: 1.768905596 
2019-08-28 17:41:55,527 - robustness - DEBUG - Accuracy on batch: 0.468750
2019-08-28 17:42:01,150 - robustness - DEBUG - Epoch: 0015    cost: 1.786074208 
2019-08-28 17:42:01,150 - robustness - DEBUG - Accuracy on batch: 0.562500
2019-08-28 17:42:06,814 - robustness - DEBUG - Epoch: 0016    cost: 1.799034249 
2019-08-28 17:42:06,814 - robustness - DEBUG - Accuracy on batch: 0.437500
2019-08-28 17:42:12,428 - robustness - DEBUG - Epoch: 0017    cost: 1.865034148 
2019-08-28 17:42:12,428 - robustness - DEBUG - Accuracy on batch: 0.406250
2019-08-28 17:42:18,070 - robustness - DEBUG - Epoch: 0018    cost: 1.815108015 
2019-08-28 17:42:18,070 - robustness - DEBUG - Accuracy on batch: 0.500000
2019-08-28 17:42:23,714 - robustness - DEBUG - Epoch: 0019    cost: 1.748340990 
2019-08-28 17:42:23,714 - robustness - DEBUG - Accuracy on batch: 0.406250
2019-08-28 17:42:29,151 - robustness - DEBUG - Epoch: 0020    cost: 1.683106202 
2019-08-28 17:42:29,152 - robustness - DEBUG - Accuracy on batch: 0.375000
2019-08-28 17:42:29,152 - robustness - DEBUG - Optimization Finished!
2019-08-28 17:42:29,390 - robustness - DEBUG - Final Train Loss 1.419786
2019-08-28 17:42:29,390 - robustness - DEBUG - Final Train Accuracy 0.559750:
2019-08-28 17:42:30,259 - robustness - INFO - Model was evaluated on benign data
2019-08-28 17:42:30,455 - robustness - INFO - Model is being evaluated on FGSM data
2019-08-28 17:42:30,468 - robustness - INFO - ----Regular test accuracy and loss ----
2019-08-28 17:42:30,468 - robustness - INFO - (1.4090015, 0.5559)
2019-08-28 17:42:30,468 - robustness - INFO - ----FGSM test accuracy and loss ----
2019-08-28 17:42:30,468 - robustness - INFO - (2.9150543, 0.1805)
2019-08-28 17:42:30,468 - robustness - INFO - Model is being evaluated on PGD points generated using 0.050000 learning rate and 100 iterations
