2019-08-29 16:39:09,086 - robustness - DEBUG - Initialized instance variables of the robust model class
2019-08-29 16:39:09,087 - robustness - DEBUG - Created placeholders for x and y
2019-08-29 16:39:09,284 - robustness - DEBUG - Created layers and tensor for logits
2019-08-29 16:39:09,304 - robustness - DEBUG - Added loss computation to the graph
2019-08-29 16:39:09,308 - robustness - DEBUG - Added accuracy computation to the graph
2019-08-29 16:39:09,308 - robustness - INFO - Model graph was created
2019-08-29 16:39:09,310 - robustness - INFO - Created model successfully. Now going to train
2019-08-29 16:39:15,286 - robustness - DEBUG - Max difference before projecting
2019-08-29 16:39:15,700 - robustness - DEBUG - 0.0756606
2019-08-29 16:39:16,309 - robustness - DEBUG - Max difference after projecting
2019-08-29 16:39:16,538 - robustness - DEBUG - 0.0756606
2019-08-29 16:39:21,907 - robustness - DEBUG - Epoch: 0001    cost: 0.324122835 
2019-08-29 16:39:21,908 - robustness - DEBUG - Accuracy on batch: 0.968750
2019-08-29 16:39:22,510 - robustness - DEBUG - Max difference before projecting
2019-08-29 16:39:22,891 - robustness - DEBUG - 0.069473095
2019-08-29 16:39:23,471 - robustness - DEBUG - Max difference after projecting
2019-08-29 16:39:23,620 - robustness - DEBUG - 0.069473095
2019-08-29 16:39:28,720 - robustness - DEBUG - Epoch: 0002    cost: 0.307631625 
2019-08-29 16:39:28,720 - robustness - DEBUG - Accuracy on batch: 1.000000
2019-08-29 16:39:29,268 - robustness - DEBUG - Max difference before projecting
2019-08-29 16:39:29,627 - robustness - DEBUG - 0.08714642
2019-08-29 16:39:30,070 - robustness - DEBUG - Max difference after projecting
2019-08-29 16:39:30,202 - robustness - DEBUG - 0.08714642
2019-08-29 16:39:34,616 - robustness - DEBUG - Epoch: 0003    cost: 0.473049423 
2019-08-29 16:39:34,616 - robustness - DEBUG - Accuracy on batch: 1.000000
2019-08-29 16:39:35,184 - robustness - DEBUG - Max difference before projecting
2019-08-29 16:39:35,547 - robustness - DEBUG - 0.09703552
2019-08-29 16:39:35,994 - robustness - DEBUG - Max difference after projecting
2019-08-29 16:39:36,128 - robustness - DEBUG - 0.09703552
2019-08-29 16:39:40,568 - robustness - DEBUG - Epoch: 0004    cost: 0.632820593 
2019-08-29 16:39:40,568 - robustness - DEBUG - Accuracy on batch: 0.968750
2019-08-29 16:39:41,147 - robustness - DEBUG - Max difference before projecting
2019-08-29 16:39:41,518 - robustness - DEBUG - 0.101964206
2019-08-29 16:39:42,005 - robustness - DEBUG - Max difference after projecting
2019-08-29 16:39:42,154 - robustness - DEBUG - 0.1
2019-08-29 16:39:46,874 - robustness - DEBUG - Epoch: 0005    cost: 0.657684845 
2019-08-29 16:39:46,876 - robustness - DEBUG - Accuracy on batch: 0.843750
2019-08-29 16:39:47,452 - robustness - DEBUG - Max difference before projecting
2019-08-29 16:39:47,825 - robustness - DEBUG - 0.106139995
2019-08-29 16:39:48,283 - robustness - DEBUG - Max difference after projecting
2019-08-29 16:39:48,415 - robustness - DEBUG - 0.1
2019-08-29 16:39:53,213 - robustness - DEBUG - Epoch: 0006    cost: 0.666827646 
2019-08-29 16:39:53,213 - robustness - DEBUG - Accuracy on batch: 0.843750
2019-08-29 16:39:53,796 - robustness - DEBUG - Max difference before projecting
2019-08-29 16:39:54,175 - robustness - DEBUG - 0.11128074
2019-08-29 16:39:54,635 - robustness - DEBUG - Max difference after projecting
2019-08-29 16:39:54,777 - robustness - DEBUG - 0.1
2019-08-29 16:39:59,411 - robustness - DEBUG - Epoch: 0007    cost: 0.663982082 
2019-08-29 16:39:59,412 - robustness - DEBUG - Accuracy on batch: 0.937500
2019-08-29 16:39:59,968 - robustness - DEBUG - Max difference before projecting
2019-08-29 16:40:00,319 - robustness - DEBUG - 0.11103744
2019-08-29 16:40:00,751 - robustness - DEBUG - Max difference after projecting
2019-08-29 16:40:00,879 - robustness - DEBUG - 0.1
2019-08-29 16:40:05,320 - robustness - DEBUG - Epoch: 0008    cost: 0.660914164 
2019-08-29 16:40:05,320 - robustness - DEBUG - Accuracy on batch: 0.812500
2019-08-29 16:40:05,868 - robustness - DEBUG - Max difference before projecting
2019-08-29 16:40:06,221 - robustness - DEBUG - 0.11620319
2019-08-29 16:40:06,656 - robustness - DEBUG - Max difference after projecting
2019-08-29 16:40:06,784 - robustness - DEBUG - 0.1
2019-08-29 16:40:11,308 - robustness - DEBUG - Epoch: 0009    cost: 0.626827291 
2019-08-29 16:40:11,308 - robustness - DEBUG - Accuracy on batch: 0.906250
2019-08-29 16:40:11,890 - robustness - DEBUG - Max difference before projecting
2019-08-29 16:40:12,253 - robustness - DEBUG - 0.12022768
2019-08-29 16:40:12,694 - robustness - DEBUG - Max difference after projecting
2019-08-29 16:40:12,834 - robustness - DEBUG - 0.1
2019-08-29 16:40:17,007 - robustness - DEBUG - Epoch: 0010    cost: 0.625942329 
2019-08-29 16:40:17,008 - robustness - DEBUG - Accuracy on batch: 0.843750
2019-08-29 16:40:17,582 - robustness - DEBUG - Max difference before projecting
2019-08-29 16:40:17,961 - robustness - DEBUG - 0.12500794
2019-08-29 16:40:18,414 - robustness - DEBUG - Max difference after projecting
2019-08-29 16:40:18,546 - robustness - DEBUG - 0.1
2019-08-29 16:40:22,953 - robustness - DEBUG - Epoch: 0011    cost: 0.583562718 
2019-08-29 16:40:22,953 - robustness - DEBUG - Accuracy on batch: 0.875000
2019-08-29 16:40:23,508 - robustness - DEBUG - Max difference before projecting
2019-08-29 16:40:23,871 - robustness - DEBUG - 0.12656377
2019-08-29 16:40:24,314 - robustness - DEBUG - Max difference after projecting
2019-08-29 16:40:24,445 - robustness - DEBUG - 0.1
2019-08-29 16:40:28,887 - robustness - DEBUG - Epoch: 0012    cost: 0.637414448 
2019-08-29 16:40:28,887 - robustness - DEBUG - Accuracy on batch: 0.875000
2019-08-29 16:40:29,441 - robustness - DEBUG - Max difference before projecting
2019-08-29 16:40:29,807 - robustness - DEBUG - 0.13042913
2019-08-29 16:40:30,253 - robustness - DEBUG - Max difference after projecting
2019-08-29 16:40:30,383 - robustness - DEBUG - 0.1
2019-08-29 16:40:34,691 - robustness - DEBUG - Epoch: 0013    cost: 0.612945614 
2019-08-29 16:40:34,691 - robustness - DEBUG - Accuracy on batch: 0.968750
2019-08-29 16:40:35,244 - robustness - DEBUG - Max difference before projecting
2019-08-29 16:40:35,609 - robustness - DEBUG - 0.13431254
2019-08-29 16:40:36,063 - robustness - DEBUG - Max difference after projecting
2019-08-29 16:40:36,196 - robustness - DEBUG - 0.1
2019-08-29 16:40:40,561 - robustness - DEBUG - Epoch: 0014    cost: 0.624304724 
2019-08-29 16:40:40,561 - robustness - DEBUG - Accuracy on batch: 0.812500
2019-08-29 16:40:41,132 - robustness - DEBUG - Max difference before projecting
2019-08-29 16:40:41,493 - robustness - DEBUG - 0.13869597
2019-08-29 16:40:41,951 - robustness - DEBUG - Max difference after projecting
2019-08-29 16:40:42,085 - robustness - DEBUG - 0.1
2019-08-29 16:40:46,455 - robustness - DEBUG - Epoch: 0015    cost: 0.610385701 
2019-08-29 16:40:46,455 - robustness - DEBUG - Accuracy on batch: 0.937500
2019-08-29 16:40:47,027 - robustness - DEBUG - Max difference before projecting
2019-08-29 16:40:47,392 - robustness - DEBUG - 0.13708167
2019-08-29 16:40:47,843 - robustness - DEBUG - Max difference after projecting
2019-08-29 16:40:47,977 - robustness - DEBUG - 0.1
2019-08-29 16:40:52,487 - robustness - DEBUG - Epoch: 0016    cost: 0.611277419 
2019-08-29 16:40:52,487 - robustness - DEBUG - Accuracy on batch: 0.875000
2019-08-29 16:40:53,043 - robustness - DEBUG - Max difference before projecting
2019-08-29 16:40:53,405 - robustness - DEBUG - 0.13888517
2019-08-29 16:40:53,853 - robustness - DEBUG - Max difference after projecting
2019-08-29 16:40:53,988 - robustness - DEBUG - 0.1
2019-08-29 16:40:58,094 - robustness - DEBUG - Epoch: 0017    cost: 0.602152927 
2019-08-29 16:40:58,095 - robustness - DEBUG - Accuracy on batch: 0.906250
2019-08-29 16:40:58,671 - robustness - DEBUG - Max difference before projecting
2019-08-29 16:40:59,029 - robustness - DEBUG - 0.1373131
2019-08-29 16:40:59,477 - robustness - DEBUG - Max difference after projecting
2019-08-29 16:40:59,610 - robustness - DEBUG - 0.1
2019-08-29 16:41:04,016 - robustness - DEBUG - Epoch: 0018    cost: 0.572888396 
2019-08-29 16:41:04,016 - robustness - DEBUG - Accuracy on batch: 0.812500
2019-08-29 16:41:04,589 - robustness - DEBUG - Max difference before projecting
2019-08-29 16:41:04,953 - robustness - DEBUG - 0.1418917
2019-08-29 16:41:05,413 - robustness - DEBUG - Max difference after projecting
2019-08-29 16:41:05,547 - robustness - DEBUG - 0.1
2019-08-29 16:41:09,797 - robustness - DEBUG - Epoch: 0019    cost: 0.603791356 
2019-08-29 16:41:09,797 - robustness - DEBUG - Accuracy on batch: 0.843750
2019-08-29 16:41:10,369 - robustness - DEBUG - Max difference before projecting
2019-08-29 16:41:10,739 - robustness - DEBUG - 0.14336713
2019-08-29 16:41:11,188 - robustness - DEBUG - Max difference after projecting
2019-08-29 16:41:11,325 - robustness - DEBUG - 0.1
2019-08-29 16:41:15,758 - robustness - DEBUG - Epoch: 0020    cost: 0.568762233 
2019-08-29 16:41:15,758 - robustness - DEBUG - Accuracy on batch: 0.906250
2019-08-29 16:41:15,758 - robustness - DEBUG - Optimization Finished!
2019-08-29 16:41:15,989 - robustness - DEBUG - Final Train Loss 0.235311
2019-08-29 16:41:15,989 - robustness - DEBUG - Final Train Accuracy 0.928367:
2019-08-29 16:41:16,908 - robustness - INFO - Model was evaluated on benign data
2019-08-29 16:41:17,099 - robustness - INFO - Model is being evaluated on FGSM data
2019-08-29 16:41:17,111 - robustness - INFO - ----Regular test accuracy and loss ----
2019-08-29 16:41:17,111 - robustness - INFO - (0.2451583, 0.9278)
2019-08-29 16:41:17,111 - robustness - INFO - ----FGSM test accuracy and loss ----
2019-08-29 16:41:17,112 - robustness - INFO - (4.8184657, 0.054)
2019-08-29 16:41:17,112 - robustness - INFO - Model is being evaluated on PGD points generated using 0.050000 learning rate and 100 iterations
