2019-08-11 13:41:24,132 - robustness - INFO - Created model successfully. Now going to train
2019-08-11 13:41:24,906 - robustness - INFO - Epoch: 0001    cost: 0.050576296 
2019-08-11 13:41:24,907 - robustness - INFO - Accuracy on batch: 1.000000
2019-08-11 13:41:25,233 - robustness - INFO - Epoch: 0002    cost: 0.020895048 
2019-08-11 13:41:25,233 - robustness - INFO - Accuracy on batch: 1.000000
2019-08-11 13:41:25,560 - robustness - INFO - Epoch: 0003    cost: 0.022056569 
2019-08-11 13:41:25,560 - robustness - INFO - Accuracy on batch: 1.000000
2019-08-11 13:41:25,881 - robustness - INFO - Epoch: 0004    cost: 0.013629071 
2019-08-11 13:41:25,881 - robustness - INFO - Accuracy on batch: 1.000000
2019-08-11 13:41:26,208 - robustness - INFO - Epoch: 0005    cost: 0.011831167 
2019-08-11 13:41:26,208 - robustness - INFO - Accuracy on batch: 1.000000
2019-08-11 13:41:26,532 - robustness - INFO - Epoch: 0006    cost: 0.008764598 
2019-08-11 13:41:26,533 - robustness - INFO - Accuracy on batch: 1.000000
2019-08-11 13:41:26,854 - robustness - INFO - Epoch: 0007    cost: 0.010561403 
2019-08-11 13:41:26,854 - robustness - INFO - Accuracy on batch: 1.000000
2019-08-11 13:41:27,174 - robustness - INFO - Epoch: 0008    cost: 0.006579383 
2019-08-11 13:41:27,174 - robustness - INFO - Accuracy on batch: 1.000000
2019-08-11 13:41:27,496 - robustness - INFO - Epoch: 0009    cost: 0.007808607 
2019-08-11 13:41:27,497 - robustness - INFO - Accuracy on batch: 1.000000
2019-08-11 13:41:27,818 - robustness - INFO - Epoch: 0010    cost: 0.009669590 
2019-08-11 13:41:27,818 - robustness - INFO - Accuracy on batch: 1.000000
2019-08-11 13:41:27,818 - robustness - INFO - Optimization Finished!
2019-08-11 13:41:27,867 - robustness - INFO - Final Train Loss 0.005009
2019-08-11 13:41:27,867 - robustness - INFO - Final Train Accuracy 0.997466:
2019-08-11 13:41:28,091 - robustness - INFO - ----Regular test accuracy and loss ----
2019-08-11 13:41:28,092 - robustness - INFO - (0.009667843, 0.99484)
2019-08-11 13:41:28,092 - robustness - INFO - ----FGSM test accuracy and loss ----
2019-08-11 13:41:28,092 - robustness - INFO - (2.220387, 0.4489164)
2019-08-11 13:41:29,251 - robustness - INFO - ----PGD test accuracy and loss ----
2019-08-11 13:41:29,251 - robustness - INFO - (11.081147, 0.030443756)
2019-08-11 13:41:29,333 - robustness - INFO - ------ Norms --------
2019-08-11 13:41:29,333 - robustness - INFO - [84.4739, 6.493887, 6.5718474, 4.5377927]
2019-08-11 13:41:30,607 - robustness - INFO - ---Distances----
2019-08-11 13:41:30,607 - robustness - INFO - [5.831529  5.42288   4.6121693]
2019-08-11 13:41:30,608 - robustness - INFO - ------Std devs on Distances----
2019-08-11 13:41:30,608 - robustness - INFO - [0.70332277 1.145049   1.4148952 ]
2019-08-11 13:41:30,622 - robustness - INFO - ------ Margin ------
2019-08-11 13:41:30,622 - robustness - INFO - 1.9151358162771779
