2019-09-06 12:05:12,516 - robustness - INFO - Model graph was created
2019-09-06 12:05:12,905 - robustness - INFO - Created model successfully. Now going to load weights
2019-09-06 12:05:12,966 - robustness - INFO - Successfully restored weights from non rob model.
2019-09-06 12:05:13,008 - robustness - INFO - Successfully restored weights from rob model.
2019-09-06 12:05:14,303 - robustness - INFO - Model was trained on benign data
2019-09-06 12:05:14,303 - robustness - INFO - Trained one epoch to attempt to make weights from different models compatible
2019-09-06 12:05:14,338 - robustness - INFO - Model was evaluated on benign data
2019-09-06 12:05:14,339 - robustness - INFO - ----Regular test accuracy and loss ----
2019-09-06 12:05:14,340 - robustness - INFO - (0.6153446, 0.8071)
2019-09-06 12:05:14,342 - robustness - INFO - Evaluating on FGSM points now.
2019-09-06 12:05:14,540 - robustness - INFO - Model is being evaluated on FGSM data
2019-09-06 12:05:14,559 - robustness - INFO - ----FGSM test accuracy and loss ----
2019-09-06 12:05:14,560 - robustness - INFO - (2.5958247, 0.362)
2019-09-06 12:05:14,742 - robustness - INFO - Evaluating on PGD points now.
2019-09-06 12:05:14,743 - robustness - INFO - Model is being evaluated on PGD points generated using 0.010000 learning rate and 40 iterations
2019-09-06 12:05:19,821 - robustness - INFO - ----PGD test accuracy and loss ----
2019-09-06 12:05:19,821 - robustness - INFO - (4.1399975, 0.2124)
2019-09-06 12:05:20,915 - robustness - INFO - Model graph was created
2019-09-06 12:05:20,921 - robustness - INFO - Created model successfully. Now going to load weights
2019-09-06 12:05:21,266 - robustness - INFO - Model was evaluated on benign data
2019-09-06 12:05:21,267 - robustness - INFO - ----Regular test accuracy and loss ----
2019-09-06 12:05:21,272 - robustness - INFO - (0.17380296, 0.9559)
2019-09-06 12:05:21,308 - robustness - INFO - Model was evaluated on benign data
2019-09-06 12:05:21,309 - robustness - INFO - ----Regular test accuracy and loss ----
2019-09-06 12:05:21,310 - robustness - INFO - (0.17380296, 0.9559)
2019-09-06 12:05:21,539 - robustness - INFO - Model is being evaluated on FGSM data
2019-09-06 12:05:21,561 - robustness - INFO - ----FGSM test accuracy and loss ----
2019-09-06 12:05:21,562 - robustness - INFO - (6.665347, 0.0579)
2019-09-06 12:05:24,757 - robustness - INFO - Model graph was created
2019-09-06 12:05:24,762 - robustness - INFO - Created model successfully. Now going to load weights
2019-09-06 12:05:25,173 - robustness - INFO - Model was evaluated on benign data
2019-09-06 12:05:25,175 - robustness - INFO - ----Regular test accuracy and loss ----
2019-09-06 12:05:25,179 - robustness - INFO - (0.3424165, 0.8982)
2019-09-06 12:05:25,212 - robustness - INFO - Model was evaluated on benign data
2019-09-06 12:05:25,214 - robustness - INFO - ----Regular test accuracy and loss ----
2019-09-06 12:05:25,215 - robustness - INFO - (0.3424165, 0.8982)
2019-09-06 12:05:25,526 - robustness - INFO - Model is being evaluated on FGSM data
2019-09-06 12:05:25,551 - robustness - INFO - ----FGSM test accuracy and loss ----
2019-09-06 12:05:25,552 - robustness - INFO - (3.3301492, 0.3424)
2019-09-06 12:05:27,789 - robustness - INFO - Model graph was created
2019-09-06 12:05:27,796 - robustness - INFO - Created model successfully. Now going to load weights
2019-09-06 12:05:28,194 - robustness - INFO - Model was evaluated on benign data
2019-09-06 12:05:28,194 - robustness - INFO - ----Regular test accuracy and loss ----
2019-09-06 12:05:28,195 - robustness - INFO - (0.4752624, 0.8653)
2019-09-06 12:05:28,226 - robustness - INFO - Model was evaluated on benign data
2019-09-06 12:05:28,227 - robustness - INFO - ----Regular test accuracy and loss ----
2019-09-06 12:05:28,227 - robustness - INFO - (0.4752624, 0.8653)
2019-09-06 12:05:28,564 - robustness - INFO - Model is being evaluated on FGSM data
2019-09-06 12:05:28,591 - robustness - INFO - ----FGSM test accuracy and loss ----
2019-09-06 12:05:28,592 - robustness - INFO - (3.4028628, 0.1185)
2019-09-06 12:05:30,588 - robustness - INFO - Adversarial Training
2019-09-06 12:05:30,741 - robustness - INFO - Model graph was created
2019-09-06 12:09:57,798 - robustness - INFO - Adversarial Training
2019-09-06 12:09:57,899 - robustness - INFO - Model graph was created
