2019-09-20 10:16:46,251 - robustness - INFO - Model graph was created
2019-09-20 10:16:46,440 - robustness - INFO - Created model successfully. Now going to load weights
2019-09-20 10:16:46,527 - robustness - INFO - Successfully restored weights from non rob model.
2019-09-20 10:16:46,565 - robustness - INFO - Successfully restored weights from rob model.
2019-09-20 10:16:47,765 - robustness - INFO - Model was trained on benign data
2019-09-20 10:16:47,767 - robustness - INFO - Trained one epoch to attempt to make weights from different models compatible
2019-09-20 10:16:47,795 - robustness - INFO - Model was evaluated on benign data
2019-09-20 10:16:47,797 - robustness - INFO - ----Regular test accuracy and loss ----
2019-09-20 10:16:47,799 - robustness - INFO - (0.6153447, 0.8071)
2019-09-20 10:16:47,801 - robustness - INFO - Evaluating on FGSM points now.
2019-09-20 10:16:48,035 - robustness - INFO - Model is being evaluated on FGSM data
2019-09-20 10:16:48,055 - robustness - INFO - ----FGSM test accuracy and loss ----
2019-09-20 10:16:48,057 - robustness - INFO - (2.5958252, 0.362)
2019-09-20 10:16:48,262 - robustness - INFO - Evaluating on PGD points now.
2019-09-20 10:16:48,263 - robustness - INFO - Model is being evaluated on PGD points generated using 0.010000 learning rate and 40 iterations
2019-09-20 10:16:52,543 - robustness - INFO - ----PGD test accuracy and loss ----
2019-09-20 10:16:52,546 - robustness - INFO - (4.1492877, 0.2103)
2019-09-20 10:16:53,491 - robustness - INFO - Model graph was created
2019-09-20 10:16:53,495 - robustness - INFO - Created model successfully. Now going to load weights
2019-09-20 10:16:53,756 - robustness - INFO - Model was evaluated on benign data
2019-09-20 10:16:53,757 - robustness - INFO - ----Regular test accuracy and loss ----
2019-09-20 10:16:53,759 - robustness - INFO - (0.17380294, 0.9559)
2019-09-20 10:16:53,781 - robustness - INFO - Model was evaluated on benign data
2019-09-20 10:16:53,782 - robustness - INFO - ----Regular test accuracy and loss ----
2019-09-20 10:16:53,784 - robustness - INFO - (0.17380294, 0.9559)
2019-09-20 10:16:54,010 - robustness - INFO - Model is being evaluated on FGSM data
2019-09-20 10:16:54,029 - robustness - INFO - ----FGSM test accuracy and loss ----
2019-09-20 10:16:54,030 - robustness - INFO - (6.6653485, 0.0579)
2019-09-20 10:16:57,649 - robustness - INFO - Model was evaluated from featurizations
2019-09-20 10:16:58,591 - robustness - INFO - Model graph was created
2019-09-20 10:16:58,597 - robustness - INFO - Created model successfully. Now going to load weights
2019-09-20 10:16:58,950 - robustness - INFO - Model was evaluated on benign data
2019-09-20 10:16:58,951 - robustness - INFO - ----Regular test accuracy and loss ----
2019-09-20 10:16:58,952 - robustness - INFO - (0.211804, 0.9385)
2019-09-20 10:16:58,973 - robustness - INFO - Model was evaluated on benign data
2019-09-20 10:16:58,975 - robustness - INFO - ----Regular test accuracy and loss ----
2019-09-20 10:16:58,977 - robustness - INFO - (0.211804, 0.9385)
2019-09-20 10:16:59,233 - robustness - INFO - Model is being evaluated on FGSM data
2019-09-20 10:16:59,248 - robustness - INFO - ----FGSM test accuracy and loss ----
2019-09-20 10:16:59,250 - robustness - INFO - (2.2536016, 0.3432)
2019-09-20 10:16:59,654 - robustness - INFO - Model graph was created
2019-09-20 10:16:59,660 - robustness - INFO - Created model successfully. Now going to load weights
2019-09-20 10:17:00,055 - robustness - INFO - Model was evaluated on benign data
2019-09-20 10:17:00,056 - robustness - INFO - ----Regular test accuracy and loss ----
2019-09-20 10:17:00,058 - robustness - INFO - (0.17997245, 0.9472)
2019-09-20 10:17:00,083 - robustness - INFO - Model was evaluated on benign data
2019-09-20 10:17:00,085 - robustness - INFO - ----Regular test accuracy and loss ----
2019-09-20 10:17:00,087 - robustness - INFO - (0.17997245, 0.9472)
2019-09-20 10:17:00,362 - robustness - INFO - Model is being evaluated on FGSM data
2019-09-20 10:17:00,378 - robustness - INFO - ----FGSM test accuracy and loss ----
2019-09-20 10:17:00,380 - robustness - INFO - (3.202374, 0.3325)
2019-09-20 10:17:00,951 - robustness - INFO - Model graph was created
2019-09-20 10:17:00,956 - robustness - INFO - Created model successfully. Now going to load weights
2019-09-20 10:17:01,354 - robustness - INFO - Model was evaluated on benign data
2019-09-20 10:17:01,355 - robustness - INFO - ----Regular test accuracy and loss ----
2019-09-20 10:17:01,356 - robustness - INFO - (0.3424165, 0.8982)
2019-09-20 10:17:01,379 - robustness - INFO - Model was evaluated on benign data
2019-09-20 10:17:01,380 - robustness - INFO - ----Regular test accuracy and loss ----
2019-09-20 10:17:01,382 - robustness - INFO - (0.3424165, 0.8982)
2019-09-20 10:17:01,639 - robustness - INFO - Model is being evaluated on FGSM data
2019-09-20 10:17:01,655 - robustness - INFO - ----FGSM test accuracy and loss ----
2019-09-20 10:17:01,656 - robustness - INFO - (3.3301492, 0.3424)
2019-09-20 10:17:03,815 - robustness - INFO - Model graph was created
2019-09-20 10:17:03,819 - robustness - INFO - Created model successfully. Now going to load weights
2019-09-20 10:17:04,267 - robustness - INFO - Model was evaluated on benign data
2019-09-20 10:17:04,270 - robustness - INFO - ----Regular test accuracy and loss ----
2019-09-20 10:17:04,272 - robustness - INFO - (0.4752624, 0.8653)
2019-09-20 10:17:04,303 - robustness - INFO - Model was evaluated on benign data
2019-09-20 10:17:04,304 - robustness - INFO - ----Regular test accuracy and loss ----
2019-09-20 10:17:04,306 - robustness - INFO - (0.4752624, 0.8653)
2019-09-20 10:17:04,653 - robustness - INFO - Model is being evaluated on FGSM data
2019-09-20 10:17:04,681 - robustness - INFO - ----FGSM test accuracy and loss ----
2019-09-20 10:17:04,682 - robustness - INFO - (3.4028633, 0.1185)
2019-09-20 10:17:07,091 - robustness - INFO - Adversarial Training
2019-09-20 10:17:07,288 - robustness - INFO - Model graph was created
2019-09-20 10:18:20,114 - robustness - INFO - Model was trained on adversarial data
2019-09-20 10:18:20,176 - robustness - INFO - Model was evaluated on benign data
2019-09-20 10:18:20,593 - robustness - INFO - Model is being evaluated on FGSM data
2019-09-20 10:18:23,143 - robustness - INFO - Getting activation distances between regular and FGSM data
2019-09-20 10:18:41,828 - robustness - INFO - Getting activation distances between regular and FGSM data
2019-09-20 10:19:00,158 - robustness - INFO - Getting activation distances between regular and FGSM data
2019-09-20 10:19:19,111 - robustness - INFO - Getting activation distances between regular and FGSM data
2019-09-20 10:19:37,849 - robustness - INFO - Getting activation distances between regular and FGSM data
2019-09-20 10:19:57,708 - robustness - INFO - Getting activation distances between regular and FGSM data
2019-09-20 10:20:17,916 - robustness - INFO - Getting activation distances between regular and FGSM data
2019-09-20 10:20:36,351 - robustness - INFO - Getting activation distances between regular and FGSM data
2019-09-20 10:20:54,573 - robustness - INFO - Getting activation distances between regular and FGSM data
2019-09-20 10:21:51,097 - robustness - INFO - Getting activation distances between regular and FGSM data
2019-09-20 10:22:10,619 - robustness - INFO - Model was evaluated on benign data
2019-09-20 10:22:10,947 - robustness - INFO - Model is being evaluated on FGSM data
2019-09-20 10:22:12,617 - robustness - INFO - Model was evaluated from featurizations
2019-09-20 10:22:12,964 - robustness - INFO - Model was evaluated on benign data
2019-09-20 10:22:13,305 - robustness - INFO - Model is being evaluated on FGSM data
2019-09-20 10:22:14,987 - robustness - INFO - Model was evaluated from featurizations
2019-09-20 10:22:15,344 - robustness - INFO - Model was evaluated on benign data
2019-09-20 10:22:15,940 - robustness - INFO - Model is being evaluated on FGSM data
2019-09-20 10:22:17,631 - robustness - INFO - Model was evaluated from featurizations
2019-09-20 10:22:18,030 - robustness - INFO - Model was evaluated on benign data
2019-09-20 10:22:18,443 - robustness - INFO - Model is being evaluated on FGSM data
2019-09-20 10:22:20,258 - robustness - INFO - Model was evaluated from featurizations
2019-09-20 10:22:20,662 - robustness - INFO - Model was evaluated on benign data
2019-09-20 10:22:21,084 - robustness - INFO - Model is being evaluated on FGSM data
2019-09-20 10:22:22,915 - robustness - INFO - Model was evaluated from featurizations
2019-09-20 10:22:23,582 - robustness - INFO - Model was evaluated on benign data
2019-09-20 10:22:24,208 - robustness - INFO - Model is being evaluated on FGSM data
2019-09-20 10:23:01,095 - robustness - INFO - Model was evaluated from featurizations
2019-09-20 10:23:01,958 - robustness - INFO - Model was evaluated on benign data
2019-09-20 10:23:02,638 - robustness - INFO - Model is being evaluated on FGSM data
2019-09-20 10:23:04,606 - robustness - INFO - Model was evaluated from featurizations
2019-09-20 10:39:51,316 - robustness - INFO - Model was evaluated on benign data
2019-09-20 10:39:51,364 - robustness - INFO - Model was evaluated on benign data
2019-09-20 10:39:51,541 - robustness - INFO - Model was evaluated on benign data
2019-09-20 10:39:51,563 - robustness - INFO - Model was evaluated on benign data
2019-09-20 10:39:55,052 - robustness - INFO - Model was evaluated on benign data
2019-09-20 10:39:55,109 - robustness - INFO - Model was evaluated on benign data
2019-09-20 10:39:55,237 - robustness - INFO - Model was evaluated on benign data
2019-09-20 10:39:55,267 - robustness - INFO - Model was evaluated on benign data
2019-09-20 10:39:58,290 - robustness - INFO - Model was evaluated on benign data
2019-09-20 10:39:58,312 - robustness - INFO - Model was evaluated on benign data
2019-09-20 10:39:58,332 - robustness - INFO - Model was evaluated on benign data
2019-09-20 10:39:58,354 - robustness - INFO - Model was evaluated on benign data
2019-09-20 10:40:00,845 - robustness - INFO - Model was evaluated on benign data
2019-09-20 10:40:00,865 - robustness - INFO - Model was evaluated on benign data
2019-09-20 10:40:00,885 - robustness - INFO - Model was evaluated on benign data
2019-09-20 10:40:00,904 - robustness - INFO - Model was evaluated on benign data
2019-09-20 10:40:03,399 - robustness - INFO - Model was evaluated on benign data
2019-09-20 10:40:03,421 - robustness - INFO - Model was evaluated on benign data
2019-09-20 10:40:03,443 - robustness - INFO - Model was evaluated on benign data
2019-09-20 10:40:03,465 - robustness - INFO - Model was evaluated on benign data
2019-09-20 10:40:06,356 - robustness - INFO - Model was evaluated on benign data
2019-09-20 10:40:06,382 - robustness - INFO - Model was evaluated on benign data
2019-09-20 10:40:06,403 - robustness - INFO - Model was evaluated on benign data
2019-09-20 10:40:06,423 - robustness - INFO - Model was evaluated on benign data
2019-09-20 10:40:08,875 - robustness - INFO - Model was evaluated on benign data
2019-09-20 10:40:08,899 - robustness - INFO - Model was evaluated on benign data
2019-09-20 10:40:08,921 - robustness - INFO - Model was evaluated on benign data
2019-09-20 10:40:08,941 - robustness - INFO - Model was evaluated on benign data
2019-09-20 10:40:10,189 - robustness - INFO - Model was evaluated on benign data
2019-09-20 10:40:10,213 - robustness - INFO - Model was evaluated on benign data
2019-09-20 10:40:10,236 - robustness - INFO - Model was evaluated on benign data
2019-09-20 10:40:10,259 - robustness - INFO - Model was evaluated on benign data
2019-09-20 10:40:12,562 - robustness - INFO - Model was evaluated on benign data
2019-09-20 10:40:12,583 - robustness - INFO - Model was evaluated on benign data
2019-09-20 10:40:12,609 - robustness - INFO - Model was evaluated on benign data
2019-09-20 10:40:12,652 - robustness - INFO - Model was evaluated on benign data
2019-09-20 10:40:15,296 - robustness - INFO - Model was evaluated on benign data
2019-09-20 10:40:15,322 - robustness - INFO - Model was evaluated on benign data
2019-09-20 10:40:15,345 - robustness - INFO - Model was evaluated on benign data
2019-09-20 10:40:15,367 - robustness - INFO - Model was evaluated on benign data
2019-09-20 10:40:17,841 - robustness - INFO - Model was evaluated on benign data
2019-09-20 10:40:17,862 - robustness - INFO - Model was evaluated on benign data
2019-09-20 10:40:17,882 - robustness - INFO - Model was evaluated on benign data
2019-09-20 10:40:17,901 - robustness - INFO - Model was evaluated on benign data
2019-09-20 10:40:20,452 - robustness - INFO - Model was evaluated on benign data
2019-09-20 10:40:20,476 - robustness - INFO - Model was evaluated on benign data
2019-09-20 10:40:20,499 - robustness - INFO - Model was evaluated on benign data
2019-09-20 10:40:20,520 - robustness - INFO - Model was evaluated on benign data
2019-09-20 10:40:23,007 - robustness - INFO - Model was evaluated on benign data
2019-09-20 10:40:23,033 - robustness - INFO - Model was evaluated on benign data
2019-09-20 10:40:23,057 - robustness - INFO - Model was evaluated on benign data
2019-09-20 10:40:23,078 - robustness - INFO - Model was evaluated on benign data
2019-09-20 10:40:25,517 - robustness - INFO - Model was evaluated on benign data
2019-09-20 10:40:25,538 - robustness - INFO - Model was evaluated on benign data
2019-09-20 10:40:25,561 - robustness - INFO - Model was evaluated on benign data
2019-09-20 10:40:25,586 - robustness - INFO - Model was evaluated on benign data
2019-09-20 10:40:26,839 - robustness - INFO - Model was evaluated on benign data
2019-09-20 10:40:26,858 - robustness - INFO - Model was evaluated on benign data
2019-09-20 10:40:26,878 - robustness - INFO - Model was evaluated on benign data
2019-09-20 10:40:26,896 - robustness - INFO - Model was evaluated on benign data
2019-09-20 10:40:29,223 - robustness - INFO - Model was evaluated on benign data
2019-09-20 10:40:29,254 - robustness - INFO - Model was evaluated on benign data
2019-09-20 10:40:29,286 - robustness - INFO - Model was evaluated on benign data
2019-09-20 10:40:29,323 - robustness - INFO - Model was evaluated on benign data
2019-09-20 10:40:31,731 - robustness - INFO - Model was evaluated on benign data
2019-09-20 10:40:31,762 - robustness - INFO - Model was evaluated on benign data
2019-09-20 10:40:31,804 - robustness - INFO - Model was evaluated on benign data
2019-09-20 10:40:31,839 - robustness - INFO - Model was evaluated on benign data
2019-09-20 10:40:34,348 - robustness - INFO - Model was evaluated on benign data
2019-09-20 10:40:34,370 - robustness - INFO - Model was evaluated on benign data
2019-09-20 10:40:34,410 - robustness - INFO - Model was evaluated on benign data
2019-09-20 10:40:34,445 - robustness - INFO - Model was evaluated on benign data
2019-09-20 10:40:36,788 - robustness - INFO - Model was evaluated on benign data
2019-09-20 10:40:36,808 - robustness - INFO - Model was evaluated on benign data
2019-09-20 10:40:36,829 - robustness - INFO - Model was evaluated on benign data
2019-09-20 10:40:36,853 - robustness - INFO - Model was evaluated on benign data
2019-09-20 10:40:39,201 - robustness - INFO - Model was evaluated on benign data
2019-09-20 10:40:39,224 - robustness - INFO - Model was evaluated on benign data
2019-09-20 10:40:39,246 - robustness - INFO - Model was evaluated on benign data
2019-09-20 10:40:39,267 - robustness - INFO - Model was evaluated on benign data
2019-09-20 10:40:41,611 - robustness - INFO - Model was evaluated on benign data
2019-09-20 10:40:41,632 - robustness - INFO - Model was evaluated on benign data
2019-09-20 10:40:41,652 - robustness - INFO - Model was evaluated on benign data
2019-09-20 10:40:41,672 - robustness - INFO - Model was evaluated on benign data
2019-09-20 10:40:43,038 - robustness - INFO - Model was evaluated on benign data
2019-09-20 10:40:43,056 - robustness - INFO - Model was evaluated on benign data
2019-09-20 10:40:43,075 - robustness - INFO - Model was evaluated on benign data
2019-09-20 10:40:43,094 - robustness - INFO - Model was evaluated on benign data
2019-09-20 10:40:45,148 - robustness - INFO - Model was evaluated on benign data
2019-09-20 10:40:45,167 - robustness - INFO - Model was evaluated on benign data
2019-09-20 10:40:45,187 - robustness - INFO - Model was evaluated on benign data
2019-09-20 10:40:45,205 - robustness - INFO - Model was evaluated on benign data
2019-09-20 10:40:47,353 - robustness - INFO - Model was evaluated on benign data
2019-09-20 10:40:47,372 - robustness - INFO - Model was evaluated on benign data
2019-09-20 10:40:47,390 - robustness - INFO - Model was evaluated on benign data
2019-09-20 10:40:47,409 - robustness - INFO - Model was evaluated on benign data
2019-09-20 10:40:49,573 - robustness - INFO - Model was evaluated on benign data
2019-09-20 10:40:49,592 - robustness - INFO - Model was evaluated on benign data
2019-09-20 10:40:49,611 - robustness - INFO - Model was evaluated on benign data
2019-09-20 10:40:49,629 - robustness - INFO - Model was evaluated on benign data
2019-09-20 10:40:52,084 - robustness - INFO - Model was evaluated on benign data
2019-09-20 10:40:52,102 - robustness - INFO - Model was evaluated on benign data
2019-09-20 10:40:52,121 - robustness - INFO - Model was evaluated on benign data
2019-09-20 10:40:52,139 - robustness - INFO - Model was evaluated on benign data
2019-09-20 10:40:54,748 - robustness - INFO - Model was evaluated on benign data
2019-09-20 10:40:54,769 - robustness - INFO - Model was evaluated on benign data
2019-09-20 10:40:54,795 - robustness - INFO - Model was evaluated on benign data
2019-09-20 10:40:54,822 - robustness - INFO - Model was evaluated on benign data
2019-09-20 10:40:57,373 - robustness - INFO - Model was evaluated on benign data
2019-09-20 10:40:57,395 - robustness - INFO - Model was evaluated on benign data
2019-09-20 10:40:57,422 - robustness - INFO - Model was evaluated on benign data
2019-09-20 10:40:57,448 - robustness - INFO - Model was evaluated on benign data
2019-09-20 10:40:58,676 - robustness - INFO - Model was evaluated on benign data
2019-09-20 10:40:58,699 - robustness - INFO - Model was evaluated on benign data
2019-09-20 10:40:58,720 - robustness - INFO - Model was evaluated on benign data
2019-09-20 10:40:58,739 - robustness - INFO - Model was evaluated on benign data
2019-09-20 10:41:01,038 - robustness - INFO - Model was evaluated on benign data
2019-09-20 10:41:01,061 - robustness - INFO - Model was evaluated on benign data
2019-09-20 10:41:01,088 - robustness - INFO - Model was evaluated on benign data
2019-09-20 10:41:01,111 - robustness - INFO - Model was evaluated on benign data
2019-09-20 10:41:03,651 - robustness - INFO - Model was evaluated on benign data
2019-09-20 10:41:03,676 - robustness - INFO - Model was evaluated on benign data
2019-09-20 10:41:03,698 - robustness - INFO - Model was evaluated on benign data
2019-09-20 10:41:03,721 - robustness - INFO - Model was evaluated on benign data
2019-09-20 10:41:06,147 - robustness - INFO - Model was evaluated on benign data
2019-09-20 10:41:06,168 - robustness - INFO - Model was evaluated on benign data
2019-09-20 10:41:06,189 - robustness - INFO - Model was evaluated on benign data
2019-09-20 10:41:06,211 - robustness - INFO - Model was evaluated on benign data
2019-09-20 10:41:08,431 - robustness - INFO - Model was evaluated on benign data
2019-09-20 10:41:08,455 - robustness - INFO - Model was evaluated on benign data
2019-09-20 10:41:08,476 - robustness - INFO - Model was evaluated on benign data
2019-09-20 10:41:08,498 - robustness - INFO - Model was evaluated on benign data
2019-09-20 10:41:10,713 - robustness - INFO - Model was evaluated on benign data
2019-09-20 10:41:10,735 - robustness - INFO - Model was evaluated on benign data
2019-09-20 10:41:10,756 - robustness - INFO - Model was evaluated on benign data
2019-09-20 10:41:10,776 - robustness - INFO - Model was evaluated on benign data
2019-09-20 10:41:13,067 - robustness - INFO - Model was evaluated on benign data
2019-09-20 10:41:13,088 - robustness - INFO - Model was evaluated on benign data
2019-09-20 10:41:13,110 - robustness - INFO - Model was evaluated on benign data
2019-09-20 10:41:13,131 - robustness - INFO - Model was evaluated on benign data
