2019-08-31 17:30:00,900 - robustness - DEBUG - Initialized instance variables of the robust model class
2019-08-31 17:30:00,902 - robustness - DEBUG - Created placeholders for x and y
2019-08-31 17:30:01,084 - robustness - DEBUG - Created layers and tensor for logits
2019-08-31 17:30:01,102 - robustness - DEBUG - Added loss computation to the graph
2019-08-31 17:30:01,106 - robustness - DEBUG - Added accuracy computation to the graph
2019-08-31 17:30:01,107 - robustness - INFO - Model graph was created
2019-08-31 17:30:01,109 - robustness - INFO - Created model successfully. Now going to train
2019-08-31 17:30:07,679 - robustness - DEBUG - Epoch: 0001    cost: 0.287811305 
2019-08-31 17:30:07,679 - robustness - DEBUG - Accuracy on batch: 1.000000
2019-08-31 17:30:13,058 - robustness - DEBUG - Epoch: 0002    cost: 0.415869504 
2019-08-31 17:30:13,058 - robustness - DEBUG - Accuracy on batch: 1.000000
2019-08-31 17:30:13,058 - robustness - DEBUG - Optimization Finished!
2019-08-31 17:30:13,287 - robustness - DEBUG - Final Train Loss 0.539229
2019-08-31 17:30:13,287 - robustness - DEBUG - Final Train Accuracy 0.863450:
2019-08-31 17:30:14,395 - robustness - INFO - Model was evaluated on benign data
2019-08-31 17:30:14,594 - robustness - INFO - Model is being evaluated on FGSM data
2019-08-31 17:30:14,606 - robustness - INFO - ----Regular test accuracy and loss ----
2019-08-31 17:30:14,606 - robustness - INFO - (0.5318395, 0.8635)
2019-08-31 17:30:14,606 - robustness - INFO - ----FGSM test accuracy and loss ----
2019-08-31 17:30:14,606 - robustness - INFO - (10.180468, 0.0033)
2019-08-31 17:30:14,606 - robustness - INFO - Model is being evaluated on PGD points generated using 0.050000 learning rate and 100 iterations
2019-08-31 17:30:25,534 - robustness - DEBUG - This is to confirm that attack does not violate constraints
2019-08-31 17:30:25,535 - robustness - DEBUG - Should be no more than eps
2019-08-31 17:30:25,584 - robustness - DEBUG - 0.10000005352730845
2019-08-31 17:30:25,607 - robustness - INFO - ----PGD test accuracy and loss ----
2019-08-31 17:30:25,607 - robustness - INFO - (18.045918, 0.0017)
