2019-08-21 09:54:04,391 - robustness - DEBUG - Initialized instance variables of the robust model class
2019-08-21 09:54:04,393 - robustness - DEBUG - Created placeholders for x and y
2019-08-21 09:54:04,553 - robustness - DEBUG - Created layers and tensor for logits
2019-08-21 09:54:04,571 - robustness - DEBUG - Added loss computation to the graph
2019-08-21 09:54:04,574 - robustness - DEBUG - Added accuracy computation to the graph
2019-08-21 09:54:04,575 - robustness - INFO - Model graph was created
2019-08-21 09:54:04,577 - robustness - INFO - Created model successfully. Now going to load weights
2019-08-21 09:54:04,692 - robustness - INFO - Model was evaluated on benign data
2019-08-21 09:54:04,692 - robustness - INFO - ----Regular test accuracy and loss ----
2019-08-21 09:54:04,692 - robustness - INFO - (1.394179, 0.5332)
2019-08-21 09:54:04,710 - robustness - INFO - Model was evaluated on benign data
2019-08-21 09:54:04,710 - robustness - INFO - ----Regular test accuracy and loss ----
2019-08-21 09:54:04,710 - robustness - INFO - (1.394179, 0.5332)
2019-08-21 09:54:04,938 - robustness - INFO - Model is being evaluated on FGSM data
2019-08-21 09:54:04,949 - robustness - INFO - ----FGSM test accuracy and loss ----
2019-08-21 09:54:04,949 - robustness - INFO - (2.230682, 0.2134)
2019-08-21 09:54:05,127 - robustness - INFO - -------- PGD test acc and loss -----
2019-08-21 09:54:05,127 - robustness - INFO - Model is being evaluated on PGD points generated using 0.050000 learning rate and 100 iterations
2019-08-21 09:54:12,496 - robustness - INFO - (1.3879102, 0.5327)
2019-08-21 09:54:12,497 - robustness - INFO - -------- PGD test acc and loss -----
2019-08-21 09:54:12,497 - robustness - INFO - Model is being evaluated on PGD points generated using 0.050000 learning rate and 100 iterations
2019-08-21 09:54:19,473 - robustness - INFO - (1.3890135, 0.5328)
