2019-08-11 15:22:10,568 - robustness - INFO - Created model successfully. Now going to train
2019-08-11 15:22:12,256 - robustness - INFO - Epoch: 0001    cost: 1.601598263 
2019-08-11 15:22:12,256 - robustness - INFO - Accuracy on batch: 0.476513
2019-08-11 15:22:13,462 - robustness - INFO - Epoch: 0002    cost: 1.409420371 
2019-08-11 15:22:13,462 - robustness - INFO - Accuracy on batch: 0.482433
2019-08-11 15:22:14,681 - robustness - INFO - Epoch: 0003    cost: 1.006864548 
2019-08-11 15:22:14,681 - robustness - INFO - Accuracy on batch: 0.895133
2019-08-11 15:22:16,005 - robustness - INFO - Epoch: 0004    cost: 0.925204277 
2019-08-11 15:22:16,005 - robustness - INFO - Accuracy on batch: 0.939417
2019-08-11 15:22:17,241 - robustness - INFO - Epoch: 0005    cost: 0.859261394 
2019-08-11 15:22:17,242 - robustness - INFO - Accuracy on batch: 0.770739
2019-08-11 15:22:18,492 - robustness - INFO - Epoch: 0006    cost: 0.743024945 
2019-08-11 15:22:18,493 - robustness - INFO - Accuracy on batch: 0.919505
2019-08-11 15:22:19,772 - robustness - INFO - Epoch: 0007    cost: 0.765707016 
2019-08-11 15:22:19,772 - robustness - INFO - Accuracy on batch: 0.804721
2019-08-11 15:22:21,053 - robustness - INFO - Epoch: 0008    cost: 0.598277092 
2019-08-11 15:22:21,054 - robustness - INFO - Accuracy on batch: 0.904821
2019-08-11 15:22:22,344 - robustness - INFO - Epoch: 0009    cost: 0.564990699 
2019-08-11 15:22:22,344 - robustness - INFO - Accuracy on batch: 0.895364
2019-08-11 15:22:23,715 - robustness - INFO - Epoch: 0010    cost: 0.672184527 
2019-08-11 15:22:23,718 - robustness - INFO - Accuracy on batch: 0.845929
2019-08-11 15:22:25,278 - robustness - INFO - Epoch: 0011    cost: 0.344349980 
2019-08-11 15:22:25,278 - robustness - INFO - Accuracy on batch: 0.982087
2019-08-11 15:22:26,840 - robustness - INFO - Epoch: 0012    cost: 0.498163164 
2019-08-11 15:22:26,840 - robustness - INFO - Accuracy on batch: 0.913201
2019-08-11 15:22:28,503 - robustness - INFO - Epoch: 0013    cost: 0.442648828 
2019-08-11 15:22:28,504 - robustness - INFO - Accuracy on batch: 0.930268
2019-08-11 15:22:30,105 - robustness - INFO - Epoch: 0014    cost: 0.323305160 
2019-08-11 15:22:30,106 - robustness - INFO - Accuracy on batch: 0.978166
2019-08-11 15:22:31,640 - robustness - INFO - Epoch: 0015    cost: 0.332678676 
2019-08-11 15:22:31,640 - robustness - INFO - Accuracy on batch: 0.973476
2019-08-11 15:22:33,239 - robustness - INFO - Epoch: 0016    cost: 0.334180444 
2019-08-11 15:22:33,240 - robustness - INFO - Accuracy on batch: 0.973783
2019-08-11 15:22:34,646 - robustness - INFO - Epoch: 0017    cost: 0.357278407 
2019-08-11 15:22:34,646 - robustness - INFO - Accuracy on batch: 0.967095
2019-08-11 15:22:36,235 - robustness - INFO - Epoch: 0018    cost: 0.476902336 
2019-08-11 15:22:36,237 - robustness - INFO - Accuracy on batch: 0.914508
2019-08-11 15:22:37,857 - robustness - INFO - Epoch: 0019    cost: 0.515366077 
2019-08-11 15:22:37,859 - robustness - INFO - Accuracy on batch: 0.903206
2019-08-11 15:22:39,416 - robustness - INFO - Epoch: 0020    cost: 0.379793257 
2019-08-11 15:22:39,417 - robustness - INFO - Accuracy on batch: 0.958945
2019-08-11 15:22:41,006 - robustness - INFO - Epoch: 0021    cost: 0.307856351 
2019-08-11 15:22:41,006 - robustness - INFO - Accuracy on batch: 0.984624
2019-08-11 15:22:42,528 - robustness - INFO - Epoch: 0022    cost: 0.333712101 
2019-08-11 15:22:42,528 - robustness - INFO - Accuracy on batch: 0.972476
2019-08-11 15:22:44,241 - robustness - INFO - Epoch: 0023    cost: 0.315845817 
2019-08-11 15:22:44,249 - robustness - INFO - Accuracy on batch: 0.980241
2019-08-11 15:22:46,130 - robustness - INFO - Epoch: 0024    cost: 0.328026354 
2019-08-11 15:22:46,131 - robustness - INFO - Accuracy on batch: 0.976782
2019-08-11 15:22:47,781 - robustness - INFO - Epoch: 0025    cost: 0.286116242 
2019-08-11 15:22:47,781 - robustness - INFO - Accuracy on batch: 0.993234
2019-08-11 15:22:49,422 - robustness - INFO - Epoch: 0026    cost: 0.328922957 
2019-08-11 15:22:49,422 - robustness - INFO - Accuracy on batch: 0.977474
2019-08-11 15:22:51,407 - robustness - INFO - Epoch: 0027    cost: 0.309698492 
2019-08-11 15:22:51,411 - robustness - INFO - Accuracy on batch: 0.982010
2019-08-11 15:22:53,002 - robustness - INFO - Epoch: 0028    cost: 0.578782320 
2019-08-11 15:22:53,003 - robustness - INFO - Accuracy on batch: 0.893442
2019-08-11 15:22:54,691 - robustness - INFO - Epoch: 0029    cost: 0.299080729 
2019-08-11 15:22:54,691 - robustness - INFO - Accuracy on batch: 0.986238
2019-08-11 15:22:56,699 - robustness - INFO - Epoch: 0030    cost: 0.321538657 
2019-08-11 15:22:56,700 - robustness - INFO - Accuracy on batch: 0.977781
2019-08-11 15:22:58,437 - robustness - INFO - Epoch: 0031    cost: 0.341686845 
2019-08-11 15:22:58,439 - robustness - INFO - Accuracy on batch: 0.971092
2019-08-11 15:23:00,156 - robustness - INFO - Epoch: 0032    cost: 0.299227744 
2019-08-11 15:23:00,157 - robustness - INFO - Accuracy on batch: 0.986084
2019-08-11 15:23:01,941 - robustness - INFO - Epoch: 0033    cost: 0.280119240 
2019-08-11 15:23:01,941 - robustness - INFO - Accuracy on batch: 0.995618
2019-08-11 15:23:03,922 - robustness - INFO - Epoch: 0034    cost: 0.357118368 
2019-08-11 15:23:03,925 - robustness - INFO - Accuracy on batch: 0.960713
2019-08-11 15:23:05,577 - robustness - INFO - Epoch: 0035    cost: 0.320965469 
2019-08-11 15:23:05,577 - robustness - INFO - Accuracy on batch: 0.977704
2019-08-11 15:23:07,266 - robustness - INFO - Epoch: 0036    cost: 0.342654109 
2019-08-11 15:23:07,268 - robustness - INFO - Accuracy on batch: 0.969017
2019-08-11 15:23:09,239 - robustness - INFO - Epoch: 0037    cost: 0.364202917 
2019-08-11 15:23:09,239 - robustness - INFO - Accuracy on batch: 0.963481
2019-08-11 15:23:11,542 - robustness - INFO - Epoch: 0038    cost: 0.305717587 
2019-08-11 15:23:11,542 - robustness - INFO - Accuracy on batch: 0.984701
2019-08-11 15:23:13,472 - robustness - INFO - Epoch: 0039    cost: 0.288299620 
2019-08-11 15:23:13,472 - robustness - INFO - Accuracy on batch: 0.991774
2019-08-11 15:23:15,173 - robustness - INFO - Epoch: 0040    cost: 0.299291044 
2019-08-11 15:23:15,173 - robustness - INFO - Accuracy on batch: 0.985854
2019-08-11 15:23:17,269 - robustness - INFO - Epoch: 0041    cost: 0.299384177 
2019-08-11 15:23:17,273 - robustness - INFO - Accuracy on batch: 0.987084
2019-08-11 15:23:19,157 - robustness - INFO - Epoch: 0042    cost: 0.292516530 
2019-08-11 15:23:19,157 - robustness - INFO - Accuracy on batch: 0.988852
2019-08-11 15:23:21,103 - robustness - INFO - Epoch: 0043    cost: 0.320650250 
2019-08-11 15:23:21,103 - robustness - INFO - Accuracy on batch: 0.981087
2019-08-11 15:23:23,032 - robustness - INFO - Epoch: 0044    cost: 0.302147090 
2019-08-11 15:23:23,033 - robustness - INFO - Accuracy on batch: 0.983547
2019-08-11 15:23:25,008 - robustness - INFO - Epoch: 0045    cost: 0.303058207 
2019-08-11 15:23:25,008 - robustness - INFO - Accuracy on batch: 0.987853
2019-08-11 15:23:26,997 - robustness - INFO - Epoch: 0046    cost: 0.385046661 
2019-08-11 15:23:26,997 - robustness - INFO - Accuracy on batch: 0.954486
2019-08-11 15:23:28,882 - robustness - INFO - Epoch: 0047    cost: 0.377174079 
2019-08-11 15:23:28,882 - robustness - INFO - Accuracy on batch: 0.965249
2019-08-11 15:23:30,735 - robustness - INFO - Epoch: 0048    cost: 0.302784801 
2019-08-11 15:23:30,735 - robustness - INFO - Accuracy on batch: 0.987315
2019-08-11 15:23:32,889 - robustness - INFO - Epoch: 0049    cost: 0.368640661 
2019-08-11 15:23:32,893 - robustness - INFO - Accuracy on batch: 0.963020
2019-08-11 15:23:34,929 - robustness - INFO - Epoch: 0050    cost: 0.303385049 
2019-08-11 15:23:34,930 - robustness - INFO - Accuracy on batch: 0.986392
2019-08-11 15:23:36,893 - robustness - INFO - Epoch: 0051    cost: 0.321412414 
2019-08-11 15:23:36,893 - robustness - INFO - Accuracy on batch: 0.977243
2019-08-11 15:23:38,887 - robustness - INFO - Epoch: 0052    cost: 0.313763499 
2019-08-11 15:23:38,888 - robustness - INFO - Accuracy on batch: 0.978550
2019-08-11 15:23:40,900 - robustness - INFO - Epoch: 0053    cost: 0.320255965 
2019-08-11 15:23:40,900 - robustness - INFO - Accuracy on batch: 0.974629
2019-08-11 15:23:42,950 - robustness - INFO - Epoch: 0054    cost: 0.317412972 
2019-08-11 15:23:42,950 - robustness - INFO - Accuracy on batch: 0.977320
2019-08-11 15:23:45,584 - robustness - INFO - Epoch: 0055    cost: 0.302930892 
2019-08-11 15:23:45,586 - robustness - INFO - Accuracy on batch: 0.981241
2019-08-11 15:23:47,612 - robustness - INFO - Epoch: 0056    cost: 0.322053075 
2019-08-11 15:23:47,612 - robustness - INFO - Accuracy on batch: 0.973168
2019-08-11 15:23:49,765 - robustness - INFO - Epoch: 0057    cost: 0.360386491 
2019-08-11 15:23:49,766 - robustness - INFO - Accuracy on batch: 0.962251
2019-08-11 15:23:51,856 - robustness - INFO - Epoch: 0058    cost: 0.299750328 
2019-08-11 15:23:51,861 - robustness - INFO - Accuracy on batch: 0.982240
2019-08-11 15:23:53,962 - robustness - INFO - Epoch: 0059    cost: 0.332105547 
2019-08-11 15:23:53,964 - robustness - INFO - Accuracy on batch: 0.970708
2019-08-11 15:23:56,163 - robustness - INFO - Epoch: 0060    cost: 0.294158310 
2019-08-11 15:23:56,164 - robustness - INFO - Accuracy on batch: 0.983701
2019-08-11 15:23:58,411 - robustness - INFO - Epoch: 0061    cost: 0.346479088 
2019-08-11 15:23:58,412 - robustness - INFO - Accuracy on batch: 0.963789
2019-08-11 15:24:00,412 - robustness - INFO - Epoch: 0062    cost: 0.340338886 
2019-08-11 15:24:00,413 - robustness - INFO - Accuracy on batch: 0.965711
2019-08-11 15:24:02,681 - robustness - INFO - Epoch: 0063    cost: 0.295318514 
2019-08-11 15:24:02,682 - robustness - INFO - Accuracy on batch: 0.985316
2019-08-11 15:24:04,939 - robustness - INFO - Epoch: 0064    cost: 0.355388820 
2019-08-11 15:24:04,939 - robustness - INFO - Accuracy on batch: 0.957638
2019-08-11 15:24:07,654 - robustness - INFO - Epoch: 0065    cost: 0.350168407 
2019-08-11 15:24:07,657 - robustness - INFO - Accuracy on batch: 0.965096
2019-08-11 15:24:09,773 - robustness - INFO - Epoch: 0066    cost: 0.271008700 
2019-08-11 15:24:09,774 - robustness - INFO - Accuracy on batch: 0.993234
2019-08-11 15:24:11,925 - robustness - INFO - Epoch: 0067    cost: 0.273655534 
2019-08-11 15:24:11,925 - robustness - INFO - Accuracy on batch: 0.993849
2019-08-11 15:24:14,151 - robustness - INFO - Epoch: 0068    cost: 0.270306706 
2019-08-11 15:24:14,153 - robustness - INFO - Accuracy on batch: 0.992466
2019-08-11 15:24:16,554 - robustness - INFO - Epoch: 0069    cost: 0.298260838 
2019-08-11 15:24:16,554 - robustness - INFO - Accuracy on batch: 0.981933
2019-08-11 15:24:19,246 - robustness - INFO - Epoch: 0070    cost: 0.281342953 
2019-08-11 15:24:19,247 - robustness - INFO - Accuracy on batch: 0.988698
2019-08-11 15:24:21,532 - robustness - INFO - Epoch: 0071    cost: 0.281986624 
2019-08-11 15:24:21,533 - robustness - INFO - Accuracy on batch: 0.989313
2019-08-11 15:24:23,749 - robustness - INFO - Epoch: 0072    cost: 0.284723580 
2019-08-11 15:24:23,750 - robustness - INFO - Accuracy on batch: 0.988622
2019-08-11 15:24:26,306 - robustness - INFO - Epoch: 0073    cost: 0.316512883 
2019-08-11 15:24:26,308 - robustness - INFO - Accuracy on batch: 0.976474
2019-08-11 15:24:28,676 - robustness - INFO - Epoch: 0074    cost: 0.312554359 
2019-08-11 15:24:28,676 - robustness - INFO - Accuracy on batch: 0.977935
2019-08-11 15:24:31,137 - robustness - INFO - Epoch: 0075    cost: 0.291818440 
2019-08-11 15:24:31,138 - robustness - INFO - Accuracy on batch: 0.985008
2019-08-11 15:24:33,555 - robustness - INFO - Epoch: 0076    cost: 0.300625354 
2019-08-11 15:24:33,557 - robustness - INFO - Accuracy on batch: 0.980703
2019-08-11 15:24:36,689 - robustness - INFO - Epoch: 0077    cost: 0.306640565 
2019-08-11 15:24:36,689 - robustness - INFO - Accuracy on batch: 0.980549
2019-08-11 15:24:39,093 - robustness - INFO - Epoch: 0078    cost: 0.294557244 
2019-08-11 15:24:39,094 - robustness - INFO - Accuracy on batch: 0.984470
2019-08-11 15:24:41,498 - robustness - INFO - Epoch: 0079    cost: 0.299253553 
2019-08-11 15:24:41,499 - robustness - INFO - Accuracy on batch: 0.981625
2019-08-11 15:24:43,922 - robustness - INFO - Epoch: 0080    cost: 0.308245540 
2019-08-11 15:24:43,927 - robustness - INFO - Accuracy on batch: 0.978781
2019-08-11 15:24:46,441 - robustness - INFO - Epoch: 0081    cost: 0.267836869 
2019-08-11 15:24:46,442 - robustness - INFO - Accuracy on batch: 0.993849
2019-08-11 15:24:48,818 - robustness - INFO - Epoch: 0082    cost: 0.270371914 
2019-08-11 15:24:48,818 - robustness - INFO - Accuracy on batch: 0.991851
2019-08-11 15:24:51,405 - robustness - INFO - Epoch: 0083    cost: 0.364342242 
2019-08-11 15:24:51,406 - robustness - INFO - Accuracy on batch: 0.954486
2019-08-11 15:24:54,070 - robustness - INFO - Epoch: 0084    cost: 0.269002348 
2019-08-11 15:24:54,072 - robustness - INFO - Accuracy on batch: 0.991389
2019-08-11 15:24:56,434 - robustness - INFO - Epoch: 0085    cost: 0.287225842 
2019-08-11 15:24:56,434 - robustness - INFO - Accuracy on batch: 0.984086
2019-08-11 15:24:58,897 - robustness - INFO - Epoch: 0086    cost: 0.273100287 
2019-08-11 15:24:58,899 - robustness - INFO - Accuracy on batch: 0.990313
2019-08-11 15:25:01,517 - robustness - INFO - Epoch: 0087    cost: 0.292381823 
2019-08-11 15:25:01,517 - robustness - INFO - Accuracy on batch: 0.981087
2019-08-11 15:25:04,024 - robustness - INFO - Epoch: 0088    cost: 0.315175831 
2019-08-11 15:25:04,024 - robustness - INFO - Accuracy on batch: 0.972476
2019-08-11 15:25:06,522 - robustness - INFO - Epoch: 0089    cost: 0.300641000 
2019-08-11 15:25:06,524 - robustness - INFO - Accuracy on batch: 0.979857
2019-08-11 15:25:09,064 - robustness - INFO - Epoch: 0090    cost: 0.265566498 
2019-08-11 15:25:09,072 - robustness - INFO - Accuracy on batch: 0.992235
2019-08-11 15:25:11,696 - robustness - INFO - Epoch: 0091    cost: 0.257770747 
2019-08-11 15:25:11,698 - robustness - INFO - Accuracy on batch: 0.994388
2019-08-11 15:25:14,227 - robustness - INFO - Epoch: 0092    cost: 0.266863465 
2019-08-11 15:25:14,228 - robustness - INFO - Accuracy on batch: 0.991851
2019-08-11 15:25:16,797 - robustness - INFO - Epoch: 0093    cost: 0.293646663 
2019-08-11 15:25:16,799 - robustness - INFO - Accuracy on batch: 0.978242
2019-08-11 15:25:19,535 - robustness - INFO - Epoch: 0094    cost: 0.271571487 
2019-08-11 15:25:19,536 - robustness - INFO - Accuracy on batch: 0.990082
2019-08-11 15:25:22,098 - robustness - INFO - Epoch: 0095    cost: 0.278842688 
2019-08-11 15:25:22,099 - robustness - INFO - Accuracy on batch: 0.987084
2019-08-11 15:25:24,914 - robustness - INFO - Epoch: 0096    cost: 0.262507975 
2019-08-11 15:25:24,922 - robustness - INFO - Accuracy on batch: 0.993081
2019-08-11 15:25:27,693 - robustness - INFO - Epoch: 0097    cost: 0.258097112 
2019-08-11 15:25:27,694 - robustness - INFO - Accuracy on batch: 0.994618
2019-08-11 15:25:30,359 - robustness - INFO - Epoch: 0098    cost: 0.270007521 
2019-08-11 15:25:30,369 - robustness - INFO - Accuracy on batch: 0.987545
2019-08-11 15:25:33,041 - robustness - INFO - Epoch: 0099    cost: 0.295363873 
2019-08-11 15:25:33,042 - robustness - INFO - Accuracy on batch: 0.979165
2019-08-11 15:25:35,759 - robustness - INFO - Epoch: 0100    cost: 0.288363427 
2019-08-11 15:25:35,760 - robustness - INFO - Accuracy on batch: 0.983240
2019-08-11 15:25:35,760 - robustness - INFO - Optimization Finished!
2019-08-11 15:25:36,113 - robustness - INFO - Final Train Loss 0.021585
2019-08-11 15:25:36,113 - robustness - INFO - Final Train Accuracy 0.992850:
2019-08-11 15:26:31,594 - robustness - INFO - ----Regular test accuracy and loss ----
2019-08-11 15:26:31,596 - robustness - INFO - (0.022321535, 0.9907536)
2019-08-11 15:26:31,597 - robustness - INFO - ----FGSM test accuracy and loss ----
2019-08-11 15:26:31,597 - robustness - INFO - (1.997957, 0.32732317)
2019-08-11 15:26:34,467 - robustness - INFO - ----PGD test accuracy and loss ----
2019-08-11 15:26:34,467 - robustness - INFO - (0.026972283, 0.98797965)
2019-08-11 15:26:36,546 - robustness - INFO - [32.95792, 5.2022047, 5.127589, 4.6593046]
2019-08-11 15:26:39,473 - robustness - INFO - ---Distances----
2019-08-11 15:26:39,473 - robustness - INFO - [1.7613791 2.3774006 2.0184257]
2019-08-11 15:26:39,474 - robustness - INFO - ------Std devs on Distances----
2019-08-11 15:26:39,474 - robustness - INFO - [0.17768675 0.71022266 0.9234579 ]
2019-08-11 15:26:39,810 - robustness - INFO - ------ Margin ------
2019-08-11 15:26:39,810 - robustness - INFO - 1.8704633041274865
