2019-09-01 23:13:18,752 - robustness - INFO - Model graph was created
2019-09-01 23:13:18,758 - robustness - INFO - Created model successfully. Now going to load weights
2019-09-01 23:13:18,821 - robustness - INFO - Successfully restored weights from non rob model.
2019-09-01 23:14:10,961 - robustness - INFO - Model graph was created
2019-09-01 23:14:10,966 - robustness - INFO - Created model successfully. Now going to load weights
2019-09-01 23:14:11,027 - robustness - INFO - Successfully restored weights from non rob model.
2019-09-01 23:14:11,073 - robustness - INFO - Successfully restored weights from rob model.
2019-09-01 23:14:11,199 - robustness - INFO - Model was evaluated on benign data
2019-09-01 23:14:11,201 - robustness - INFO - ----Regular test accuracy and loss ----
2019-09-01 23:14:11,202 - robustness - INFO - (0.22834815, 0.9297)
2019-09-01 23:14:11,223 - robustness - INFO - Model was evaluated on benign data
2019-09-01 23:14:11,225 - robustness - INFO - ----Regular test accuracy and loss ----
2019-09-01 23:14:11,226 - robustness - INFO - (0.22834815, 0.9297)
2019-09-01 23:14:11,438 - robustness - INFO - Model is being evaluated on FGSM data
2019-09-01 23:14:11,452 - robustness - INFO - ----FGSM test accuracy and loss ----
2019-09-01 23:14:11,454 - robustness - INFO - (0.72317165, 0.7712)
2019-09-01 23:17:10,323 - robustness - INFO - Model graph was created
2019-09-01 23:17:10,332 - robustness - INFO - Created model successfully. Now going to load weights
2019-09-01 23:17:10,414 - robustness - INFO - Successfully restored weights from non rob model.
2019-09-01 23:17:10,470 - robustness - INFO - Successfully restored weights from rob model.
2019-09-01 23:17:10,588 - robustness - INFO - Model was evaluated on benign data
2019-09-01 23:17:10,589 - robustness - INFO - ----Regular test accuracy and loss ----
2019-09-01 23:17:10,591 - robustness - INFO - (22.740297, 0.0693)
2019-09-01 23:17:10,610 - robustness - INFO - Model was evaluated on benign data
2019-09-01 23:17:10,612 - robustness - INFO - ----Regular test accuracy and loss ----
2019-09-01 23:17:10,613 - robustness - INFO - (22.740297, 0.0693)
2019-09-01 23:17:10,818 - robustness - INFO - Model is being evaluated on FGSM data
2019-09-01 23:17:10,831 - robustness - INFO - ----FGSM test accuracy and loss ----
2019-09-01 23:17:10,833 - robustness - INFO - (46.12604, 0.0185)
2019-09-01 23:18:08,944 - robustness - INFO - Model graph was created
2019-09-01 23:18:08,949 - robustness - INFO - Created model successfully. Now going to load weights
2019-09-01 23:18:09,025 - robustness - INFO - Successfully restored weights from non rob model.
2019-09-01 23:18:09,082 - robustness - INFO - Successfully restored weights from rob model.
2019-09-01 23:18:09,215 - robustness - INFO - Model was evaluated on benign data
2019-09-01 23:18:09,216 - robustness - INFO - ----Regular test accuracy and loss ----
2019-09-01 23:18:09,218 - robustness - INFO - (0.21926807, 0.9431)
2019-09-01 23:18:09,238 - robustness - INFO - Model was evaluated on benign data
2019-09-01 23:18:09,240 - robustness - INFO - ----Regular test accuracy and loss ----
2019-09-01 23:18:09,242 - robustness - INFO - (0.21926807, 0.9431)
2019-09-01 23:18:09,430 - robustness - INFO - Model is being evaluated on FGSM data
2019-09-01 23:18:09,444 - robustness - INFO - ----FGSM test accuracy and loss ----
2019-09-01 23:18:09,446 - robustness - INFO - (7.151318, 0.0628)
2019-09-01 23:18:16,278 - robustness - INFO - Model graph was created
2019-09-01 23:18:16,283 - robustness - INFO - Created model successfully. Now going to load weights
2019-09-01 23:18:16,368 - robustness - INFO - Successfully restored weights from non rob model.
2019-09-01 23:18:16,435 - robustness - INFO - Successfully restored weights from rob model.
2019-09-01 23:18:16,570 - robustness - INFO - Model was evaluated on benign data
2019-09-01 23:18:16,571 - robustness - INFO - ----Regular test accuracy and loss ----
2019-09-01 23:18:16,573 - robustness - INFO - (22.740297, 0.0693)
2019-09-01 23:18:16,595 - robustness - INFO - Model was evaluated on benign data
2019-09-01 23:18:16,596 - robustness - INFO - ----Regular test accuracy and loss ----
2019-09-01 23:18:16,598 - robustness - INFO - (22.740297, 0.0693)
2019-09-01 23:18:16,795 - robustness - INFO - Model is being evaluated on FGSM data
2019-09-01 23:18:16,810 - robustness - INFO - ----FGSM test accuracy and loss ----
2019-09-01 23:18:16,812 - robustness - INFO - (46.12604, 0.0185)
2019-09-01 23:18:24,639 - robustness - INFO - Model graph was created
2019-09-01 23:18:24,649 - robustness - INFO - Created model successfully. Now going to load weights
2019-09-01 23:18:24,747 - robustness - INFO - Successfully restored weights from non rob model.
2019-09-01 23:18:24,837 - robustness - INFO - Successfully restored weights from rob model.
2019-09-01 23:18:24,997 - robustness - INFO - Model was evaluated on benign data
2019-09-01 23:18:24,998 - robustness - INFO - ----Regular test accuracy and loss ----
2019-09-01 23:18:25,000 - robustness - INFO - (3.824364, 0.0881)
2019-09-01 23:18:25,020 - robustness - INFO - Model was evaluated on benign data
2019-09-01 23:18:25,021 - robustness - INFO - ----Regular test accuracy and loss ----
2019-09-01 23:18:25,023 - robustness - INFO - (3.824364, 0.0881)
2019-09-01 23:18:25,241 - robustness - INFO - Model is being evaluated on FGSM data
2019-09-01 23:18:25,255 - robustness - INFO - ----FGSM test accuracy and loss ----
2019-09-01 23:18:25,257 - robustness - INFO - (9.482137, 0.0296)
2019-09-01 23:18:41,584 - robustness - INFO - Model graph was created
2019-09-01 23:18:41,596 - robustness - INFO - Created model successfully. Now going to load weights
2019-09-01 23:18:41,701 - robustness - INFO - Successfully restored weights from non rob model.
2019-09-01 23:18:41,790 - robustness - INFO - Successfully restored weights from rob model.
2019-09-01 23:18:41,974 - robustness - INFO - Model was evaluated on benign data
2019-09-01 23:18:41,975 - robustness - INFO - ----Regular test accuracy and loss ----
2019-09-01 23:18:41,977 - robustness - INFO - (0.1825119, 0.9516)
2019-09-01 23:18:41,998 - robustness - INFO - Model was evaluated on benign data
2019-09-01 23:18:41,999 - robustness - INFO - ----Regular test accuracy and loss ----
2019-09-01 23:18:42,001 - robustness - INFO - (0.1825119, 0.9516)
2019-09-01 23:18:42,221 - robustness - INFO - Model is being evaluated on FGSM data
2019-09-01 23:18:42,236 - robustness - INFO - ----FGSM test accuracy and loss ----
2019-09-01 23:18:42,239 - robustness - INFO - (6.906797, 0.0456)
2019-09-01 23:18:48,219 - robustness - INFO - Model graph was created
2019-09-01 23:18:48,226 - robustness - INFO - Created model successfully. Now going to load weights
2019-09-01 23:18:48,340 - robustness - INFO - Successfully restored weights from non rob model.
2019-09-01 23:18:48,434 - robustness - INFO - Successfully restored weights from rob model.
2019-09-01 23:18:48,628 - robustness - INFO - Model was evaluated on benign data
2019-09-01 23:18:48,629 - robustness - INFO - ----Regular test accuracy and loss ----
2019-09-01 23:18:48,630 - robustness - INFO - (11.500556, 0.0994)
2019-09-01 23:18:48,652 - robustness - INFO - Model was evaluated on benign data
2019-09-01 23:18:48,653 - robustness - INFO - ----Regular test accuracy and loss ----
2019-09-01 23:18:48,655 - robustness - INFO - (11.500556, 0.0994)
2019-09-01 23:18:48,897 - robustness - INFO - Model is being evaluated on FGSM data
2019-09-01 23:18:48,912 - robustness - INFO - ----FGSM test accuracy and loss ----
2019-09-01 23:18:48,913 - robustness - INFO - (24.177496, 0.0532)
2019-09-01 23:20:50,065 - robustness - INFO - Model graph was created
2019-09-01 23:20:50,078 - robustness - INFO - Created model successfully. Now going to load weights
2019-09-01 23:20:50,212 - robustness - INFO - Successfully restored weights from non rob model.
2019-09-01 23:20:50,322 - robustness - INFO - Successfully restored weights from rob model.
2019-09-01 23:20:51,803 - robustness - INFO - Model was trained on benign data
2019-09-01 23:20:51,806 - robustness - INFO - Trained one epoch to attempt to make weights from different models compatible
2019-09-01 23:20:52,057 - robustness - INFO - Model was evaluated on benign data
2019-09-01 23:20:52,059 - robustness - INFO - ----Regular test accuracy and loss ----
2019-09-01 23:20:52,060 - robustness - INFO - (11.500556, 0.0994)
2019-09-01 23:20:52,087 - robustness - INFO - Model was evaluated on benign data
2019-09-01 23:20:52,088 - robustness - INFO - ----Regular test accuracy and loss ----
2019-09-01 23:20:52,089 - robustness - INFO - (11.500556, 0.0994)
2019-09-01 23:20:52,370 - robustness - INFO - Model is being evaluated on FGSM data
2019-09-01 23:20:52,386 - robustness - INFO - ----FGSM test accuracy and loss ----
2019-09-01 23:20:52,387 - robustness - INFO - (24.177496, 0.0532)
2019-09-01 23:21:20,496 - robustness - INFO - Model graph was created
2019-09-01 23:21:20,508 - robustness - INFO - Created model successfully. Now going to load weights
2019-09-01 23:21:20,660 - robustness - INFO - Successfully restored weights from non rob model.
2019-09-01 23:21:20,801 - robustness - INFO - Successfully restored weights from rob model.
2019-09-01 23:21:21,808 - robustness - INFO - Model was trained on benign data
2019-09-01 23:21:21,811 - robustness - INFO - Trained one epoch to attempt to make weights from different models compatible
2019-09-01 23:21:22,097 - robustness - INFO - Model was evaluated on benign data
2019-09-01 23:21:22,099 - robustness - INFO - ----Regular test accuracy and loss ----
2019-09-01 23:21:22,100 - robustness - INFO - (11.500556, 0.0994)
2019-09-01 23:21:22,126 - robustness - INFO - Model was evaluated on benign data
2019-09-01 23:21:22,127 - robustness - INFO - ----Regular test accuracy and loss ----
2019-09-01 23:21:22,129 - robustness - INFO - (11.500556, 0.0994)
2019-09-01 23:21:22,421 - robustness - INFO - Model is being evaluated on FGSM data
2019-09-01 23:21:22,435 - robustness - INFO - ----FGSM test accuracy and loss ----
2019-09-01 23:21:22,436 - robustness - INFO - (24.177496, 0.0532)
2019-09-01 23:22:15,831 - robustness - INFO - Model graph was created
2019-09-01 23:22:15,843 - robustness - INFO - Created model successfully. Now going to load weights
2019-09-01 23:22:16,017 - robustness - INFO - Successfully restored weights from non rob model.
2019-09-01 23:22:16,181 - robustness - INFO - Successfully restored weights from rob model.
2019-09-01 23:22:17,199 - robustness - INFO - Model was trained on benign data
2019-09-01 23:22:17,203 - robustness - INFO - Trained one epoch to attempt to make weights from different models compatible
2019-09-01 23:22:17,504 - robustness - INFO - Model was evaluated on benign data
2019-09-01 23:22:17,506 - robustness - INFO - ----Regular test accuracy and loss ----
2019-09-01 23:22:17,507 - robustness - INFO - (11.500556, 0.0994)
2019-09-01 23:22:17,531 - robustness - INFO - Model was evaluated on benign data
2019-09-01 23:22:17,534 - robustness - INFO - ----Regular test accuracy and loss ----
2019-09-01 23:22:17,536 - robustness - INFO - (11.500556, 0.0994)
2019-09-01 23:22:17,882 - robustness - INFO - Model is being evaluated on FGSM data
2019-09-01 23:22:17,898 - robustness - INFO - ----FGSM test accuracy and loss ----
2019-09-01 23:22:17,899 - robustness - INFO - (24.177496, 0.0532)
2019-09-01 23:22:49,435 - robustness - INFO - Model graph was created
2019-09-01 23:22:49,446 - robustness - INFO - Created model successfully. Now going to load weights
2019-09-01 23:22:49,644 - robustness - INFO - Successfully restored weights from non rob model.
2019-09-01 23:22:49,851 - robustness - INFO - Successfully restored weights from rob model.
2019-09-01 23:25:47,235 - robustness - INFO - Model graph was created
2019-09-01 23:25:47,246 - robustness - INFO - Created model successfully. Now going to load weights
2019-09-01 23:25:47,691 - robustness - INFO - Successfully restored weights from non rob model.
2019-09-01 23:25:47,891 - robustness - INFO - Successfully restored weights from rob model.
2019-09-01 23:27:13,225 - robustness - INFO - Model graph was created
2019-09-01 23:27:13,237 - robustness - INFO - Created model successfully. Now going to load weights
2019-09-01 23:27:27,203 - robustness - INFO - Model graph was created
2019-09-01 23:27:27,217 - robustness - INFO - Created model successfully. Now going to load weights
2019-09-01 23:27:28,003 - robustness - INFO - Successfully restored weights from non rob model.
2019-09-01 23:27:28,234 - robustness - INFO - Successfully restored weights from rob model.
2019-09-01 23:29:16,684 - robustness - INFO - Model graph was created
2019-09-01 23:29:17,348 - robustness - INFO - Created model successfully. Now going to load weights
2019-09-01 23:29:17,615 - robustness - INFO - Successfully restored weights from non rob model.
2019-09-01 23:29:17,867 - robustness - INFO - Successfully restored weights from rob model.
