2019-08-05 22:18:37,216 - robustness - INFO - Created model successfully. Now going to train
2019-08-05 22:18:39,941 - robustness - INFO - Epoch: 0001    cost: 0.371617235 
2019-08-05 22:18:39,941 - robustness - INFO - Accuracy on batch: 1.000000
2019-08-05 22:18:41,930 - robustness - INFO - Epoch: 0002    cost: 0.208023538 
2019-08-05 22:18:41,930 - robustness - INFO - Accuracy on batch: 1.000000
2019-08-05 22:18:43,816 - robustness - INFO - Epoch: 0003    cost: 0.181304921 
2019-08-05 22:18:43,816 - robustness - INFO - Accuracy on batch: 0.968750
2019-08-05 22:18:45,746 - robustness - INFO - Epoch: 0004    cost: 0.161499819 
2019-08-05 22:18:45,746 - robustness - INFO - Accuracy on batch: 1.000000
2019-08-05 22:18:47,605 - robustness - INFO - Epoch: 0005    cost: 0.142632535 
2019-08-05 22:18:47,605 - robustness - INFO - Accuracy on batch: 1.000000
2019-08-05 22:18:49,471 - robustness - INFO - Epoch: 0006    cost: 0.132373238 
2019-08-05 22:18:49,471 - robustness - INFO - Accuracy on batch: 1.000000
2019-08-05 22:18:51,382 - robustness - INFO - Epoch: 0007    cost: 0.123431564 
2019-08-05 22:18:51,382 - robustness - INFO - Accuracy on batch: 1.000000
2019-08-05 22:18:53,035 - robustness - INFO - Epoch: 0008    cost: 0.118111208 
2019-08-05 22:18:53,035 - robustness - INFO - Accuracy on batch: 1.000000
2019-08-05 22:18:54,916 - robustness - INFO - Epoch: 0009    cost: 0.110292366 
2019-08-05 22:18:54,916 - robustness - INFO - Accuracy on batch: 1.000000
2019-08-05 22:18:56,792 - robustness - INFO - Epoch: 0010    cost: 0.108801839 
2019-08-05 22:18:56,792 - robustness - INFO - Accuracy on batch: 1.000000
2019-08-05 22:18:56,792 - robustness - INFO - Optimization Finished!
2019-08-05 22:18:57,024 - robustness - INFO - Final Train Loss 0.148700
2019-08-05 22:18:57,024 - robustness - INFO - Final Train Accuracy 0.957333:
2019-08-05 22:19:32,854 - robustness - INFO - (0.21287823, 0.9474)
2019-08-05 22:19:32,855 - robustness - INFO - (29.815931, 0.1559)
2019-08-05 22:19:32,988 - robustness - INFO - [274.2211, 13.873623, 12.410477, 11.053392, 10.151942, 9.421306, 8.700285, 12.511789]
