2019-08-26 23:41:50,900 - robustness - INFO - Model graph was created
2019-08-26 23:41:50,905 - robustness - INFO - Created model successfully. Now going to load weights
2019-08-26 23:41:51,032 - robustness - INFO - Model was evaluated on benign data
2019-08-26 23:41:51,034 - robustness - INFO - ----Regular test accuracy and loss ----
2019-08-26 23:41:51,035 - robustness - INFO - (0.17103767, 0.9531)
2019-08-26 23:41:51,055 - robustness - INFO - Model was evaluated on benign data
2019-08-26 23:41:51,056 - robustness - INFO - ----Regular test accuracy and loss ----
2019-08-26 23:41:51,058 - robustness - INFO - (0.17103767, 0.9531)
2019-08-26 23:41:51,222 - robustness - INFO - Model is being evaluated on FGSM data
2019-08-26 23:41:51,235 - robustness - INFO - ----FGSM test accuracy and loss ----
2019-08-26 23:41:51,236 - robustness - INFO - (6.3987045, 0.0485)
2019-08-26 23:41:51,992 - robustness - INFO - Model graph was created
2019-08-26 23:41:51,998 - robustness - INFO - Created model successfully. Now going to load weights
2019-08-26 23:41:52,127 - robustness - INFO - Model was evaluated on benign data
2019-08-26 23:41:52,129 - robustness - INFO - ----Regular test accuracy and loss ----
2019-08-26 23:41:52,130 - robustness - INFO - (0.3424165, 0.8982)
2019-08-26 23:41:52,150 - robustness - INFO - Model was evaluated on benign data
2019-08-26 23:41:52,151 - robustness - INFO - ----Regular test accuracy and loss ----
2019-08-26 23:41:52,152 - robustness - INFO - (0.3424165, 0.8982)
2019-08-26 23:41:52,319 - robustness - INFO - Model is being evaluated on FGSM data
2019-08-26 23:41:52,332 - robustness - INFO - ----FGSM test accuracy and loss ----
2019-08-26 23:41:52,333 - robustness - INFO - (3.3301492, 0.3424)
2019-08-26 23:41:53,167 - robustness - INFO - Model graph was created
2019-08-26 23:41:53,172 - robustness - INFO - Created model successfully. Now going to load weights
2019-08-26 23:41:53,345 - robustness - INFO - Model was evaluated on benign data
2019-08-26 23:41:53,346 - robustness - INFO - ----Regular test accuracy and loss ----
2019-08-26 23:41:53,348 - robustness - INFO - (0.4752624, 0.8653)
2019-08-26 23:41:53,369 - robustness - INFO - Model was evaluated on benign data
2019-08-26 23:41:53,371 - robustness - INFO - ----Regular test accuracy and loss ----
2019-08-26 23:41:53,372 - robustness - INFO - (0.4752624, 0.8653)
2019-08-26 23:41:53,540 - robustness - INFO - Model is being evaluated on FGSM data
2019-08-26 23:41:53,555 - robustness - INFO - ----FGSM test accuracy and loss ----
2019-08-26 23:41:53,556 - robustness - INFO - (3.4028633, 0.1185)
2019-08-26 23:41:54,285 - robustness - INFO - Adversarial Training
2019-08-26 23:41:54,426 - robustness - INFO - Model graph was created
2019-08-26 23:43:08,194 - robustness - INFO - Model was trained on adversarial data
2019-08-26 23:43:08,270 - robustness - INFO - Model was evaluated on benign data
2019-08-26 23:43:08,495 - robustness - INFO - Model is being evaluated on FGSM data
