2019-09-07 16:05:36,249 - robustness - INFO - Model graph was created
2019-09-07 16:05:36,629 - robustness - INFO - Created model successfully. Now going to load weights
2019-09-07 16:05:36,700 - robustness - INFO - Successfully restored weights from non rob model.
2019-09-07 16:05:36,744 - robustness - INFO - Successfully restored weights from rob model.
2019-09-07 16:05:38,111 - robustness - INFO - Model was trained on benign data
2019-09-07 16:05:38,114 - robustness - INFO - Trained one epoch to attempt to make weights from different models compatible
2019-09-07 16:05:38,146 - robustness - INFO - Model was evaluated on benign data
2019-09-07 16:05:38,147 - robustness - INFO - ----Regular test accuracy and loss ----
2019-09-07 16:05:38,149 - robustness - INFO - (0.6153447, 0.8071)
2019-09-07 16:05:38,152 - robustness - INFO - Evaluating on FGSM points now.
2019-09-07 16:05:38,357 - robustness - INFO - Model is being evaluated on FGSM data
2019-09-07 16:05:38,370 - robustness - INFO - ----FGSM test accuracy and loss ----
2019-09-07 16:05:38,372 - robustness - INFO - (2.5958252, 0.362)
2019-09-07 16:05:38,557 - robustness - INFO - Evaluating on PGD points now.
2019-09-07 16:05:38,558 - robustness - INFO - Model is being evaluated on PGD points generated using 0.010000 learning rate and 40 iterations
2019-09-07 16:05:42,689 - robustness - INFO - ----PGD test accuracy and loss ----
2019-09-07 16:05:42,691 - robustness - INFO - (4.140773, 0.2126)
2019-09-07 16:05:43,798 - robustness - INFO - Model graph was created
2019-09-07 16:05:43,804 - robustness - INFO - Created model successfully. Now going to load weights
2019-09-07 16:05:44,129 - robustness - INFO - Model was evaluated on benign data
2019-09-07 16:05:44,131 - robustness - INFO - ----Regular test accuracy and loss ----
2019-09-07 16:05:44,133 - robustness - INFO - (0.17380294, 0.9559)
2019-09-07 16:05:44,160 - robustness - INFO - Model was evaluated on benign data
2019-09-07 16:05:44,161 - robustness - INFO - ----Regular test accuracy and loss ----
2019-09-07 16:05:44,163 - robustness - INFO - (0.17380294, 0.9559)
2019-09-07 16:05:44,385 - robustness - INFO - Model is being evaluated on FGSM data
2019-09-07 16:05:44,401 - robustness - INFO - ----FGSM test accuracy and loss ----
2019-09-07 16:05:44,403 - robustness - INFO - (6.6653485, 0.0579)
2019-09-07 16:48:48,443 - robustness - INFO - Model was evaluated from featurizations
2019-09-07 16:49:16,131 - robustness - INFO - Model was evaluated from featurizations
2019-09-07 16:51:00,902 - robustness - INFO - Model was evaluated from featurizations
2019-09-07 16:51:10,146 - robustness - INFO - Model was evaluated from featurizations
2019-09-07 16:51:27,169 - robustness - INFO - Model was evaluated from featurizations
2019-09-07 16:51:39,053 - robustness - INFO - Model was evaluated from featurizations
2019-09-07 16:51:57,356 - robustness - INFO - Model was evaluated from featurizations
2019-09-07 16:52:10,867 - robustness - INFO - Model was evaluated from featurizations
2019-09-07 16:53:07,198 - robustness - INFO - Model was evaluated from featurizations
2019-09-07 16:53:20,312 - robustness - INFO - Model was evaluated from featurizations
2019-09-07 16:53:29,029 - robustness - INFO - Model was evaluated from featurizations
2019-09-07 16:53:35,826 - robustness - INFO - Model was evaluated from featurizations
2019-09-07 16:53:41,338 - robustness - INFO - Model was evaluated from featurizations
2019-09-07 16:53:50,679 - robustness - INFO - Model was evaluated from featurizations
2019-09-07 16:54:02,996 - robustness - INFO - Model was evaluated from featurizations
2019-09-07 16:54:14,832 - robustness - INFO - Model was evaluated from featurizations
