2019-08-05 22:07:49,572 - robustness - INFO - Created model successfully. Now going to train
2019-08-05 22:07:52,501 - robustness - INFO - Epoch: 0001    cost: 0.378530443 
2019-08-05 22:07:52,501 - robustness - INFO - Accuracy on batch: 1.000000
2019-08-05 22:07:54,639 - robustness - INFO - Epoch: 0002    cost: 0.212264381 
2019-08-05 22:07:54,639 - robustness - INFO - Accuracy on batch: 1.000000
2019-08-05 22:07:56,671 - robustness - INFO - Epoch: 0003    cost: 0.177948640 
2019-08-05 22:07:56,672 - robustness - INFO - Accuracy on batch: 1.000000
2019-08-05 22:07:58,583 - robustness - INFO - Epoch: 0004    cost: 0.157196814 
2019-08-05 22:07:58,584 - robustness - INFO - Accuracy on batch: 1.000000
2019-08-05 22:08:00,425 - robustness - INFO - Epoch: 0005    cost: 0.140546156 
2019-08-05 22:08:00,425 - robustness - INFO - Accuracy on batch: 1.000000
2019-08-05 22:08:02,368 - robustness - INFO - Epoch: 0006    cost: 0.131370096 
2019-08-05 22:08:02,369 - robustness - INFO - Accuracy on batch: 1.000000
2019-08-05 22:08:04,303 - robustness - INFO - Epoch: 0007    cost: 0.121553646 
2019-08-05 22:08:04,303 - robustness - INFO - Accuracy on batch: 1.000000
2019-08-05 22:08:06,233 - robustness - INFO - Epoch: 0008    cost: 0.119897527 
2019-08-05 22:08:06,233 - robustness - INFO - Accuracy on batch: 0.968750
2019-08-05 22:08:08,117 - robustness - INFO - Epoch: 0009    cost: 0.112869847 
2019-08-05 22:08:08,118 - robustness - INFO - Accuracy on batch: 1.000000
2019-08-05 22:08:09,957 - robustness - INFO - Epoch: 0010    cost: 0.105725213 
2019-08-05 22:08:09,957 - robustness - INFO - Accuracy on batch: 1.000000
2019-08-05 22:08:09,957 - robustness - INFO - Optimization Finished!
2019-08-05 22:08:10,178 - robustness - INFO - Final Train Loss 0.156669
2019-08-05 22:08:10,180 - robustness - INFO - Final Train Accuracy 0.960033:
