2019-08-21 10:20:21,099 - robustness - INFO - Model graph was created
2019-08-21 10:20:21,108 - robustness - INFO - Created model successfully. Now going to load weights
2019-08-21 10:20:21,252 - robustness - INFO - Model was evaluated on benign data
2019-08-21 10:20:21,254 - robustness - INFO - ----Regular test accuracy and loss ----
2019-08-21 10:20:21,255 - robustness - INFO - (0.17103767, 0.9531)
2019-08-21 10:20:21,275 - robustness - INFO - Model was evaluated on benign data
2019-08-21 10:20:21,277 - robustness - INFO - ----Regular test accuracy and loss ----
2019-08-21 10:20:21,278 - robustness - INFO - (0.17103767, 0.9531)
2019-08-21 10:20:21,492 - robustness - INFO - Model is being evaluated on FGSM data
2019-08-21 10:20:21,507 - robustness - INFO - ----FGSM test accuracy and loss ----
2019-08-21 10:20:21,509 - robustness - INFO - (6.3987045, 0.0485)
2019-08-21 10:20:22,180 - robustness - INFO - Model graph was created
2019-08-21 10:20:22,185 - robustness - INFO - Created model successfully. Now going to load weights
2019-08-21 10:20:22,360 - robustness - INFO - Model was evaluated on benign data
2019-08-21 10:20:22,362 - robustness - INFO - ----Regular test accuracy and loss ----
2019-08-21 10:20:22,365 - robustness - INFO - (0.3424165, 0.8982)
2019-08-21 10:20:22,397 - robustness - INFO - Model was evaluated on benign data
2019-08-21 10:20:22,400 - robustness - INFO - ----Regular test accuracy and loss ----
2019-08-21 10:20:22,403 - robustness - INFO - (0.3424165, 0.8982)
2019-08-21 10:20:22,613 - robustness - INFO - Model is being evaluated on FGSM data
2019-08-21 10:20:22,627 - robustness - INFO - ----FGSM test accuracy and loss ----
2019-08-21 10:20:22,628 - robustness - INFO - (3.3301492, 0.3424)
2019-08-21 10:20:23,292 - robustness - INFO - Model graph was created
2019-08-21 10:20:23,299 - robustness - INFO - Created model successfully. Now going to load weights
2019-08-21 10:20:23,518 - robustness - INFO - Model was evaluated on benign data
2019-08-21 10:20:23,519 - robustness - INFO - ----Regular test accuracy and loss ----
2019-08-21 10:20:23,522 - robustness - INFO - (0.4752624, 0.8653)
2019-08-21 10:20:23,548 - robustness - INFO - Model was evaluated on benign data
2019-08-21 10:20:23,549 - robustness - INFO - ----Regular test accuracy and loss ----
2019-08-21 10:20:23,552 - robustness - INFO - (0.4752624, 0.8653)
2019-08-21 10:20:23,845 - robustness - INFO - Model is being evaluated on FGSM data
2019-08-21 10:20:23,863 - robustness - INFO - ----FGSM test accuracy and loss ----
2019-08-21 10:20:23,865 - robustness - INFO - (3.4028633, 0.1185)
2019-08-21 10:20:24,413 - robustness - INFO - Adversarial Training
2019-08-21 10:20:24,616 - robustness - INFO - Model graph was created
2019-08-21 10:21:39,167 - robustness - INFO - Model was trained on adversarial data
2019-08-21 10:21:39,263 - robustness - INFO - Model was evaluated on benign data
2019-08-21 10:21:39,486 - robustness - INFO - Model is being evaluated on FGSM data
