2019-09-06 10:40:00,672 - robustness - INFO - Model graph was created
2019-09-06 10:40:00,957 - robustness - INFO - Created model successfully. Now going to load weights
2019-09-06 10:40:01,022 - robustness - INFO - Successfully restored weights from non rob model.
2019-09-06 10:40:01,071 - robustness - INFO - Successfully restored weights from rob model.
2019-09-06 10:40:02,246 - robustness - INFO - Model was trained on benign data
2019-09-06 10:40:02,247 - robustness - INFO - Trained one epoch to attempt to make weights from different models compatible
2019-09-06 10:40:02,283 - robustness - INFO - Model was evaluated on benign data
2019-09-06 10:40:02,284 - robustness - INFO - ----Regular test accuracy and loss ----
2019-09-06 10:40:02,284 - robustness - INFO - (0.6153446, 0.8071)
2019-09-06 10:40:02,285 - robustness - INFO - Evaluating on FGSM points now.
2019-09-06 10:40:02,477 - robustness - INFO - Model is being evaluated on FGSM data
2019-09-06 10:40:02,495 - robustness - INFO - ----FGSM test accuracy and loss ----
2019-09-06 10:40:02,496 - robustness - INFO - (2.5958247, 0.362)
2019-09-06 10:40:02,685 - robustness - INFO - Evaluating on PGD points now.
2019-09-06 10:40:02,687 - robustness - INFO - Model is being evaluated on PGD points generated using 0.010000 learning rate and 40 iterations
2019-09-06 10:40:07,268 - robustness - INFO - ----PGD test accuracy and loss ----
2019-09-06 10:40:07,269 - robustness - INFO - (4.160004, 0.2091)
2019-09-06 10:40:07,994 - robustness - INFO - Model graph was created
2019-09-06 10:40:07,997 - robustness - INFO - Created model successfully. Now going to load weights
2019-09-06 10:40:08,138 - robustness - INFO - Model was evaluated on benign data
2019-09-06 10:40:08,139 - robustness - INFO - ----Regular test accuracy and loss ----
2019-09-06 10:40:08,140 - robustness - INFO - (0.17380296, 0.9559)
2019-09-06 10:40:08,167 - robustness - INFO - Model was evaluated on benign data
2019-09-06 10:40:08,168 - robustness - INFO - ----Regular test accuracy and loss ----
2019-09-06 10:40:08,168 - robustness - INFO - (0.17380296, 0.9559)
2019-09-06 10:40:08,337 - robustness - INFO - Model is being evaluated on FGSM data
2019-09-06 10:40:08,357 - robustness - INFO - ----FGSM test accuracy and loss ----
2019-09-06 10:40:08,358 - robustness - INFO - (6.665347, 0.0579)
