2019-08-05 16:37:59,976 - robustness - INFO - Created model successfully. Now going to train
2019-08-05 16:38:03,154 - robustness - INFO - Epoch: 0001    cost: 1.340529701 
2019-08-05 16:38:03,155 - robustness - INFO - Accuracy on batch: 0.718750
2019-08-05 16:38:05,395 - robustness - INFO - Epoch: 0002    cost: 0.574320981 
2019-08-05 16:38:05,396 - robustness - INFO - Accuracy on batch: 0.937500
2019-08-05 16:38:08,133 - robustness - INFO - Epoch: 0003    cost: 0.366898654 
2019-08-05 16:38:08,133 - robustness - INFO - Accuracy on batch: 0.937500
2019-08-05 16:38:10,672 - robustness - INFO - Epoch: 0004    cost: 0.286928215 
2019-08-05 16:38:10,672 - robustness - INFO - Accuracy on batch: 0.968750
2019-08-05 16:38:12,672 - robustness - INFO - Epoch: 0005    cost: 0.253640440 
2019-08-05 16:38:12,672 - robustness - INFO - Accuracy on batch: 0.968750
2019-08-05 16:38:14,809 - robustness - INFO - Epoch: 0006    cost: 0.229113916 
2019-08-05 16:38:14,809 - robustness - INFO - Accuracy on batch: 0.968750
2019-08-05 16:38:16,982 - robustness - INFO - Epoch: 0007    cost: 0.205142188 
2019-08-05 16:38:16,982 - robustness - INFO - Accuracy on batch: 1.000000
2019-08-05 16:38:18,893 - robustness - INFO - Epoch: 0008    cost: 0.187825285 
2019-08-05 16:38:18,893 - robustness - INFO - Accuracy on batch: 1.000000
2019-08-05 16:38:20,742 - robustness - INFO - Epoch: 0009    cost: 0.173347068 
2019-08-05 16:38:20,743 - robustness - INFO - Accuracy on batch: 1.000000
2019-08-05 16:38:22,616 - robustness - INFO - Epoch: 0010    cost: 0.164314107 
2019-08-05 16:38:22,616 - robustness - INFO - Accuracy on batch: 1.000000
2019-08-05 16:38:22,616 - robustness - INFO - Optimization Finished!
2019-08-05 16:38:22,845 - robustness - INFO - Final Train Loss 0.152720
2019-08-05 16:38:22,845 - robustness - INFO - Final Train Accuracy 0.959983:
2019-08-05 16:38:36,049 - robustness - INFO - (0.21345279, 0.9467)
2019-08-05 16:38:36,050 - robustness - INFO - (6.6288815, 0.1215)
2019-08-05 16:38:36,250 - robustness - INFO - [319.44058, 36.396854, 20.660694, 23.362183, 24.99871, 29.359327, 33.84145, 27.05041]
2019-08-05 16:38:53,141 - robustness - INFO - [0.9239762  0.65693253 0.6067492  0.6374461  0.64722586 0.750713
 0.7882854 ]
2019-08-05 16:38:53,143 - robustness - INFO - [0.16248585 0.23028523 0.23663086 0.26941025 0.2828831  0.29996288
 0.30239812]
2019-08-05 16:38:53,664 - robustness - INFO - [0.99975264, 0.8881756, 0.855083, 0.8640276, 0.9468133, 0.9911321, 0.9927113]
