2019-08-28 14:36:15,362 - robustness - DEBUG - Initialized instance variables of the robust model class
2019-08-28 14:36:15,364 - robustness - DEBUG - Created placeholders for x and y
2019-08-28 14:36:15,525 - robustness - DEBUG - Created layers and tensor for logits
2019-08-28 14:36:15,543 - robustness - DEBUG - Added loss computation to the graph
2019-08-28 14:36:15,547 - robustness - DEBUG - Added accuracy computation to the graph
2019-08-28 14:36:15,548 - robustness - INFO - Model graph was created
2019-08-28 14:36:15,549 - robustness - INFO - Created model successfully. Now going to load weights
2019-08-28 14:36:15,666 - robustness - INFO - Model was evaluated on benign data
2019-08-28 14:36:15,667 - robustness - INFO - ----Regular test accuracy and loss ----
2019-08-28 14:36:15,667 - robustness - INFO - (0.21541685, 0.9385)
2019-08-28 14:36:15,685 - robustness - INFO - Model was evaluated on benign data
2019-08-28 14:36:15,685 - robustness - INFO - ----Regular test accuracy and loss ----
2019-08-28 14:36:15,685 - robustness - INFO - (0.21541685, 0.9385)
2019-08-28 14:36:15,915 - robustness - INFO - Model is being evaluated on FGSM data
2019-08-28 14:36:15,925 - robustness - INFO - ----FGSM test accuracy and loss ----
2019-08-28 14:36:15,925 - robustness - INFO - (4.516582, 0.2345)
2019-08-28 14:36:16,098 - robustness - INFO - -------- PGD test acc and loss -----
2019-08-28 14:36:16,099 - robustness - INFO - Model is being evaluated on PGD points generated using 0.050000 learning rate and 100 iterations
2019-08-28 14:36:23,491 - robustness - INFO - (12.068349, 0.0783)
2019-08-28 14:36:23,491 - robustness - INFO - -------- PGD test acc and loss -----
2019-08-28 14:36:23,492 - robustness - INFO - Model is being evaluated on PGD points generated using 0.050000 learning rate and 100 iterations
2019-08-28 14:36:30,986 - robustness - INFO - (12.050148, 0.0786)
