2019-09-07 17:36:40,316 - robustness - INFO - Model graph was created
2019-09-07 17:36:40,601 - robustness - INFO - Created model successfully. Now going to load weights
2019-09-07 17:36:40,652 - robustness - INFO - Successfully restored weights from non rob model.
2019-09-07 17:36:40,690 - robustness - INFO - Successfully restored weights from rob model.
2019-09-07 17:36:41,821 - robustness - INFO - Model was trained on benign data
2019-09-07 17:36:41,823 - robustness - INFO - Trained one epoch to attempt to make weights from different models compatible
2019-09-07 17:36:41,850 - robustness - INFO - Model was evaluated on benign data
2019-09-07 17:36:41,852 - robustness - INFO - ----Regular test accuracy and loss ----
2019-09-07 17:36:41,854 - robustness - INFO - (0.6153447, 0.8071)
2019-09-07 17:36:41,859 - robustness - INFO - Evaluating on FGSM points now.
2019-09-07 17:36:42,063 - robustness - INFO - Model is being evaluated on FGSM data
2019-09-07 17:36:42,075 - robustness - INFO - ----FGSM test accuracy and loss ----
2019-09-07 17:36:42,077 - robustness - INFO - (2.5958252, 0.362)
2019-09-07 17:36:42,265 - robustness - INFO - Evaluating on PGD points now.
2019-09-07 17:36:42,267 - robustness - INFO - Model is being evaluated on PGD points generated using 0.010000 learning rate and 40 iterations
2019-09-07 17:36:46,216 - robustness - INFO - ----PGD test accuracy and loss ----
2019-09-07 17:36:46,218 - robustness - INFO - (4.1408463, 0.2097)
2019-09-07 17:36:47,132 - robustness - INFO - Model graph was created
2019-09-07 17:36:47,135 - robustness - INFO - Created model successfully. Now going to load weights
2019-09-07 17:36:47,396 - robustness - INFO - Model was evaluated on benign data
2019-09-07 17:36:47,397 - robustness - INFO - ----Regular test accuracy and loss ----
2019-09-07 17:36:47,399 - robustness - INFO - (0.17380294, 0.9559)
2019-09-07 17:36:47,422 - robustness - INFO - Model was evaluated on benign data
2019-09-07 17:36:47,423 - robustness - INFO - ----Regular test accuracy and loss ----
2019-09-07 17:36:47,425 - robustness - INFO - (0.17380294, 0.9559)
2019-09-07 17:36:47,632 - robustness - INFO - Model is being evaluated on FGSM data
2019-09-07 17:36:47,647 - robustness - INFO - ----FGSM test accuracy and loss ----
2019-09-07 17:36:47,648 - robustness - INFO - (6.6653485, 0.0579)
2019-09-07 17:36:51,119 - robustness - INFO - Model was evaluated from featurizations
2019-09-07 17:36:51,992 - robustness - INFO - Model graph was created
2019-09-07 17:36:51,998 - robustness - INFO - Created model successfully. Now going to load weights
2019-09-07 17:36:52,333 - robustness - INFO - Model was evaluated on benign data
2019-09-07 17:36:52,335 - robustness - INFO - ----Regular test accuracy and loss ----
2019-09-07 17:36:52,336 - robustness - INFO - (0.3424165, 0.8982)
2019-09-07 17:36:52,357 - robustness - INFO - Model was evaluated on benign data
2019-09-07 17:36:52,358 - robustness - INFO - ----Regular test accuracy and loss ----
2019-09-07 17:36:52,360 - robustness - INFO - (0.3424165, 0.8982)
2019-09-07 17:36:52,618 - robustness - INFO - Model is being evaluated on FGSM data
2019-09-07 17:36:52,632 - robustness - INFO - ----FGSM test accuracy and loss ----
2019-09-07 17:36:52,633 - robustness - INFO - (3.3301492, 0.3424)
2019-09-07 17:36:54,540 - robustness - INFO - Model graph was created
2019-09-07 17:36:54,546 - robustness - INFO - Created model successfully. Now going to load weights
2019-09-07 17:36:54,919 - robustness - INFO - Model was evaluated on benign data
2019-09-07 17:36:54,920 - robustness - INFO - ----Regular test accuracy and loss ----
2019-09-07 17:36:54,921 - robustness - INFO - (0.4752624, 0.8653)
2019-09-07 17:36:54,946 - robustness - INFO - Model was evaluated on benign data
2019-09-07 17:36:54,947 - robustness - INFO - ----Regular test accuracy and loss ----
2019-09-07 17:36:54,949 - robustness - INFO - (0.4752624, 0.8653)
2019-09-07 17:36:55,189 - robustness - INFO - Model is being evaluated on FGSM data
2019-09-07 17:36:55,204 - robustness - INFO - ----FGSM test accuracy and loss ----
2019-09-07 17:36:55,206 - robustness - INFO - (3.4028633, 0.1185)
2019-09-07 17:36:57,147 - robustness - INFO - Adversarial Training
2019-09-07 17:36:57,305 - robustness - INFO - Model graph was created
2019-09-07 17:38:10,908 - robustness - INFO - Model was trained on adversarial data
2019-09-07 17:38:10,970 - robustness - INFO - Model was evaluated on benign data
2019-09-07 17:38:11,409 - robustness - INFO - Model is being evaluated on FGSM data
2019-09-07 17:38:14,428 - robustness - INFO - Model was evaluated on benign data
2019-09-07 17:38:55,781 - robustness - INFO - Model was evaluated on benign data
2019-09-07 17:38:56,119 - robustness - INFO - Model is being evaluated on FGSM data
2019-09-07 17:38:57,788 - robustness - INFO - Model was evaluated from featurizations
2019-09-07 17:38:58,108 - robustness - INFO - Model was evaluated on benign data
2019-09-07 17:38:58,453 - robustness - INFO - Model is being evaluated on FGSM data
2019-09-07 17:39:00,513 - robustness - INFO - Model was evaluated from featurizations
2019-09-07 17:39:00,899 - robustness - INFO - Model was evaluated on benign data
2019-09-07 17:39:01,240 - robustness - INFO - Model is being evaluated on FGSM data
2019-09-07 17:39:54,204 - robustness - INFO - Model was evaluated on benign data
2019-09-07 17:39:54,555 - robustness - INFO - Model is being evaluated on FGSM data
2019-09-07 17:39:56,356 - robustness - INFO - Model was evaluated from featurizations
2019-09-07 17:39:56,697 - robustness - INFO - Model was evaluated on benign data
2019-09-07 17:39:57,048 - robustness - INFO - Model is being evaluated on FGSM data
2019-09-07 17:39:59,181 - robustness - INFO - Model was evaluated from featurizations
2019-09-07 17:39:59,598 - robustness - INFO - Model was evaluated on benign data
2019-09-07 17:40:00,018 - robustness - INFO - Model is being evaluated on FGSM data
2019-09-07 17:42:13,370 - robustness - INFO - Model was evaluated on benign data
2019-09-07 17:42:13,766 - robustness - INFO - Model is being evaluated on FGSM data
2019-09-07 17:44:51,511 - robustness - INFO - Adversarial Training
2019-09-07 17:44:51,625 - robustness - INFO - Model graph was created
2019-09-07 17:45:09,925 - robustness - INFO - Model graph was created
2019-09-07 17:45:09,933 - robustness - INFO - Created model successfully. Now going to load weights
2019-09-07 17:45:10,879 - robustness - INFO - Model was evaluated on benign data
2019-09-07 17:45:10,880 - robustness - INFO - ----Regular test accuracy and loss ----
2019-09-07 17:45:10,882 - robustness - INFO - (0.22834815, 0.9297)
2019-09-07 17:45:10,905 - robustness - INFO - Model was evaluated on benign data
2019-09-07 17:45:10,906 - robustness - INFO - ----Regular test accuracy and loss ----
2019-09-07 17:45:10,908 - robustness - INFO - (0.22834815, 0.9297)
2019-09-07 17:45:11,321 - robustness - INFO - Model is being evaluated on FGSM data
2019-09-07 17:45:11,335 - robustness - INFO - ----FGSM test accuracy and loss ----
2019-09-07 17:45:11,336 - robustness - INFO - (0.72317165, 0.7712)
2019-09-07 17:46:38,660 - robustness - INFO - Model was evaluated on benign data
2019-09-07 17:46:39,105 - robustness - INFO - Model is being evaluated on FGSM data
2019-09-07 17:46:40,883 - robustness - INFO - Model was evaluated from featurizations
2019-09-07 17:46:41,306 - robustness - INFO - Model was evaluated on benign data
2019-09-07 17:46:41,735 - robustness - INFO - Model is being evaluated on FGSM data
2019-09-07 17:46:43,560 - robustness - INFO - Model was evaluated from featurizations
2019-09-07 17:46:43,994 - robustness - INFO - Model was evaluated on benign data
2019-09-07 17:46:44,526 - robustness - INFO - Model is being evaluated on FGSM data
2019-09-07 17:47:05,710 - robustness - INFO - Model was evaluated on benign data
2019-09-07 17:47:06,187 - robustness - INFO - Model is being evaluated on FGSM data
2019-09-07 17:47:07,947 - robustness - INFO - Model was evaluated from featurizations
2019-09-07 17:47:08,397 - robustness - INFO - Model was evaluated on benign data
2019-09-07 17:47:08,860 - robustness - INFO - Model is being evaluated on FGSM data
2019-09-07 17:47:10,746 - robustness - INFO - Model was evaluated from featurizations
2019-09-07 17:47:11,208 - robustness - INFO - Model was evaluated on benign data
2019-09-07 17:47:11,687 - robustness - INFO - Model is being evaluated on FGSM data
2019-09-07 17:49:56,518 - robustness - INFO - Model was evaluated on benign data
2019-09-07 17:49:57,035 - robustness - INFO - Model is being evaluated on FGSM data
2019-09-07 17:49:58,850 - robustness - INFO - Model was evaluated from featurizations
2019-09-07 17:49:59,341 - robustness - INFO - Model was evaluated on benign data
2019-09-07 17:49:59,838 - robustness - INFO - Model is being evaluated on FGSM data
2019-09-07 17:50:01,812 - robustness - INFO - Model was evaluated from featurizations
2019-09-07 17:50:02,297 - robustness - INFO - Model was evaluated on benign data
2019-09-07 17:50:02,804 - robustness - INFO - Model is being evaluated on FGSM data
2019-09-07 17:50:04,829 - robustness - INFO - Model was evaluated from featurizations
2019-09-07 17:50:05,358 - robustness - INFO - Model was evaluated on benign data
2019-09-07 17:50:05,874 - robustness - INFO - Model is being evaluated on FGSM data
2019-09-07 17:50:07,855 - robustness - INFO - Model was evaluated from featurizations
2019-09-07 17:50:08,414 - robustness - INFO - Model was evaluated on benign data
2019-09-07 17:50:08,955 - robustness - INFO - Model is being evaluated on FGSM data
2019-09-07 17:50:10,992 - robustness - INFO - Model was evaluated from featurizations
2019-09-07 17:51:59,081 - robustness - INFO - Model was evaluated on benign data
2019-09-07 17:51:59,672 - robustness - INFO - Model is being evaluated on FGSM data
2019-09-07 17:52:01,556 - robustness - INFO - Model was evaluated from featurizations
2019-09-07 17:52:02,113 - robustness - INFO - Model was evaluated on benign data
2019-09-07 17:52:02,688 - robustness - INFO - Model is being evaluated on FGSM data
2019-09-07 17:52:04,538 - robustness - INFO - Model was evaluated from featurizations
2019-09-07 17:52:05,089 - robustness - INFO - Model was evaluated on benign data
2019-09-07 17:52:05,659 - robustness - INFO - Model is being evaluated on FGSM data
2019-09-07 17:52:07,534 - robustness - INFO - Model was evaluated from featurizations
2019-09-07 17:52:08,097 - robustness - INFO - Model was evaluated on benign data
2019-09-07 17:52:08,677 - robustness - INFO - Model is being evaluated on FGSM data
2019-09-07 17:52:10,763 - robustness - INFO - Model was evaluated from featurizations
2019-09-07 17:52:11,342 - robustness - INFO - Model was evaluated on benign data
2019-09-07 17:52:11,941 - robustness - INFO - Model is being evaluated on FGSM data
2019-09-07 17:52:13,814 - robustness - INFO - Model was evaluated from featurizations
