2019-08-29 17:11:33,937 - robustness - DEBUG - Initialized instance variables of the robust model class
2019-08-29 17:11:33,939 - robustness - DEBUG - Created placeholders for x and y
2019-08-29 17:11:34,103 - robustness - DEBUG - Created layers and tensor for logits
2019-08-29 17:11:34,121 - robustness - DEBUG - Added loss computation to the graph
2019-08-29 17:11:34,125 - robustness - DEBUG - Added accuracy computation to the graph
2019-08-29 17:11:34,126 - robustness - INFO - Model graph was created
2019-08-29 17:11:34,127 - robustness - INFO - Created model successfully. Now going to train
2019-08-29 17:11:40,363 - robustness - DEBUG - Max difference before projecting
2019-08-29 17:11:40,797 - robustness - DEBUG - 0.073614515
2019-08-29 17:11:41,322 - robustness - DEBUG - Max difference after projecting
2019-08-29 17:11:41,471 - robustness - DEBUG - 0.073614515
2019-08-29 17:11:46,745 - robustness - DEBUG - Epoch: 0001    cost: 0.307553482 
2019-08-29 17:11:46,745 - robustness - DEBUG - Accuracy on batch: 1.000000
2019-08-29 17:11:47,331 - robustness - DEBUG - Max difference before projecting
2019-08-29 17:11:47,695 - robustness - DEBUG - 0.06974012
2019-08-29 17:11:48,147 - robustness - DEBUG - Max difference after projecting
2019-08-29 17:11:48,280 - robustness - DEBUG - 0.06974012
2019-08-29 17:11:52,769 - robustness - DEBUG - Epoch: 0002    cost: 0.367376299 
2019-08-29 17:11:52,769 - robustness - DEBUG - Accuracy on batch: 1.000000
2019-08-29 17:11:52,769 - robustness - DEBUG - Optimization Finished!
2019-08-29 17:11:52,985 - robustness - DEBUG - Final Train Loss 0.543235
2019-08-29 17:11:52,985 - robustness - DEBUG - Final Train Accuracy 0.853833:
2019-08-29 17:11:53,882 - robustness - INFO - Model was evaluated on benign data
2019-08-29 17:11:54,069 - robustness - INFO - Model is being evaluated on FGSM data
2019-08-29 17:11:54,084 - robustness - INFO - ----Regular test accuracy and loss ----
2019-08-29 17:11:54,084 - robustness - INFO - (0.530048, 0.8593)
2019-08-29 17:11:54,084 - robustness - INFO - ----FGSM test accuracy and loss ----
2019-08-29 17:11:54,084 - robustness - INFO - (11.4630785, 0.0046)
2019-08-29 17:11:54,084 - robustness - INFO - Model is being evaluated on PGD points generated using 0.050000 learning rate and 100 iterations
