2019-09-06 10:25:00,706 - robustness - INFO - Model graph was created
2019-09-06 10:25:00,938 - robustness - INFO - Created model successfully. Now going to load weights
2019-09-06 10:25:00,987 - robustness - INFO - Successfully restored weights from non rob model.
2019-09-06 10:25:01,020 - robustness - INFO - Successfully restored weights from rob model.
2019-09-06 10:25:02,432 - robustness - INFO - Model was trained on benign data
2019-09-06 10:25:02,433 - robustness - INFO - Trained one epoch to attempt to make weights from different models compatible
2019-09-06 10:25:02,470 - robustness - INFO - Model was evaluated on benign data
2019-09-06 10:25:02,470 - robustness - INFO - ----Regular test accuracy and loss ----
2019-09-06 10:25:02,472 - robustness - INFO - (0.6153446, 0.8071)
2019-09-06 10:25:02,474 - robustness - INFO - Evaluating on FGSM points now.
2019-09-06 10:25:02,709 - robustness - INFO - Model is being evaluated on FGSM data
2019-09-06 10:25:02,735 - robustness - INFO - ----FGSM test accuracy and loss ----
2019-09-06 10:25:02,736 - robustness - INFO - (2.5958247, 0.362)
2019-09-06 10:25:02,961 - robustness - INFO - Evaluating on PGD points now.
2019-09-06 10:25:02,962 - robustness - INFO - Model is being evaluated on PGD points generated using 0.010000 learning rate and 40 iterations
2019-09-06 10:25:08,320 - robustness - INFO - ----PGD test accuracy and loss ----
2019-09-06 10:25:08,321 - robustness - INFO - (4.1479874, 0.2109)
2019-09-06 10:25:08,689 - robustness - INFO - Model graph was created
2019-09-06 10:25:08,693 - robustness - INFO - Created model successfully. Now going to load weights
2019-09-06 10:25:59,774 - robustness - INFO - Model graph was created
2019-09-06 10:25:59,783 - robustness - INFO - Created model successfully. Now going to load weights
2019-09-06 10:27:27,095 - robustness - INFO - Model graph was created
2019-09-06 10:27:30,973 - robustness - INFO - Created model successfully. Now going to load weights
2019-09-06 10:28:33,418 - robustness - INFO - Model graph was created
2019-09-06 10:28:33,428 - robustness - INFO - Created model successfully. Now going to load weights
2019-09-06 10:31:11,965 - robustness - INFO - Model graph was created
