2019-08-09 18:33:06,054 - robustness - INFO - Created model successfully. Now going to train
2019-08-09 18:33:06,907 - robustness - INFO - Epoch: 0001    cost: 0.036871459 
2019-08-09 18:33:06,907 - robustness - INFO - Accuracy on batch: 1.000000
2019-08-09 18:33:07,262 - robustness - INFO - Epoch: 0002    cost: 0.013006348 
2019-08-09 18:33:07,262 - robustness - INFO - Accuracy on batch: 1.000000
2019-08-09 18:33:07,624 - robustness - INFO - Epoch: 0003    cost: 0.010586188 
2019-08-09 18:33:07,624 - robustness - INFO - Accuracy on batch: 1.000000
2019-08-09 18:33:07,971 - robustness - INFO - Epoch: 0004    cost: 0.007557822 
2019-08-09 18:33:07,971 - robustness - INFO - Accuracy on batch: 1.000000
2019-08-09 18:33:08,317 - robustness - INFO - Epoch: 0005    cost: 0.006472850 
2019-08-09 18:33:08,317 - robustness - INFO - Accuracy on batch: 1.000000
2019-08-09 18:33:08,671 - robustness - INFO - Epoch: 0006    cost: 0.007244310 
2019-08-09 18:33:08,671 - robustness - INFO - Accuracy on batch: 1.000000
2019-08-09 18:33:09,017 - robustness - INFO - Epoch: 0007    cost: 0.004583301 
2019-08-09 18:33:09,017 - robustness - INFO - Accuracy on batch: 1.000000
2019-08-09 18:33:09,370 - robustness - INFO - Epoch: 0008    cost: 0.003780762 
2019-08-09 18:33:09,371 - robustness - INFO - Accuracy on batch: 1.000000
2019-08-09 18:33:09,727 - robustness - INFO - Epoch: 0009    cost: 0.005356888 
2019-08-09 18:33:09,727 - robustness - INFO - Accuracy on batch: 1.000000
2019-08-09 18:33:10,085 - robustness - INFO - Epoch: 0010    cost: 0.003756193 
2019-08-09 18:33:10,085 - robustness - INFO - Accuracy on batch: 1.000000
2019-08-09 18:33:10,426 - robustness - INFO - Epoch: 0011    cost: 0.005390145 
2019-08-09 18:33:10,427 - robustness - INFO - Accuracy on batch: 1.000000
2019-08-09 18:33:10,780 - robustness - INFO - Epoch: 0012    cost: 0.005421467 
2019-08-09 18:33:10,781 - robustness - INFO - Accuracy on batch: 1.000000
2019-08-09 18:33:11,142 - robustness - INFO - Epoch: 0013    cost: 0.003315717 
2019-08-09 18:33:11,143 - robustness - INFO - Accuracy on batch: 1.000000
2019-08-09 18:33:11,502 - robustness - INFO - Epoch: 0014    cost: 0.003728036 
2019-08-09 18:33:11,503 - robustness - INFO - Accuracy on batch: 1.000000
2019-08-09 18:33:11,858 - robustness - INFO - Epoch: 0015    cost: 0.002522848 
2019-08-09 18:33:11,858 - robustness - INFO - Accuracy on batch: 1.000000
2019-08-09 18:33:12,207 - robustness - INFO - Epoch: 0016    cost: 0.002641740 
2019-08-09 18:33:12,207 - robustness - INFO - Accuracy on batch: 1.000000
2019-08-09 18:33:12,551 - robustness - INFO - Epoch: 0017    cost: 0.002018042 
2019-08-09 18:33:12,551 - robustness - INFO - Accuracy on batch: 1.000000
2019-08-09 18:33:12,916 - robustness - INFO - Epoch: 0018    cost: 0.003117568 
2019-08-09 18:33:12,916 - robustness - INFO - Accuracy on batch: 1.000000
2019-08-09 18:33:13,266 - robustness - INFO - Epoch: 0019    cost: 0.003961792 
2019-08-09 18:33:13,266 - robustness - INFO - Accuracy on batch: 1.000000
2019-08-09 18:33:13,624 - robustness - INFO - Epoch: 0020    cost: 0.004295363 
2019-08-09 18:33:13,624 - robustness - INFO - Accuracy on batch: 1.000000
2019-08-09 18:33:13,624 - robustness - INFO - Optimization Finished!
2019-08-09 18:33:13,691 - robustness - INFO - Final Train Loss 0.003074
2019-08-09 18:33:13,691 - robustness - INFO - Final Train Accuracy 1.000000:
2019-08-09 18:33:13,948 - robustness - INFO - ----Regular test accuracy and loss ----
2019-08-09 18:33:13,949 - robustness - INFO - (0.011454871, 1.0)
2019-08-09 18:33:13,949 - robustness - INFO - ----FGSM test accuracy and loss ----
2019-08-09 18:33:13,949 - robustness - INFO - (0.06909319, 1.0)
2019-08-09 18:33:15,550 - robustness - INFO - ----PGD test accuracy and loss ----
2019-08-09 18:33:15,550 - robustness - INFO - (16.839745, 1.0)
2019-08-09 18:33:15,645 - robustness - INFO - [110.44991, 7.482583, 7.118011, 4.592536]
