2019-08-05 17:00:44,156 - robustness - INFO - Created model successfully. Now going to train
2019-08-05 17:00:47,000 - robustness - INFO - Epoch: 0001    cost: 0.394739833 
2019-08-05 17:00:47,000 - robustness - INFO - Accuracy on batch: 1.000000
2019-08-05 17:00:48,975 - robustness - INFO - Epoch: 0002    cost: 0.210466682 
2019-08-05 17:00:48,975 - robustness - INFO - Accuracy on batch: 1.000000
2019-08-05 17:00:50,935 - robustness - INFO - Epoch: 0003    cost: 0.179291946 
2019-08-05 17:00:50,935 - robustness - INFO - Accuracy on batch: 0.968750
2019-08-05 17:00:52,860 - robustness - INFO - Epoch: 0004    cost: 0.160717443 
2019-08-05 17:00:52,860 - robustness - INFO - Accuracy on batch: 1.000000
2019-08-05 17:00:54,804 - robustness - INFO - Epoch: 0005    cost: 0.147031964 
2019-08-05 17:00:54,805 - robustness - INFO - Accuracy on batch: 0.968750
2019-08-05 17:00:56,734 - robustness - INFO - Epoch: 0006    cost: 0.136638687 
2019-08-05 17:00:56,735 - robustness - INFO - Accuracy on batch: 1.000000
2019-08-05 17:00:58,666 - robustness - INFO - Epoch: 0007    cost: 0.129530755 
2019-08-05 17:00:58,666 - robustness - INFO - Accuracy on batch: 0.968750
2019-08-05 17:01:00,589 - robustness - INFO - Epoch: 0008    cost: 0.124015064 
2019-08-05 17:01:00,589 - robustness - INFO - Accuracy on batch: 1.000000
2019-08-05 17:01:02,507 - robustness - INFO - Epoch: 0009    cost: 0.117842648 
2019-08-05 17:01:02,507 - robustness - INFO - Accuracy on batch: 1.000000
2019-08-05 17:01:04,389 - robustness - INFO - Epoch: 0010    cost: 0.110904235 
2019-08-05 17:01:04,390 - robustness - INFO - Accuracy on batch: 1.000000
2019-08-05 17:01:04,390 - robustness - INFO - Optimization Finished!
2019-08-05 17:01:04,642 - robustness - INFO - Final Train Loss 0.111362
2019-08-05 17:01:04,642 - robustness - INFO - Final Train Accuracy 0.971100:
2019-08-05 17:01:38,770 - robustness - INFO - (0.16205442, 0.9622)
2019-08-05 17:01:38,770 - robustness - INFO - (28.447481, 0.0629)
2019-08-05 17:01:38,994 - robustness - INFO - [281.3783, 12.946939, 12.665519, 12.067004, 9.140996, 9.732248, 8.472949, 14.707483]
2019-08-05 17:01:54,726 - robustness - INFO - [13.70231  18.81006  24.938885 29.81304  33.936825 19.185276 17.508503]
2019-08-05 17:01:54,730 - robustness - INFO - [ 2.9546728  6.1583447  9.041812  12.190237  14.888843   8.783014
  8.041041 ]
2019-08-05 17:01:55,267 - robustness - INFO - [12.787964, 16.012693, 24.314445, 31.166021, 39.279587, 16.534864, 10.772653]
