2019-09-08 18:32:07,369 - robustness - INFO - Model graph was created
2019-09-08 18:32:07,406 - robustness - INFO - Created model successfully. Now going to train
2019-09-08 18:34:09,876 - robustness - INFO - Model was trained on benign data
2019-09-08 18:34:10,001 - robustness - INFO - Saved model at weights/model_333.ckpt
2019-09-08 18:34:10,030 - robustness - INFO - Model was evaluated on benign data
2019-09-08 18:34:10,206 - robustness - INFO - Model is being evaluated on FGSM data
2019-09-08 18:34:10,224 - robustness - INFO - ----Regular test accuracy and loss ----
2019-09-08 18:34:10,224 - robustness - INFO - (0.23646778, 0.9347)
2019-09-08 18:34:10,224 - robustness - INFO - ----FGSM test accuracy and loss ----
2019-09-08 18:34:10,224 - robustness - INFO - (4.247205, 0.2573)
2019-09-08 18:34:10,224 - robustness - INFO - Model is being evaluated on PGD points generated using 0.010000 learning rate and 50 iterations
2019-09-08 18:34:15,085 - robustness - INFO - ----PGD test accuracy and loss ----
2019-09-08 18:34:15,086 - robustness - INFO - (5.978072, 0.151)
2019-09-08 18:34:15,210 - robustness - INFO - [6.92537, 5.7589846, 3.67073, 3.039194, 3.1920185, 5.1396704, 3.4247825, 4.5205474]
2019-09-08 18:34:15,211 - robustness - INFO - Getting activation distances between regular and FGSM data
2019-09-08 18:34:31,837 - robustness - INFO - ---Distances----
2019-09-08 18:34:31,837 - robustness - INFO - [0.4250503  0.4371529  0.74407357 1.2906153  2.5302472  4.9194384
 6.6656017 ]
2019-09-08 18:34:31,837 - robustness - INFO - ------Std devs on Distances----
2019-09-08 18:34:31,837 - robustness - INFO - [0.08992697 0.21926562 0.41081423 0.6999834  1.5264407  2.8775725
 3.724929  ]
