2019-08-10 22:49:10,896 - robustness - INFO - Created model successfully. Now going to train
2019-08-10 22:49:11,811 - robustness - INFO - Epoch: 0001    cost: 0.031388994 
2019-08-10 22:49:11,811 - robustness - INFO - Accuracy on batch: 1.000000
2019-08-10 22:49:12,161 - robustness - INFO - Epoch: 0002    cost: 0.012652380 
2019-08-10 22:49:12,161 - robustness - INFO - Accuracy on batch: 1.000000
2019-08-10 22:49:12,558 - robustness - INFO - Epoch: 0003    cost: 0.009958284 
2019-08-10 22:49:12,558 - robustness - INFO - Accuracy on batch: 1.000000
2019-08-10 22:49:12,927 - robustness - INFO - Epoch: 0004    cost: 0.007636407 
2019-08-10 22:49:12,927 - robustness - INFO - Accuracy on batch: 1.000000
2019-08-10 22:49:13,299 - robustness - INFO - Epoch: 0005    cost: 0.008001931 
2019-08-10 22:49:13,300 - robustness - INFO - Accuracy on batch: 1.000000
2019-08-10 22:49:13,741 - robustness - INFO - Epoch: 0006    cost: 0.004829630 
2019-08-10 22:49:13,741 - robustness - INFO - Accuracy on batch: 1.000000
2019-08-10 22:49:14,182 - robustness - INFO - Epoch: 0007    cost: 0.006414103 
2019-08-10 22:49:14,182 - robustness - INFO - Accuracy on batch: 1.000000
2019-08-10 22:49:14,620 - robustness - INFO - Epoch: 0008    cost: 0.005672653 
2019-08-10 22:49:14,620 - robustness - INFO - Accuracy on batch: 1.000000
2019-08-10 22:49:15,063 - robustness - INFO - Epoch: 0009    cost: 0.004711566 
2019-08-10 22:49:15,064 - robustness - INFO - Accuracy on batch: 1.000000
2019-08-10 22:49:15,480 - robustness - INFO - Epoch: 0010    cost: 0.004328216 
2019-08-10 22:49:15,480 - robustness - INFO - Accuracy on batch: 1.000000
2019-08-10 22:49:15,481 - robustness - INFO - Optimization Finished!
2019-08-10 22:49:15,578 - robustness - INFO - Final Train Loss 0.003719
2019-08-10 22:49:15,578 - robustness - INFO - Final Train Accuracy 1.000000:
2019-08-10 22:49:15,891 - robustness - INFO - ----Regular test accuracy and loss ----
2019-08-10 22:49:15,891 - robustness - INFO - (0.008060909, 1.0)
2019-08-10 22:49:15,891 - robustness - INFO - ----FGSM test accuracy and loss ----
2019-08-10 22:49:15,891 - robustness - INFO - (6.071035, 1.0)
2019-08-10 22:49:17,860 - robustness - INFO - ----PGD test accuracy and loss ----
2019-08-10 22:49:17,860 - robustness - INFO - (14.853395, 1.0)
2019-08-10 22:49:18,000 - robustness - INFO - ------ Norms --------
2019-08-10 22:49:18,000 - robustness - INFO - [83.57327, 6.976924, 6.5643578, 5.417325]
2019-08-10 22:49:19,919 - robustness - INFO - ---Distances----
2019-08-10 22:49:19,919 - robustness - INFO - [5.3797283 5.525841  4.273903 ]
2019-08-10 22:49:19,920 - robustness - INFO - ------Std devs on Distances----
2019-08-10 22:49:19,920 - robustness - INFO - [1.0123307 1.3544517 0.9611063]
2019-08-10 22:49:19,942 - robustness - INFO - ------ Margin ------
2019-08-10 22:49:19,943 - robustness - INFO - 1.7729546161376
