2019-08-06 12:43:09,998 - robustness - INFO - Created model successfully. Now going to train
2019-08-06 12:43:12,817 - robustness - INFO - Epoch: 0001    cost: 0.819053006 
2019-08-06 12:43:12,818 - robustness - INFO - Accuracy on batch: 1.000000
2019-08-06 12:43:14,884 - robustness - INFO - Epoch: 0002    cost: 0.634959998 
2019-08-06 12:43:14,884 - robustness - INFO - Accuracy on batch: 0.937500
2019-08-06 12:43:16,964 - robustness - INFO - Epoch: 0003    cost: 0.596017537 
2019-08-06 12:43:16,964 - robustness - INFO - Accuracy on batch: 0.968750
2019-08-06 12:43:19,014 - robustness - INFO - Epoch: 0004    cost: 0.561657740 
2019-08-06 12:43:19,014 - robustness - INFO - Accuracy on batch: 0.968750
2019-08-06 12:43:21,014 - robustness - INFO - Epoch: 0005    cost: 0.544690090 
2019-08-06 12:43:21,014 - robustness - INFO - Accuracy on batch: 0.937500
2019-08-06 12:43:22,956 - robustness - INFO - Epoch: 0006    cost: 0.530756709 
2019-08-06 12:43:22,956 - robustness - INFO - Accuracy on batch: 0.968750
2019-08-06 12:43:24,936 - robustness - INFO - Epoch: 0007    cost: 0.515184967 
2019-08-06 12:43:24,937 - robustness - INFO - Accuracy on batch: 1.000000
2019-08-06 12:43:26,959 - robustness - INFO - Epoch: 0008    cost: 0.501328087 
2019-08-06 12:43:26,959 - robustness - INFO - Accuracy on batch: 0.968750
2019-08-06 12:43:29,004 - robustness - INFO - Epoch: 0009    cost: 0.497749142 
2019-08-06 12:43:29,005 - robustness - INFO - Accuracy on batch: 0.968750
2019-08-06 12:43:30,970 - robustness - INFO - Epoch: 0010    cost: 0.490601955 
2019-08-06 12:43:30,971 - robustness - INFO - Accuracy on batch: 1.000000
2019-08-06 12:43:32,967 - robustness - INFO - Epoch: 0011    cost: 0.486555192 
2019-08-06 12:43:32,967 - robustness - INFO - Accuracy on batch: 0.968750
2019-08-06 12:43:34,938 - robustness - INFO - Epoch: 0012    cost: 0.484804878 
2019-08-06 12:43:34,938 - robustness - INFO - Accuracy on batch: 0.968750
2019-08-06 12:43:36,954 - robustness - INFO - Epoch: 0013    cost: 0.477859629 
2019-08-06 12:43:36,954 - robustness - INFO - Accuracy on batch: 1.000000
2019-08-06 12:43:38,924 - robustness - INFO - Epoch: 0014    cost: 0.477384696 
2019-08-06 12:43:38,925 - robustness - INFO - Accuracy on batch: 1.000000
2019-08-06 12:43:40,868 - robustness - INFO - Epoch: 0015    cost: 0.473937031 
2019-08-06 12:43:40,868 - robustness - INFO - Accuracy on batch: 1.000000
2019-08-06 12:43:42,854 - robustness - INFO - Epoch: 0016    cost: 0.474897497 
2019-08-06 12:43:42,854 - robustness - INFO - Accuracy on batch: 1.000000
2019-08-06 12:43:44,821 - robustness - INFO - Epoch: 0017    cost: 0.471720622 
2019-08-06 12:43:44,821 - robustness - INFO - Accuracy on batch: 1.000000
2019-08-06 12:43:46,824 - robustness - INFO - Epoch: 0018    cost: 0.466771956 
2019-08-06 12:43:46,824 - robustness - INFO - Accuracy on batch: 1.000000
2019-08-06 12:43:48,822 - robustness - INFO - Epoch: 0019    cost: 0.466286396 
2019-08-06 12:43:48,822 - robustness - INFO - Accuracy on batch: 1.000000
2019-08-06 12:43:50,800 - robustness - INFO - Epoch: 0020    cost: 0.468271474 
2019-08-06 12:43:50,800 - robustness - INFO - Accuracy on batch: 1.000000
2019-08-06 12:43:52,831 - robustness - INFO - Epoch: 0021    cost: 0.462022148 
2019-08-06 12:43:52,831 - robustness - INFO - Accuracy on batch: 1.000000
2019-08-06 12:43:54,801 - robustness - INFO - Epoch: 0022    cost: 0.460702677 
2019-08-06 12:43:54,801 - robustness - INFO - Accuracy on batch: 1.000000
2019-08-06 12:43:56,839 - robustness - INFO - Epoch: 0023    cost: 0.460057511 
2019-08-06 12:43:56,839 - robustness - INFO - Accuracy on batch: 0.968750
2019-08-06 12:43:58,786 - robustness - INFO - Epoch: 0024    cost: 0.457339604 
2019-08-06 12:43:58,786 - robustness - INFO - Accuracy on batch: 1.000000
2019-08-06 12:44:00,772 - robustness - INFO - Epoch: 0025    cost: 0.457404220 
2019-08-06 12:44:00,772 - robustness - INFO - Accuracy on batch: 0.937500
2019-08-06 12:44:02,779 - robustness - INFO - Epoch: 0026    cost: 0.460271828 
2019-08-06 12:44:02,779 - robustness - INFO - Accuracy on batch: 0.937500
2019-08-06 12:44:05,634 - robustness - INFO - Epoch: 0027    cost: 0.456188931 
2019-08-06 12:44:05,638 - robustness - INFO - Accuracy on batch: 1.000000
2019-08-06 12:44:08,180 - robustness - INFO - Epoch: 0028    cost: 0.453102751 
2019-08-06 12:44:08,180 - robustness - INFO - Accuracy on batch: 0.968750
2019-08-06 12:44:10,759 - robustness - INFO - Epoch: 0029    cost: 0.455298097 
2019-08-06 12:44:10,759 - robustness - INFO - Accuracy on batch: 1.000000
2019-08-06 12:44:13,123 - robustness - INFO - Epoch: 0030    cost: 0.453587981 
2019-08-06 12:44:13,124 - robustness - INFO - Accuracy on batch: 1.000000
2019-08-06 12:44:15,449 - robustness - INFO - Epoch: 0031    cost: 0.455369896 
2019-08-06 12:44:15,449 - robustness - INFO - Accuracy on batch: 1.000000
2019-08-06 12:44:17,804 - robustness - INFO - Epoch: 0032    cost: 0.451756480 
2019-08-06 12:44:17,805 - robustness - INFO - Accuracy on batch: 1.000000
2019-08-06 12:44:20,151 - robustness - INFO - Epoch: 0033    cost: 0.447175131 
2019-08-06 12:44:20,151 - robustness - INFO - Accuracy on batch: 0.968750
2019-08-06 12:44:22,526 - robustness - INFO - Epoch: 0034    cost: 0.449214155 
2019-08-06 12:44:22,526 - robustness - INFO - Accuracy on batch: 1.000000
2019-08-06 12:44:24,873 - robustness - INFO - Epoch: 0035    cost: 0.450945390 
2019-08-06 12:44:24,873 - robustness - INFO - Accuracy on batch: 1.000000
2019-08-06 12:44:27,266 - robustness - INFO - Epoch: 0036    cost: 0.447867878 
2019-08-06 12:44:27,266 - robustness - INFO - Accuracy on batch: 1.000000
2019-08-06 12:44:29,631 - robustness - INFO - Epoch: 0037    cost: 0.449918929 
2019-08-06 12:44:29,631 - robustness - INFO - Accuracy on batch: 1.000000
2019-08-06 12:44:32,009 - robustness - INFO - Epoch: 0038    cost: 0.448693810 
2019-08-06 12:44:32,010 - robustness - INFO - Accuracy on batch: 1.000000
2019-08-06 12:44:34,398 - robustness - INFO - Epoch: 0039    cost: 0.448966933 
2019-08-06 12:44:34,398 - robustness - INFO - Accuracy on batch: 1.000000
2019-08-06 12:44:36,769 - robustness - INFO - Epoch: 0040    cost: 0.447350986 
2019-08-06 12:44:36,770 - robustness - INFO - Accuracy on batch: 1.000000
2019-08-06 12:44:39,216 - robustness - INFO - Epoch: 0041    cost: 0.447375191 
2019-08-06 12:44:39,216 - robustness - INFO - Accuracy on batch: 0.968750
2019-08-06 12:44:41,580 - robustness - INFO - Epoch: 0042    cost: 0.444710557 
2019-08-06 12:44:41,580 - robustness - INFO - Accuracy on batch: 1.000000
2019-08-06 12:44:43,923 - robustness - INFO - Epoch: 0043    cost: 0.445136598 
2019-08-06 12:44:43,923 - robustness - INFO - Accuracy on batch: 0.968750
2019-08-06 12:44:46,294 - robustness - INFO - Epoch: 0044    cost: 0.444479262 
2019-08-06 12:44:46,294 - robustness - INFO - Accuracy on batch: 1.000000
2019-08-06 12:44:48,626 - robustness - INFO - Epoch: 0045    cost: 0.443981872 
2019-08-06 12:44:48,626 - robustness - INFO - Accuracy on batch: 1.000000
2019-08-06 12:44:51,042 - robustness - INFO - Epoch: 0046    cost: 0.444714029 
2019-08-06 12:44:51,043 - robustness - INFO - Accuracy on batch: 1.000000
2019-08-06 12:44:53,456 - robustness - INFO - Epoch: 0047    cost: 0.447157047 
2019-08-06 12:44:53,456 - robustness - INFO - Accuracy on batch: 1.000000
2019-08-06 12:44:55,830 - robustness - INFO - Epoch: 0048    cost: 0.444885640 
2019-08-06 12:44:55,830 - robustness - INFO - Accuracy on batch: 1.000000
2019-08-06 12:44:58,204 - robustness - INFO - Epoch: 0049    cost: 0.445709554 
2019-08-06 12:44:58,205 - robustness - INFO - Accuracy on batch: 1.000000
2019-08-06 12:45:00,532 - robustness - INFO - Epoch: 0050    cost: 0.444894619 
2019-08-06 12:45:00,532 - robustness - INFO - Accuracy on batch: 1.000000
2019-08-06 12:45:02,933 - robustness - INFO - Epoch: 0051    cost: 0.445191270 
2019-08-06 12:45:02,933 - robustness - INFO - Accuracy on batch: 1.000000
2019-08-06 12:45:05,260 - robustness - INFO - Epoch: 0052    cost: 0.442319887 
2019-08-06 12:45:05,260 - robustness - INFO - Accuracy on batch: 0.968750
2019-08-06 12:45:07,615 - robustness - INFO - Epoch: 0053    cost: 0.444537909 
2019-08-06 12:45:07,615 - robustness - INFO - Accuracy on batch: 1.000000
2019-08-06 12:45:09,936 - robustness - INFO - Epoch: 0054    cost: 0.441808657 
2019-08-06 12:45:09,936 - robustness - INFO - Accuracy on batch: 0.968750
2019-08-06 12:45:12,275 - robustness - INFO - Epoch: 0055    cost: 0.445312347 
2019-08-06 12:45:12,275 - robustness - INFO - Accuracy on batch: 1.000000
2019-08-06 12:45:14,620 - robustness - INFO - Epoch: 0056    cost: 0.446847467 
2019-08-06 12:45:14,620 - robustness - INFO - Accuracy on batch: 0.968750
2019-08-06 12:45:16,960 - robustness - INFO - Epoch: 0057    cost: 0.442644032 
2019-08-06 12:45:16,960 - robustness - INFO - Accuracy on batch: 0.968750
2019-08-06 12:45:19,468 - robustness - INFO - Epoch: 0058    cost: 0.443525440 
2019-08-06 12:45:19,470 - robustness - INFO - Accuracy on batch: 0.968750
2019-08-06 12:45:21,889 - robustness - INFO - Epoch: 0059    cost: 0.444186130 
2019-08-06 12:45:21,889 - robustness - INFO - Accuracy on batch: 0.968750
2019-08-06 12:45:24,310 - robustness - INFO - Epoch: 0060    cost: 0.440092033 
2019-08-06 12:45:24,311 - robustness - INFO - Accuracy on batch: 1.000000
2019-08-06 12:45:26,622 - robustness - INFO - Epoch: 0061    cost: 0.442407203 
2019-08-06 12:45:26,622 - robustness - INFO - Accuracy on batch: 1.000000
2019-08-06 12:45:28,956 - robustness - INFO - Epoch: 0062    cost: 0.444358337 
2019-08-06 12:45:28,956 - robustness - INFO - Accuracy on batch: 0.968750
2019-08-06 12:45:31,341 - robustness - INFO - Epoch: 0063    cost: 0.441040384 
2019-08-06 12:45:31,342 - robustness - INFO - Accuracy on batch: 1.000000
2019-08-06 12:45:33,714 - robustness - INFO - Epoch: 0064    cost: 0.440141313 
2019-08-06 12:45:33,715 - robustness - INFO - Accuracy on batch: 0.968750
2019-08-06 12:45:36,173 - robustness - INFO - Epoch: 0065    cost: 0.445972278 
2019-08-06 12:45:36,174 - robustness - INFO - Accuracy on batch: 0.968750
2019-08-06 12:45:38,577 - robustness - INFO - Epoch: 0066    cost: 0.445074212 
2019-08-06 12:45:38,577 - robustness - INFO - Accuracy on batch: 0.968750
2019-08-06 12:45:40,985 - robustness - INFO - Epoch: 0067    cost: 0.446490021 
2019-08-06 12:45:40,985 - robustness - INFO - Accuracy on batch: 1.000000
2019-08-06 12:45:43,397 - robustness - INFO - Epoch: 0068    cost: 0.443642840 
2019-08-06 12:45:43,397 - robustness - INFO - Accuracy on batch: 0.968750
2019-08-06 12:45:45,826 - robustness - INFO - Epoch: 0069    cost: 0.443492136 
2019-08-06 12:45:45,826 - robustness - INFO - Accuracy on batch: 1.000000
2019-08-06 12:45:48,253 - robustness - INFO - Epoch: 0070    cost: 0.445239945 
2019-08-06 12:45:48,254 - robustness - INFO - Accuracy on batch: 1.000000
2019-08-06 12:45:48,254 - robustness - INFO - Optimization Finished!
2019-08-06 12:45:48,628 - robustness - INFO - Final Train Loss 0.191511
2019-08-06 12:45:48,628 - robustness - INFO - Final Train Accuracy 0.943433:
2019-08-06 12:45:49,177 - robustness - INFO - ----Regular test accuracy and loss ----
2019-08-06 12:45:49,177 - robustness - INFO - (0.21541685, 0.9385)
2019-08-06 12:45:49,178 - robustness - INFO - ----FGSM test accuracy and loss ----
2019-08-06 12:45:49,178 - robustness - INFO - (4.516582, 0.2345)
2019-08-06 12:45:58,994 - robustness - INFO - ----PGD test accuracy and loss ----
2019-08-06 12:45:58,994 - robustness - INFO - (12.065553, 0.0783)
2019-08-06 12:45:59,190 - robustness - INFO - [23.436884, 4.6997, 2.8007762, 1.6223694, 1.4685857, 1.5694603, 1.4128212, 1.4283097]
2019-08-06 12:46:19,838 - robustness - INFO - ---Distances----
2019-08-06 12:46:19,838 - robustness - INFO - [1.7076006 2.5921235 2.5732467 3.4120953 4.31576   5.6463065 6.7571893]
2019-08-06 12:46:19,839 - robustness - INFO - ------Std devs on Distances----
2019-08-06 12:46:19,839 - robustness - INFO - [0.13934796 0.685031   0.74497706 0.98351085 1.2401688  1.6287695
 1.9119254 ]
